[2026-02-08T20:18:36.777Z] [INFO] Pool MySQL creato
[2026-02-09T15:41:44.504Z] [INFO] Pool MySQL creato
[2026-02-09T15:42:20.084Z] [ERROR] SQL ERROR: SELECT * FROM `users` | params=[] | 
[2026-02-09T15:43:18.823Z] [ERROR] SQL ERROR: SELECT * FROM `users` | params=[] | 
[2026-02-11T11:53:49.570Z] [INFO] Pool MySQL creato
[2026-02-11T16:24:39.068Z] [INFO] [SQL] SELECT * FROM users WHERE username = ? :: ["rossi"]
[2026-02-11T16:24:44.940Z] [INFO] [SQL] SELECT * FROM users WHERE username = ? :: ["rossi"]
[2026-02-11T16:28:26.176Z] [INFO] [SQL] SELECT * FROM users WHERE username = ? :: ["mrossi"]
[2026-02-11T16:30:12.992Z] [INFO] [SQL] SELECT * FROM users WHERE username = ? :: ["mrossi"]
[2026-02-11T16:30:15.510Z] [INFO] [SQL] SELECT * FROM users WHERE username = ? :: ["mrossi"]
[2026-02-11T16:30:17.730Z] [INFO] [SQL] SELECT * FROM users WHERE username = ? :: ["mrossi"]
[2026-02-11T16:32:58.261Z] [INFO] [SQL] SELECT * FROM users WHERE username = ? :: ["mrossi"]
[2026-02-11T16:35:26.499Z] [INFO] [SQL] SELECT * FROM users WHERE username = ? :: ["mrossi"]
[2026-02-11T16:38:50.381Z] [INFO] [SQL] SELECT * FROM users WHERE username = ? :: ["mrossi"]
[2026-02-11T16:46:56.299Z] [INFO] [SQL] SELECT * FROM users WHERE username = ? :: ["mrossi"]
[2026-02-11T16:47:30.016Z] [INFO] [SQL] SELECT * FROM private_docs :: []
[2026-02-11T16:48:02.200Z] [INFO] [SQL] SELECT * FROM users_public WHERE id = ? :: [1]
[2026-02-11T16:48:04.765Z] [INFO] [SQL] SELECT * FROM users_public :: []
[2026-02-11T16:58:30.133Z] [INFO] [SQL] SELECT * FROM users WHERE email = ? :: ["marcello.rossi@vallauri.edu"]
[2026-02-11T16:58:43.725Z] [INFO] [SQL] SELECT * FROM users WHERE username = ? :: ["marcello.rossi"]
[2026-02-11T16:58:43.730Z] [INFO] [SQL] INSERT INTO users (`username`, `display_name`, `role`, `email`, `phone`, `private_note`) VALUES (?, ?, ?, ?, ?, ?) :: ["marcello.rossi","Marcello Rossi","student","marcello.rossi@vallauri.edu",null,"Creato automaticamente via OAuth (demo)."]
[2026-02-11T16:58:43.736Z] [INFO] [SQL] SELECT * FROM users WHERE id = ? :: [5]
[2026-02-11T16:58:59.785Z] [INFO] [SQL] SELECT * FROM users_public :: []
[2026-02-11T16:59:29.146Z] [INFO] [SQL] SELECT * FROM users WHERE username = ? :: ["mrossi"]
[2026-02-11T16:59:53.496Z] [INFO] [SQL] SELECT * FROM users WHERE username = ? :: ["mrossi"]
[2026-02-11T17:00:03.665Z] [INFO] [SQL] SELECT * FROM users WHERE id = ? :: [5]
[2026-02-11T17:00:10.879Z] [INFO] [SQL] SELECT * FROM private_docs WHERE owner_userid = ? :: [5]
[2026-02-11T18:16:54.678Z] [INFO] [SQL] SELECT * FROM users WHERE username = ? :: ["mrossi"]
[2026-02-11T18:17:00.859Z] [INFO] [SQL] SELECT * FROM users :: []
[2026-02-11T18:17:06.175Z] [INFO] [SQL] SELECT * FROM users WHERE id = ? :: [1]
[2026-02-11T18:17:07.982Z] [INFO] [SQL] SELECT * FROM private_docs :: []
[2026-02-11T19:18:43.233Z] [INFO] [SQL] SELECT * FROM users_public :: []
[2026-02-11T19:18:49.482Z] [INFO] [SQL] SELECT * FROM users_public WHERE id = ? :: [1]
[2026-02-11T19:20:53.746Z] [INFO] [SQL] SELECT * FROM users WHERE username = ? :: ["mrossi"]
[2026-02-11T19:20:58.716Z] [INFO] [SQL] SELECT * FROM users :: []
[2026-02-11T19:21:20.528Z] [INFO] [SQL] SELECT * FROM private_docs :: []
[2026-02-11T19:21:22.065Z] [INFO] [SQL] SELECT * FROM users WHERE id = ? :: [1]
[2026-02-11T19:21:55.704Z] [INFO] [SQL] SELECT * FROM users WHERE username = ? :: ["mrossi"]
[2026-02-11T19:22:01.382Z] [INFO] [SQL] SELECT * FROM users WHERE id = ? :: [1]
[2026-02-11T19:22:03.166Z] [INFO] [SQL] SELECT * FROM private_docs :: []
[2026-02-11T19:22:07.097Z] [INFO] [SQL] SELECT * FROM users :: []
[2026-02-11T19:22:26.552Z] [INFO] [SQL] SELECT * FROM private_docs :: []
[2026-02-11T19:22:27.670Z] [INFO] [SQL] SELECT * FROM users WHERE id = ? :: [1]
[2026-02-11T19:22:28.899Z] [INFO] [SQL] SELECT * FROM users :: []
[2026-02-11T19:22:36.973Z] [INFO] [SQL] SELECT * FROM users WHERE email = ? :: ["marcello.rossi@vallauri.edu"]
[2026-02-11T19:22:40.682Z] [INFO] [SQL] SELECT * FROM users WHERE id = ? :: [5]
[2026-02-11T19:22:45.466Z] [INFO] [SQL] SELECT * FROM private_docs WHERE owner_userid = ? :: [5]
[2026-02-11T19:23:00.798Z] [INFO] [SQL] SELECT * FROM users WHERE id = ? :: [5]
[2026-02-11T19:23:01.247Z] [INFO] [SQL] SELECT * FROM users WHERE id = ? :: [5]
[2026-02-11T19:23:01.487Z] [INFO] [SQL] SELECT * FROM users WHERE id = ? :: [5]
[2026-02-11T19:23:04.285Z] [INFO] [SQL] SELECT * FROM private_docs WHERE owner_userid = ? :: [5]
[2026-02-11T19:23:04.481Z] [INFO] [SQL] SELECT * FROM private_docs WHERE owner_userid = ? :: [5]
[2026-02-11T19:33:52.418Z] [INFO] [SQL] SELECT * FROM private_docs WHERE owner_userid = ? :: [5]
[2026-02-11T20:04:04.371Z] [INFO] [SQL] SELECT * FROM users WHERE email = ? :: ["marcello.rossi@vallauri.edu"]
[2026-02-11T20:04:04.423Z] [INFO] [SQL] SELECT * FROM users WHERE username = ? :: ["marcello.rossi"]
[2026-02-11T20:04:04.425Z] [INFO] [SQL] INSERT INTO users (`username`, `display_name`, `role`, `email`, `phone`, `private_note`) VALUES (?, ?, ?, ?, ?, ?) :: ["marcello.rossi","Marcello Rossi","student","marcello.rossi@vallauri.edu",null,"Creato automaticamente via OAuth (demo)."]
[2026-02-11T20:04:04.430Z] [INFO] [SQL] SELECT * FROM users WHERE id = ? :: [6]
[2026-02-11T20:04:07.336Z] [INFO] [SQL] SELECT * FROM users WHERE id = ? :: [6]
[2026-02-11T20:04:13.380Z] [INFO] [SQL] SELECT * FROM private_docs WHERE owner_userid = ? :: [6]
[2026-02-11T20:05:48.254Z] [INFO] [SQL] SELECT * FROM users WHERE email = ? :: ["marcello.rossi@vallauri.edu"]
[2026-02-11T20:05:55.004Z] [INFO] [SQL] SELECT * FROM users WHERE username = ? :: ["marcello.rossi"]
[2026-02-11T20:06:31.391Z] [INFO] [SQL] INSERT INTO users (`username`, `display_name`, `role`, `email`, `phone`, `private_note`) VALUES (?, ?, ?, ?, ?, ?) :: ["marcello.rossi","Marcello Rossi","student","marcello.rossi@vallauri.edu",null,"Creato automaticamente via OAuth (demo)."]
[2026-02-11T20:06:31.398Z] [INFO] [SQL] SELECT * FROM users WHERE id = ? :: [7]
[2026-02-11T20:07:41.367Z] [INFO] [SQL] SELECT * FROM users WHERE email = ? :: ["marcello.rossi@vallauri.edu"]
[2026-02-11T20:07:44.676Z] [INFO] [SQL] SELECT * FROM users WHERE id = ? :: [7]
[2026-02-11T20:09:11.209Z] [INFO] [SQL] SELECT * FROM users WHERE email = ? :: ["marcello.rossi@vallauri.edu"]
[2026-02-11T20:09:11.212Z] [INFO] [SQL] SELECT * FROM users WHERE username = ? :: ["marcello.rossi"]
[2026-02-11T20:09:11.214Z] [INFO] [SQL] INSERT INTO users (`username`, `display_name`, `role`, `email`, `phone`, `private_note`) VALUES (?, ?, ?, ?, ?, ?) :: ["marcello.rossi","Marcello Rossi","teacher","marcello.rossi@vallauri.edu",null,"Creato automaticamente via OAuth (demo)."]
[2026-02-11T20:09:11.220Z] [INFO] [SQL] SELECT * FROM users WHERE id = ? :: [8]
[2026-02-11T20:09:55.772Z] [INFO] [SQL] SELECT * FROM users :: []
[2026-02-11T20:09:59.933Z] [INFO] [SQL] SELECT * FROM users WHERE id = ? :: [1]
[2026-02-11T20:10:01.906Z] [INFO] [SQL] SELECT * FROM private_docs :: []
[2026-02-12T08:00:30.655Z] [INFO] [SQL] SELECT * FROM users WHERE username = ? :: ["mrossi"]
[2026-02-12T08:00:38.182Z] [INFO] [SQL] SELECT * FROM users :: []
[2026-02-12T08:00:40.485Z] [INFO] [SQL] SELECT * FROM users WHERE id = ? :: [1]
[2026-02-12T08:00:42.466Z] [INFO] [SQL] SELECT * FROM private_docs :: []
[2026-02-12T08:01:00.017Z] [INFO] [SQL] SELECT * FROM users WHERE username = ? :: ["mrossi"]
[2026-02-12T08:01:03.042Z] [INFO] [SQL] SELECT * FROM users :: []
[2026-02-12T08:01:06.193Z] [INFO] [SQL] SELECT * FROM users WHERE id = ? :: [1]
[2026-02-12T08:01:07.764Z] [INFO] [SQL] SELECT * FROM private_docs :: []
[2026-02-12T08:01:22.216Z] [INFO] [SQL] SELECT * FROM users WHERE email = ? :: ["marcello.rossi@vallauri.edu"]
[2026-02-12T08:01:22.220Z] [INFO] [SQL] SELECT * FROM users WHERE username = ? :: ["marcello.rossi"]
[2026-02-12T08:01:22.223Z] [INFO] [SQL] INSERT INTO users (`username`, `display_name`, `role`, `email`, `phone`, `private_note`) VALUES (?, ?, ?, ?, ?, ?) :: ["marcello.rossi","Marcello Rossi","teacher","marcello.rossi@vallauri.edu",null,"Creato automaticamente via OAuth."]
[2026-02-12T08:01:22.228Z] [INFO] [SQL] SELECT * FROM users WHERE id = ? :: [5]
[2026-02-12T08:01:25.935Z] [INFO] [SQL] SELECT * FROM users :: []
[2026-02-12T08:01:27.907Z] [INFO] [SQL] SELECT * FROM users WHERE id = ? :: [1]
[2026-02-12T08:01:29.774Z] [INFO] [SQL] SELECT * FROM private_docs :: []
[2026-02-12T12:19:25.461Z] [INFO] [SQL] SELECT * FROM users WHERE username = ? :: ["mrossi"]
[2026-02-12T12:19:56.009Z] [INFO] [SQL] SELECT * FROM users WHERE username = ? :: ["mrossi"]
[2026-02-12T12:20:00.406Z] [INFO] [SQL] SELECT * FROM users :: []
[2026-02-12T12:20:02.875Z] [INFO] [SQL] SELECT * FROM users WHERE id = ? :: [1]
[2026-02-12T12:20:04.333Z] [INFO] [SQL] SELECT * FROM private_docs :: []
[2026-02-12T12:20:13.979Z] [INFO] [SQL] SELECT * FROM users WHERE username = ? :: ["mrossi"]
[2026-02-12T12:20:15.399Z] [INFO] [SQL] SELECT * FROM users :: []
[2026-02-12T12:20:17.865Z] [INFO] [SQL] SELECT * FROM users WHERE id = ? :: [1]
[2026-02-12T12:20:19.552Z] [INFO] [SQL] SELECT * FROM private_docs :: []
[2026-03-07T17:04:07.229Z] [INFO] [SQL] SELECT * FROM utenti WHERE email = ? :: ["kevin.deda@gmail.com"]
[2026-03-07T17:04:20.686Z] [INFO] [SQL] SELECT * FROM utenti WHERE email = ? :: ["kevin.deda@gmail.com"]
[2026-03-07T17:04:55.945Z] [INFO] [SQL] SELECT * FROM utenti WHERE email = ? :: ["kevin.deda@gmail.com"]
[2026-03-07T17:05:21.917Z] [INFO] [SQL] SELECT * FROM utenti WHERE email = ? :: ["kevin.deda@gmail.com"]
[2026-03-09T17:08:53.521Z] [INFO] [SQL] SELECT * FROM medici WHERE email = ? :: ["irma.lavic@gmail.com"]
[2026-03-09T17:14:36.474Z] [INFO] [SQL] SELECT * FROM utenti WHERE email = ? :: ["kevin.deda@gmail.com"]
[2026-03-09T17:14:44.062Z] [INFO] [SQL] SELECT * FROM utenti WHERE email = ? :: ["kevin.deda@gmail.com"]
[2026-03-09T17:16:23.501Z] [INFO] [SQL] SELECT * FROM visite WHERE IdMedico = ? and DataOrario >= ? and DataOrario <= ? :: ["2","2026-03-06 00:00:01","2026-03-06 23:59:59"]
[2026-03-09T17:17:14.252Z] [INFO] [SQL] SELECT * FROM visite WHERE IdMedico = ? and DataOrario >= ? and DataOrario <= ? :: ["2","2026-03-06 00:00:01","2026-03-06 23:59:59"]
[2026-03-09T17:17:21.923Z] [INFO] [SQL] SELECT * FROM visite WHERE IdMedico = ? and DataOrario >= ? and DataOrario <= ? :: ["2","2026-03-06 00:00:01","2026-03-06 23:59:59"]
[2026-03-09T17:17:46.677Z] [INFO] [SQL] SELECT * FROM visite WHERE IdMedico = ? and DataOrario >= ? and DataOrario <= ? :: ["2","2026-03-06 00:00:01","2026-03-06 23:59:59"]
[2026-03-09T17:19:01.393Z] [INFO] [SQL] SELECT * FROM visite WHERE IdMedico = ? and DataOrario >= ? and DataOrario <= ? :: ["2","2026-03-06 00:00:01","2026-03-06 23:59:59"]
[2026-03-09T17:23:30.521Z] [INFO] [SQL] SELECT * FROM visite WHERE IdMedico = ? and DataOrario >= ? and DataOrario <= ? :: ["2","2026-03-06 00:00:01","2026-03-06 23:59:59"]
[2026-03-09T17:25:00.560Z] [INFO] [SQL] SELECT * FROM visite WHERE IdMedico = ? and DataOrario >= ? and DataOrario <= ? :: ["2","2026-03-06 00:00:01","2026-03-06 23:59:59"]
[2026-03-09T17:25:37.063Z] [INFO] [SQL] SELECT * FROM visite WHERE IdMedico = ? and DataOrario >= ? and DataOrario <= ? :: ["2","2026-03-06 00:00:01","2026-03-06 23:59:59"]
[2026-03-09T17:26:28.256Z] [INFO] [SQL] SELECT * FROM visite WHERE IdMedico = ? and DataOrario >= ? and DataOrario <= ? :: ["2","2026-03-06 00:00:01","2026-03-06 23:59:59"]
[2026-03-09T17:26:29.330Z] [INFO] [SQL] SELECT * FROM visite WHERE IdMedico = ? and DataOrario >= ? and DataOrario <= ? :: ["2","2026-03-06 00:00:01","2026-03-06 23:59:59"]
[2026-03-09T17:26:29.896Z] [INFO] [SQL] SELECT * FROM visite WHERE IdMedico = ? and DataOrario >= ? and DataOrario <= ? :: ["2","2026-03-06 00:00:01","2026-03-06 23:59:59"]
[2026-03-09T17:26:30.322Z] [INFO] [SQL] SELECT * FROM visite WHERE IdMedico = ? and DataOrario >= ? and DataOrario <= ? :: ["2","2026-03-06 00:00:01","2026-03-06 23:59:59"]
[2026-03-09T17:26:30.732Z] [INFO] [SQL] SELECT * FROM visite WHERE IdMedico = ? and DataOrario >= ? and DataOrario <= ? :: ["2","2026-03-06 00:00:01","2026-03-06 23:59:59"]
[2026-03-09T17:28:12.068Z] [INFO] [SQL] SELECT * FROM visite WHERE IdMedico = ? and DataOrario >= ? and DataOrario <= ? :: ["2","2026-03-06 00:00:01","2026-03-06 23:59:59"]
[2026-03-09T17:28:26.457Z] [INFO] [SQL] SELECT * FROM visite WHERE IdMedico = ? and DataOrario >= ? and DataOrario <= ? :: ["2","2026-03-06 00:00:01","2026-03-06 23:59:59"]
[2026-03-09T17:37:56.921Z] [INFO] [SQL] INSERT INTO visite (`IdVisita`, `IdUtente`, `IdMedico`, `DataOrario`) VALUES (?, ?, ?, ?) :: [null,1,2,"2026-03-20 16:00:00"]
[2026-03-09T17:49:50.370Z] [INFO] [SQL] DELETE FROM visite WHERE IdVisita = ? :: ["7"]
[2026-03-10T15:51:12.363Z] [INFO] [SQL] SELECT * FROM medici WHERE email = ? :: ["antonio.geremia@gmail.com"]
[2026-03-10T15:56:20.523Z] [INFO] [SQL] SELECT * FROM utenti WHERE email = ? :: ["kevin.deda@gmail.com"]
[2026-03-10T16:01:59.707Z] [INFO] [SQL] SELECT * FROM medici WHERE email = ? :: ["antonio.geremia@gmail.com"]
[2026-03-10T16:11:43.714Z] [INFO] [SQL] SELECT * FROM utenti WHERE email = ? :: ["kevin.deda@gmail.com"]
[2026-03-10T16:12:32.635Z] [INFO] [SQL] SELECT * FROM medici WHERE email = ? :: ["antonio.geremia@gmail.com"]
[2026-03-10T16:17:14.876Z] [INFO] [SQL] SELECT * FROM medici WHERE email = ? :: ["antonio.geremia@gmail.com"]
[2026-03-10T16:18:34.998Z] [INFO] [SQL] SELECT * FROM medici WHERE email = ? :: ["antonio.geremia@gmail.com"]
[2026-03-10T16:25:31.408Z] [INFO] [SQL] SELECT * FROM medici WHERE email = ? :: ["antonio.geremia@gmail.com"]
[2026-03-10T16:26:15.747Z] [INFO] [SQL] SELECT * FROM medici WHERE email = ? :: ["antonio.geremia@gmail.com"]
[2026-03-10T16:26:22.732Z] [INFO] [SQL] SELECT * FROM medici WHERE email = ? :: ["antonio.geremia@gmail.com"]
[2026-03-10T16:26:23.500Z] [INFO] [SQL] SELECT * FROM medici WHERE email = ? :: ["antonio.geremia@gmail.com"]
[2026-03-10T16:26:24.646Z] [INFO] [SQL] SELECT * FROM medici WHERE email = ? :: ["antonio.geremia@gmail.com"]
[2026-03-10T16:28:07.120Z] [INFO] [SQL] SELECT * FROM medici WHERE email = ? :: ["antonio.geremia@gmail.com"]
[2026-03-10T16:28:27.952Z] [INFO] [SQL] SELECT * FROM medici WHERE email = ? :: ["antonio.geremia@gmail.com"]
[2026-03-10T16:30:16.584Z] [INFO] [SQL] SELECT * FROM medici WHERE email = ? :: ["antonio.geremia@gmail.com"]
[2026-03-10T16:32:00.158Z] [INFO] [SQL] SELECT * FROM medici WHERE email = ? :: ["antonio.geremia@gmail.com"]
[2026-03-10T16:32:35.097Z] [INFO] [SQL] SELECT * FROM medici :: []
[2026-03-10T16:32:49.405Z] [INFO] [SQL] SELECT * FROM utenti :: []
[2026-03-10T16:33:37.139Z] [INFO] [SQL] SELECT * FROM utenti :: []
[2026-03-10T16:34:31.743Z] [INFO] [SQL] SELECT * FROM medici WHERE email = ? :: ["antonio.geremia@gmail.com"]
[2026-03-10T16:41:35.850Z] [INFO] [SQL] SELECT * FROM medici WHERE email = ? :: ["antonio.geremia@gmail.com"]
[2026-03-10T16:41:36.088Z] [INFO] [SQL] SELECT * FROM visite WHERE IdMedico = ? and DataOrario >= ? and DataOrario <= ? :: [null,"2026-03-09","2026-03-13"]
[2026-03-10T16:42:56.131Z] [INFO] [SQL] SELECT * FROM medici WHERE email = ? :: ["antonio.geremia@gmail.com"]
[2026-03-10T16:42:56.398Z] [INFO] [SQL] SELECT * FROM visite WHERE IdMedico = ? and DataOrario >= ? and DataOrario <= ? :: [1,"2026-03-09","2026-03-13"]
[2026-03-10T16:44:31.125Z] [INFO] [SQL] SELECT * FROM medici WHERE email = ? :: ["antonio.geremia@gmail.com"]
[2026-03-10T16:44:31.396Z] [INFO] [SQL] SELECT * FROM visite WHERE IdMedico = ? and DataOrario >= ? and DataOrario <= ? :: [1,"2026-03-09","2026-03-13"]
[2026-03-10T16:45:20.739Z] [INFO] [SQL] SELECT * FROM medici WHERE email = ? :: ["antonio.geremia@gmail.com"]
[2026-03-10T16:45:20.996Z] [INFO] [SQL] SELECT * FROM visite WHERE IdMedico = ? and DataOrario >= ? and DataOrario <= ? :: [1,"2026-03-09","2026-03-13"]
[2026-03-10T16:49:20.892Z] [INFO] [SQL] SELECT * FROM medici WHERE email = ? :: ["antonio.geremia@gmial.com"]
[2026-03-10T16:49:32.510Z] [INFO] [SQL] SELECT * FROM medici WHERE email = ? :: ["antonio.geremia@gmail.com"]
[2026-03-10T16:49:32.765Z] [INFO] [SQL] SELECT * FROM visite WHERE IdMedico = ? and DataOrario >= ? and DataOrario <= ? :: [1,"2026-03-09","2026-03-13"]
[2026-03-10T16:50:10.426Z] [INFO] [SQL] SELECT * FROM medici WHERE email = ? :: ["antonio.geremia@gmail.com"]
[2026-03-10T16:50:10.705Z] [INFO] [SQL] SELECT * FROM visite WHERE IdMedico = ? and DataOrario >= ? and DataOrario <= ? :: [1,"2026-03-09","2026-03-13"]
[2026-03-10T16:52:12.733Z] [INFO] [SQL] SELECT * FROM medici WHERE email = ? :: ["antonio.geremia@gmail.com"]
[2026-03-10T16:52:13.063Z] [INFO] [SQL] SELECT * FROM visite WHERE IdMedico = ? and DataOrario >= ? and DataOrario <= ? :: [1,"2026-03-09","2026-03-13"]
[2026-03-10T16:52:36.323Z] [INFO] [SQL] SELECT * FROM medici WHERE email = ? :: ["antonio.geremia@gmail.com"]
[2026-03-10T16:52:36.643Z] [INFO] [SQL] SELECT * FROM visite WHERE IdMedico = ? and DataOrario >= ? and DataOrario <= ? :: [1,"2026-03-09","2026-03-13"]
[2026-03-10T16:56:12.035Z] [INFO] [SQL] SELECT * FROM utenti WHERE email = ? :: ["kevin.deda@gmail.com"]
[2026-03-10T16:56:12.377Z] [INFO] [SQL] SELECT * FROM visite WHERE IdUtente = ? :: [1]
[2026-03-10T16:56:12.383Z] [INFO] [SQL] SELECT * FROM utenti WHERE IdUtente = ? :: [1]
[2026-03-10T16:56:12.385Z] [INFO] [SQL] SELECT * FROM medici WHERE IdMedico = ? :: [1]
[2026-03-10T16:56:12.388Z] [INFO] [SQL] SELECT * FROM utenti WHERE IdUtente = ? :: [1]
[2026-03-10T16:56:12.389Z] [INFO] [SQL] SELECT * FROM medici WHERE IdMedico = ? :: [1]
[2026-03-10T16:56:12.390Z] [INFO] [SQL] SELECT * FROM utenti WHERE IdUtente = ? :: [1]
[2026-03-10T16:56:12.392Z] [INFO] [SQL] SELECT * FROM medici WHERE IdMedico = ? :: [1]
[2026-03-10T17:05:01.421Z] [INFO] [SQL] SELECT * FROM medici WHERE email = ? :: ["antonio.geremia@gmail.com"]
[2026-03-10T17:05:01.779Z] [INFO] [SQL] SELECT * FROM visite WHERE IdMedico = ? and DataOrario >= ? and DataOrario <= ? :: [1,"2026-03-09","2026-03-13"]
[2026-03-10T17:27:30.824Z] [INFO] [SQL] SELECT * FROM utenti WHERE email = ? :: ["kevin.deda@gmail.com"]
[2026-03-10T17:27:31.100Z] [INFO] [SQL] SELECT * FROM medici :: []
[2026-03-10T17:27:31.103Z] [INFO] [SQL] SELECT * FROM visite WHERE IdUtente = ? :: [1]
[2026-03-10T17:27:31.108Z] [INFO] [SQL] SELECT * FROM specializzazioni WHERE IdSpecializzazione = ? :: [null]
[2026-03-10T17:27:31.113Z] [INFO] [SQL] SELECT * FROM utenti WHERE IdUtente = ? :: [1]
[2026-03-10T17:27:31.115Z] [INFO] [SQL] SELECT * FROM medici WHERE IdMedico = ? :: [1]
[2026-03-10T17:27:31.117Z] [INFO] [SQL] SELECT * FROM specializzazioni WHERE IdSpecializzazione = ? :: [null]
[2026-03-10T17:27:31.121Z] [INFO] [SQL] SELECT * FROM visite WHERE IdUtente = ? :: [1]
[2026-03-10T17:27:31.122Z] [INFO] [SQL] SELECT * FROM utenti WHERE IdUtente = ? :: [1]
[2026-03-10T17:27:31.123Z] [INFO] [SQL] SELECT * FROM medici WHERE IdMedico = ? :: [1]
[2026-03-10T17:27:31.124Z] [INFO] [SQL] SELECT * FROM specializzazioni WHERE IdSpecializzazione = ? :: [null]
[2026-03-10T17:29:28.037Z] [INFO] [SQL] SELECT * FROM utenti WHERE email = ? :: ["kevin.deda@gmail.com"]
[2026-03-10T17:29:28.347Z] [INFO] [SQL] SELECT * FROM medici :: []
[2026-03-10T17:29:28.352Z] [INFO] [SQL] SELECT * FROM visite WHERE IdUtente = ? :: [1]
[2026-03-10T17:29:28.356Z] [INFO] [SQL] SELECT * FROM specializzazioni WHERE IdSpecializzazione = ? :: [null]
[2026-03-10T17:29:28.361Z] [INFO] [SQL] SELECT * FROM utenti WHERE IdUtente = ? :: [1]
[2026-03-10T17:29:28.363Z] [INFO] [SQL] SELECT * FROM medici WHERE IdMedico = ? :: [1]
[2026-03-10T17:29:28.365Z] [INFO] [SQL] SELECT * FROM specializzazioni WHERE IdSpecializzazione = ? :: [null]
[2026-03-10T17:29:28.368Z] [INFO] [SQL] SELECT * FROM visite WHERE IdUtente = ? :: [1]
[2026-03-10T17:29:28.369Z] [INFO] [SQL] SELECT * FROM utenti WHERE IdUtente = ? :: [1]
[2026-03-10T17:29:28.371Z] [INFO] [SQL] SELECT * FROM medici WHERE IdMedico = ? :: [1]
[2026-03-10T17:29:28.372Z] [INFO] [SQL] SELECT * FROM specializzazioni WHERE IdSpecializzazione = ? :: [null]
[2026-03-10T17:30:27.880Z] [INFO] [SQL] SELECT * FROM utenti WHERE email = ? :: ["kevin.deda@gmail.com"]
[2026-03-10T17:30:28.162Z] [INFO] [SQL] SELECT * FROM medici :: []
[2026-03-10T17:30:28.166Z] [INFO] [SQL] SELECT * FROM visite WHERE IdUtente = ? :: [1]
[2026-03-10T17:30:28.169Z] [INFO] [SQL] SELECT * FROM specializzazioni WHERE IdSpecializzazione = ? :: [null]
[2026-03-10T17:30:28.173Z] [INFO] [SQL] SELECT * FROM utenti WHERE IdUtente = ? :: [1]
[2026-03-10T17:30:28.176Z] [INFO] [SQL] SELECT * FROM medici WHERE IdMedico = ? :: [1]
[2026-03-10T17:30:28.177Z] [INFO] [SQL] SELECT * FROM specializzazioni WHERE IdSpecializzazione = ? :: [null]
[2026-03-10T17:30:28.180Z] [INFO] [SQL] SELECT * FROM visite WHERE IdUtente = ? :: [1]
[2026-03-10T17:30:28.181Z] [INFO] [SQL] SELECT * FROM utenti WHERE IdUtente = ? :: [1]
[2026-03-10T17:30:28.183Z] [INFO] [SQL] SELECT * FROM medici WHERE IdMedico = ? :: [1]
[2026-03-10T17:30:28.184Z] [INFO] [SQL] SELECT * FROM specializzazioni WHERE IdSpecializzazione = ? :: [null]
[2026-03-10T17:31:33.297Z] [INFO] [SQL] SELECT * FROM utenti WHERE email = ? :: ["kevin.deda@gmail.com"]
[2026-03-10T17:31:33.526Z] [INFO] [SQL] SELECT * FROM medici :: []
[2026-03-10T17:31:33.528Z] [INFO] [SQL] SELECT * FROM visite WHERE IdUtente = ? :: [1]
[2026-03-10T17:31:33.532Z] [INFO] [SQL] SELECT * FROM specializzazioni WHERE IdSpecializzazione = ? :: [null]
[2026-03-10T17:31:33.536Z] [INFO] [SQL] SELECT * FROM utenti WHERE IdUtente = ? :: [1]
[2026-03-10T17:31:33.537Z] [INFO] [SQL] SELECT * FROM medici WHERE IdMedico = ? :: [1]
[2026-03-10T17:31:33.540Z] [INFO] [SQL] SELECT * FROM specializzazioni WHERE IdSpecializzazione = ? :: [null]
[2026-03-10T17:31:33.544Z] [INFO] [SQL] SELECT * FROM visite WHERE IdUtente = ? :: [1]
[2026-03-10T17:31:33.545Z] [INFO] [SQL] SELECT * FROM utenti WHERE IdUtente = ? :: [1]
[2026-03-10T17:31:33.546Z] [INFO] [SQL] SELECT * FROM medici WHERE IdMedico = ? :: [1]
[2026-03-10T17:31:33.547Z] [INFO] [SQL] SELECT * FROM specializzazioni WHERE IdSpecializzazione = ? :: [null]
[2026-03-10T17:33:13.976Z] [INFO] [SQL] SELECT * FROM utenti WHERE email = ? :: ["kevin.deda@gmail.com"]
[2026-03-10T17:33:14.176Z] [INFO] [SQL] SELECT * FROM medici :: []
[2026-03-10T17:33:14.177Z] [INFO] [SQL] SELECT * FROM visite WHERE IdUtente = ? :: [1]
[2026-03-10T17:33:14.180Z] [INFO] [SQL] SELECT * FROM specializzazioni WHERE IdSpecializzazione = ? :: [null]
[2026-03-10T17:33:14.182Z] [INFO] [SQL] SELECT * FROM utenti WHERE IdUtente = ? :: [1]
[2026-03-10T17:33:14.185Z] [INFO] [SQL] SELECT * FROM medici WHERE IdMedico = ? :: [1]
[2026-03-10T17:33:14.188Z] [INFO] [SQL] SELECT * FROM specializzazioni WHERE IdSpecializzazione = ? :: [null]
[2026-03-10T17:33:14.191Z] [INFO] [SQL] SELECT * FROM visite WHERE IdUtente = ? :: [1]
[2026-03-10T17:33:14.193Z] [INFO] [SQL] SELECT * FROM utenti WHERE IdUtente = ? :: [1]
[2026-03-10T17:33:14.195Z] [INFO] [SQL] SELECT * FROM medici WHERE IdMedico = ? :: [1]
[2026-03-10T17:33:14.196Z] [INFO] [SQL] SELECT * FROM specializzazioni WHERE IdSpecializzazione = ? :: [null]
[2026-03-10T17:34:00.754Z] [INFO] [SQL] SELECT * FROM utenti WHERE email = ? :: ["kevin.deda@gmail.com"]
[2026-03-10T17:34:00.982Z] [INFO] [SQL] SELECT * FROM medici :: []
[2026-03-10T17:34:00.984Z] [INFO] [SQL] SELECT * FROM visite WHERE IdUtente = ? :: [1]
[2026-03-10T17:34:00.988Z] [INFO] [SQL] SELECT * FROM specializzazioni WHERE IdSpecializzazione = ? :: [2]
[2026-03-10T17:34:00.990Z] [INFO] [SQL] SELECT * FROM utenti WHERE IdUtente = ? :: [1]
[2026-03-10T17:34:00.991Z] [INFO] [SQL] SELECT * FROM medici WHERE IdMedico = ? :: [1]
[2026-03-10T17:34:00.993Z] [INFO] [SQL] SELECT * FROM specializzazioni WHERE IdSpecializzazione = ? :: [2]
[2026-03-10T17:34:00.995Z] [INFO] [SQL] SELECT * FROM visite WHERE IdUtente = ? :: [1]
[2026-03-10T17:34:00.996Z] [INFO] [SQL] SELECT * FROM utenti WHERE IdUtente = ? :: [1]
[2026-03-10T17:34:00.997Z] [INFO] [SQL] SELECT * FROM medici WHERE IdMedico = ? :: [1]
[2026-03-10T17:34:00.999Z] [INFO] [SQL] SELECT * FROM specializzazioni WHERE IdSpecializzazione = ? :: [2]
[2026-03-10T17:34:55.230Z] [INFO] [SQL] SELECT * FROM utenti WHERE email = ? :: ["kevin.deda@gmail.com"]
[2026-03-10T17:34:55.532Z] [INFO] [SQL] SELECT * FROM medici :: []
[2026-03-10T17:34:55.536Z] [INFO] [SQL] SELECT * FROM visite WHERE IdUtente = ? :: [1]
[2026-03-10T17:34:55.541Z] [INFO] [SQL] SELECT * FROM specializzazioni WHERE IdSpecializzazioni = ? :: [2]
[2026-03-10T17:34:55.545Z] [INFO] [SQL] SELECT * FROM specializzazioni WHERE IdSpecializzazioni = ? :: [3]
[2026-03-10T17:34:55.547Z] [INFO] [SQL] SELECT * FROM utenti WHERE IdUtente = ? :: [1]
[2026-03-10T17:34:55.548Z] [INFO] [SQL] SELECT * FROM specializzazioni WHERE IdSpecializzazioni = ? :: [5]
[2026-03-10T17:34:55.551Z] [INFO] [SQL] SELECT * FROM medici WHERE IdMedico = ? :: [1]
[2026-03-10T17:34:55.554Z] [INFO] [SQL] SELECT * FROM specializzazioni WHERE IdSpecializzazioni = ? :: [2]
[2026-03-10T17:34:55.557Z] [INFO] [SQL] SELECT * FROM utenti WHERE IdUtente = ? :: [1]
[2026-03-10T17:34:55.559Z] [INFO] [SQL] SELECT * FROM medici WHERE IdMedico = ? :: [3]
[2026-03-10T17:34:55.561Z] [INFO] [SQL] SELECT * FROM specializzazioni WHERE IdSpecializzazioni = ? :: [5]
[2026-03-10T17:34:55.562Z] [INFO] [SQL] SELECT * FROM utenti WHERE IdUtente = ? :: [1]
[2026-03-10T17:34:55.563Z] [INFO] [SQL] SELECT * FROM medici WHERE IdMedico = ? :: [2]
[2026-03-10T17:34:55.564Z] [INFO] [SQL] SELECT * FROM specializzazioni WHERE IdSpecializzazioni = ? :: [3]
[2026-03-10T17:34:55.569Z] [INFO] [SQL] SELECT * FROM visite WHERE IdUtente = ? :: [1]
[2026-03-10T17:34:55.570Z] [INFO] [SQL] SELECT * FROM utenti WHERE IdUtente = ? :: [1]
[2026-03-10T17:34:55.571Z] [INFO] [SQL] SELECT * FROM medici WHERE IdMedico = ? :: [1]
[2026-03-10T17:34:55.572Z] [INFO] [SQL] SELECT * FROM specializzazioni WHERE IdSpecializzazioni = ? :: [2]
[2026-03-10T17:34:55.573Z] [INFO] [SQL] SELECT * FROM utenti WHERE IdUtente = ? :: [1]
[2026-03-10T17:34:55.574Z] [INFO] [SQL] SELECT * FROM medici WHERE IdMedico = ? :: [3]
[2026-03-10T17:34:55.576Z] [INFO] [SQL] SELECT * FROM specializzazioni WHERE IdSpecializzazioni = ? :: [5]
[2026-03-10T17:34:55.577Z] [INFO] [SQL] SELECT * FROM utenti WHERE IdUtente = ? :: [1]
[2026-03-10T17:34:55.578Z] [INFO] [SQL] SELECT * FROM medici WHERE IdMedico = ? :: [2]
[2026-03-10T17:34:55.579Z] [INFO] [SQL] SELECT * FROM specializzazioni WHERE IdSpecializzazioni = ? :: [3]
[2026-03-10T17:37:23.689Z] [INFO] [SQL] SELECT * FROM utenti WHERE email = ? :: ["kevin.deda@gmail.com"]
[2026-03-10T17:37:23.988Z] [INFO] [SQL] SELECT * FROM medici :: []
[2026-03-10T17:37:23.999Z] [INFO] [SQL] SELECT * FROM visite WHERE IdUtente = ? :: [1]
[2026-03-10T17:37:24.009Z] [INFO] [SQL] SELECT * FROM visite WHERE IdUtente = ? :: [1]
[2026-03-10T17:37:24.023Z] [INFO] [SQL] SELECT * FROM specializzazioni WHERE IdSpecializzazioni = ? :: [2]
[2026-03-10T17:37:24.031Z] [INFO] [SQL] SELECT * FROM specializzazioni WHERE IdSpecializzazioni = ? :: [3]
[2026-03-10T17:37:24.037Z] [INFO] [SQL] SELECT * FROM utenti WHERE IdUtente = ? :: [1]
[2026-03-10T17:37:24.042Z] [INFO] [SQL] SELECT * FROM specializzazioni WHERE IdSpecializzazioni = ? :: [5]
[2026-03-10T17:37:24.045Z] [INFO] [SQL] SELECT * FROM utenti WHERE IdUtente = ? :: [1]
[2026-03-10T17:37:24.050Z] [INFO] [SQL] SELECT * FROM medici WHERE IdMedico = ? :: [1]
[2026-03-10T17:37:24.055Z] [INFO] [SQL] SELECT * FROM medici WHERE IdMedico = ? :: [1]
[2026-03-10T17:37:24.059Z] [INFO] [SQL] SELECT * FROM specializzazioni WHERE IdSpecializzazioni = ? :: [2]
[2026-03-10T17:37:24.063Z] [INFO] [SQL] SELECT * FROM specializzazioni WHERE IdSpecializzazioni = ? :: [2]
[2026-03-10T17:37:24.067Z] [INFO] [SQL] SELECT * FROM utenti WHERE IdUtente = ? :: [1]
[2026-03-10T17:37:24.071Z] [INFO] [SQL] SELECT * FROM utenti WHERE IdUtente = ? :: [1]
[2026-03-10T17:37:24.074Z] [INFO] [SQL] SELECT * FROM medici WHERE IdMedico = ? :: [3]
[2026-03-10T17:37:24.077Z] [INFO] [SQL] SELECT * FROM medici WHERE IdMedico = ? :: [3]
[2026-03-10T17:37:24.081Z] [INFO] [SQL] SELECT * FROM specializzazioni WHERE IdSpecializzazioni = ? :: [5]
[2026-03-10T17:37:24.085Z] [INFO] [SQL] SELECT * FROM specializzazioni WHERE IdSpecializzazioni = ? :: [5]
[2026-03-10T17:37:24.088Z] [INFO] [SQL] SELECT * FROM utenti WHERE IdUtente = ? :: [1]
[2026-03-10T17:37:24.091Z] [INFO] [SQL] SELECT * FROM utenti WHERE IdUtente = ? :: [1]
[2026-03-10T17:37:24.095Z] [INFO] [SQL] SELECT * FROM medici WHERE IdMedico = ? :: [2]
[2026-03-10T17:37:24.099Z] [INFO] [SQL] SELECT * FROM medici WHERE IdMedico = ? :: [2]
[2026-03-10T17:37:24.104Z] [INFO] [SQL] SELECT * FROM specializzazioni WHERE IdSpecializzazioni = ? :: [3]
[2026-03-10T17:37:24.107Z] [INFO] [SQL] SELECT * FROM specializzazioni WHERE IdSpecializzazioni = ? :: [3]
[2026-03-10T17:40:12.657Z] [INFO] [SQL] SELECT * FROM utenti WHERE email = ? :: ["kevin.deda@gmail.com"]
[2026-03-10T17:40:12.930Z] [INFO] [SQL] SELECT * FROM medici :: []
[2026-03-10T17:40:12.942Z] [INFO] [SQL] SELECT * FROM visite WHERE IdUtente = ? :: [1]
[2026-03-10T17:40:12.945Z] [INFO] [SQL] SELECT * FROM utenti WHERE IdUtente = ? :: [1]
[2026-03-10T17:40:12.949Z] [INFO] [SQL] SELECT * FROM specializzazioni WHERE IdSpecializzazioni = ? :: [2]
[2026-03-10T17:40:12.953Z] [INFO] [SQL] SELECT * FROM medici WHERE IdMedico = ? :: [1]
[2026-03-10T17:40:12.956Z] [INFO] [SQL] SELECT * FROM specializzazioni WHERE IdSpecializzazioni = ? :: [3]
[2026-03-10T17:40:12.961Z] [INFO] [SQL] SELECT * FROM specializzazioni WHERE IdSpecializzazioni = ? :: [2]
[2026-03-10T17:40:12.965Z] [INFO] [SQL] SELECT * FROM specializzazioni WHERE IdSpecializzazioni = ? :: [5]
[2026-03-10T17:40:12.968Z] [INFO] [SQL] SELECT * FROM utenti WHERE IdUtente = ? :: [1]
[2026-03-10T17:40:12.972Z] [INFO] [SQL] SELECT * FROM medici WHERE IdMedico = ? :: [3]
[2026-03-10T17:40:12.978Z] [INFO] [SQL] SELECT * FROM specializzazioni WHERE IdSpecializzazioni = ? :: [5]
[2026-03-10T17:40:12.981Z] [INFO] [SQL] SELECT * FROM utenti WHERE IdUtente = ? :: [1]
[2026-03-10T17:40:12.985Z] [INFO] [SQL] SELECT * FROM medici WHERE IdMedico = ? :: [2]
[2026-03-10T17:40:12.989Z] [INFO] [SQL] SELECT * FROM specializzazioni WHERE IdSpecializzazioni = ? :: [3]
[2026-03-10T17:40:13.004Z] [INFO] [SQL] SELECT * FROM visite WHERE IdUtente = ? :: [1]
[2026-03-10T17:40:13.007Z] [INFO] [SQL] SELECT * FROM utenti WHERE IdUtente = ? :: [1]
[2026-03-10T17:40:13.011Z] [INFO] [SQL] SELECT * FROM medici WHERE IdMedico = ? :: [1]
[2026-03-10T17:40:13.014Z] [INFO] [SQL] SELECT * FROM specializzazioni WHERE IdSpecializzazioni = ? :: [2]
[2026-03-10T17:40:13.018Z] [INFO] [SQL] SELECT * FROM utenti WHERE IdUtente = ? :: [1]
[2026-03-10T17:40:13.021Z] [INFO] [SQL] SELECT * FROM medici WHERE IdMedico = ? :: [3]
[2026-03-10T17:40:13.028Z] [INFO] [SQL] SELECT * FROM specializzazioni WHERE IdSpecializzazioni = ? :: [5]
[2026-03-10T17:40:13.032Z] [INFO] [SQL] SELECT * FROM utenti WHERE IdUtente = ? :: [1]
[2026-03-10T17:40:13.036Z] [INFO] [SQL] SELECT * FROM medici WHERE IdMedico = ? :: [2]
[2026-03-10T17:40:13.040Z] [INFO] [SQL] SELECT * FROM specializzazioni WHERE IdSpecializzazioni = ? :: [3]
[2026-03-10T17:40:43.207Z] [INFO] [SQL] SELECT * FROM utenti WHERE email = ? :: ["kevin.deda@gmail.com"]
[2026-03-10T17:40:43.466Z] [INFO] [SQL] SELECT * FROM medici :: []
[2026-03-10T17:40:43.477Z] [INFO] [SQL] SELECT * FROM visite WHERE IdUtente = ? :: [1]
[2026-03-10T17:40:43.487Z] [INFO] [SQL] SELECT * FROM visite WHERE IdUtente = ? :: [1]
[2026-03-10T17:40:43.491Z] [INFO] [SQL] SELECT * FROM utenti WHERE IdUtente = ? :: [1]
[2026-03-10T17:40:43.495Z] [INFO] [SQL] SELECT * FROM specializzazioni WHERE IdSpecializzazioni = ? :: [2]
[2026-03-10T17:40:43.499Z] [INFO] [SQL] SELECT * FROM medici WHERE IdMedico = ? :: [1]
[2026-03-10T17:40:43.502Z] [INFO] [SQL] SELECT * FROM utenti WHERE IdUtente = ? :: [1]
[2026-03-10T17:40:43.506Z] [INFO] [SQL] SELECT * FROM specializzazioni WHERE IdSpecializzazioni = ? :: [3]
[2026-03-10T17:40:43.510Z] [INFO] [SQL] SELECT * FROM specializzazioni WHERE IdSpecializzazioni = ? :: [2]
[2026-03-10T17:40:43.513Z] [INFO] [SQL] SELECT * FROM specializzazioni WHERE IdSpecializzazioni = ? :: [5]
[2026-03-10T17:40:43.516Z] [INFO] [SQL] SELECT * FROM utenti WHERE IdUtente = ? :: [1]
[2026-03-10T17:40:43.520Z] [INFO] [SQL] SELECT * FROM medici WHERE IdMedico = ? :: [1]
[2026-03-10T17:40:43.523Z] [INFO] [SQL] SELECT * FROM medici WHERE IdMedico = ? :: [3]
[2026-03-10T17:40:43.530Z] [INFO] [SQL] SELECT * FROM specializzazioni WHERE IdSpecializzazioni = ? :: [5]
[2026-03-10T17:40:43.534Z] [INFO] [SQL] SELECT * FROM specializzazioni WHERE IdSpecializzazioni = ? :: [2]
[2026-03-10T17:40:43.538Z] [INFO] [SQL] SELECT * FROM utenti WHERE IdUtente = ? :: [1]
[2026-03-10T17:40:43.542Z] [INFO] [SQL] SELECT * FROM utenti WHERE IdUtente = ? :: [1]
[2026-03-10T17:40:43.546Z] [INFO] [SQL] SELECT * FROM medici WHERE IdMedico = ? :: [2]
[2026-03-10T17:40:43.549Z] [INFO] [SQL] SELECT * FROM medici WHERE IdMedico = ? :: [3]
[2026-03-10T17:40:43.553Z] [INFO] [SQL] SELECT * FROM specializzazioni WHERE IdSpecializzazioni = ? :: [3]
[2026-03-10T17:40:43.556Z] [INFO] [SQL] SELECT * FROM specializzazioni WHERE IdSpecializzazioni = ? :: [5]
[2026-03-10T17:40:43.560Z] [INFO] [SQL] SELECT * FROM utenti WHERE IdUtente = ? :: [1]
[2026-03-10T17:40:43.565Z] [INFO] [SQL] SELECT * FROM medici WHERE IdMedico = ? :: [2]
[2026-03-10T17:40:43.571Z] [INFO] [SQL] SELECT * FROM specializzazioni WHERE IdSpecializzazioni = ? :: [3]
[2026-03-10T17:40:56.645Z] [INFO] [SQL] SELECT * FROM visite WHERE IdMedico = ? and DataOrario >= ? and DataOrario <= ? :: ["undefined","2026-03-26 00:00:01","2026-03-26 23:59:59"]
[2026-03-10T17:42:33.290Z] [INFO] [SQL] SELECT * FROM utenti WHERE email = ? :: ["kevin.deda@gmail.com"]
[2026-03-10T17:42:33.561Z] [INFO] [SQL] SELECT * FROM medici :: []
[2026-03-10T17:42:33.573Z] [INFO] [SQL] SELECT * FROM visite WHERE IdUtente = ? :: [1]
[2026-03-10T17:42:33.577Z] [INFO] [SQL] SELECT * FROM specializzazioni WHERE IdSpecializzazioni = ? :: [2]
[2026-03-10T17:42:33.583Z] [INFO] [SQL] SELECT * FROM utenti WHERE IdUtente = ? :: [1]
[2026-03-10T17:42:33.588Z] [INFO] [SQL] SELECT * FROM specializzazioni WHERE IdSpecializzazioni = ? :: [3]
[2026-03-10T17:42:33.594Z] [INFO] [SQL] SELECT * FROM medici WHERE IdMedico = ? :: [1]
[2026-03-10T17:42:33.600Z] [INFO] [SQL] SELECT * FROM specializzazioni WHERE IdSpecializzazioni = ? :: [5]
[2026-03-10T17:42:33.607Z] [INFO] [SQL] SELECT * FROM specializzazioni WHERE IdSpecializzazioni = ? :: [2]
[2026-03-10T17:42:33.614Z] [INFO] [SQL] SELECT * FROM utenti WHERE IdUtente = ? :: [1]
[2026-03-10T17:42:33.620Z] [INFO] [SQL] SELECT * FROM medici WHERE IdMedico = ? :: [3]
[2026-03-10T17:42:33.628Z] [INFO] [SQL] SELECT * FROM specializzazioni WHERE IdSpecializzazioni = ? :: [5]
[2026-03-10T17:42:33.635Z] [INFO] [SQL] SELECT * FROM utenti WHERE IdUtente = ? :: [1]
[2026-03-10T17:42:33.641Z] [INFO] [SQL] SELECT * FROM medici WHERE IdMedico = ? :: [2]
[2026-03-10T17:42:33.646Z] [INFO] [SQL] SELECT * FROM specializzazioni WHERE IdSpecializzazioni = ? :: [3]
[2026-03-10T17:42:33.662Z] [INFO] [SQL] SELECT * FROM visite WHERE IdUtente = ? :: [1]
[2026-03-10T17:42:33.667Z] [INFO] [SQL] SELECT * FROM utenti WHERE IdUtente = ? :: [1]
[2026-03-10T17:42:33.670Z] [INFO] [SQL] SELECT * FROM medici WHERE IdMedico = ? :: [1]
[2026-03-10T17:42:33.674Z] [INFO] [SQL] SELECT * FROM specializzazioni WHERE IdSpecializzazioni = ? :: [2]
[2026-03-10T17:42:33.678Z] [INFO] [SQL] SELECT * FROM utenti WHERE IdUtente = ? :: [1]
[2026-03-10T17:42:33.682Z] [INFO] [SQL] SELECT * FROM medici WHERE IdMedico = ? :: [3]
[2026-03-10T17:42:33.686Z] [INFO] [SQL] SELECT * FROM specializzazioni WHERE IdSpecializzazioni = ? :: [5]
[2026-03-10T17:42:33.690Z] [INFO] [SQL] SELECT * FROM utenti WHERE IdUtente = ? :: [1]
[2026-03-10T17:42:33.694Z] [INFO] [SQL] SELECT * FROM medici WHERE IdMedico = ? :: [2]
[2026-03-10T17:42:33.698Z] [INFO] [SQL] SELECT * FROM specializzazioni WHERE IdSpecializzazioni = ? :: [3]
[2026-03-10T17:42:40.127Z] [INFO] [SQL] SELECT * FROM visite WHERE IdMedico = ? and DataOrario >= ? and DataOrario <= ? :: ["undefined","2026-03-10 00:00:01","2026-03-10 23:59:59"]
[2026-03-10T17:43:50.495Z] [INFO] [SQL] SELECT * FROM utenti WHERE email = ? :: ["kevin.deda@gmail.com"]
[2026-03-10T17:43:50.743Z] [INFO] [SQL] SELECT * FROM medici :: []
[2026-03-10T17:43:50.752Z] [INFO] [SQL] SELECT * FROM visite WHERE IdUtente = ? :: [1]
[2026-03-10T17:43:50.762Z] [INFO] [SQL] SELECT * FROM visite WHERE IdUtente = ? :: [1]
[2026-03-10T17:43:50.766Z] [INFO] [SQL] SELECT * FROM specializzazioni WHERE IdSpecializzazioni = ? :: [2]
[2026-03-10T17:43:50.770Z] [INFO] [SQL] SELECT * FROM utenti WHERE IdUtente = ? :: [1]
[2026-03-10T17:43:50.774Z] [INFO] [SQL] SELECT * FROM utenti WHERE IdUtente = ? :: [1]
[2026-03-10T17:43:50.777Z] [INFO] [SQL] SELECT * FROM specializzazioni WHERE IdSpecializzazioni = ? :: [3]
[2026-03-10T17:43:50.781Z] [INFO] [SQL] SELECT * FROM medici WHERE IdMedico = ? :: [1]
[2026-03-10T17:43:50.784Z] [INFO] [SQL] SELECT * FROM medici WHERE IdMedico = ? :: [1]
[2026-03-10T17:43:50.787Z] [INFO] [SQL] SELECT * FROM specializzazioni WHERE IdSpecializzazioni = ? :: [5]
[2026-03-10T17:43:50.791Z] [INFO] [SQL] SELECT * FROM specializzazioni WHERE IdSpecializzazioni = ? :: [2]
[2026-03-10T17:43:50.795Z] [INFO] [SQL] SELECT * FROM specializzazioni WHERE IdSpecializzazioni = ? :: [2]
[2026-03-10T17:43:50.799Z] [INFO] [SQL] SELECT * FROM utenti WHERE IdUtente = ? :: [1]
[2026-03-10T17:43:50.803Z] [INFO] [SQL] SELECT * FROM utenti WHERE IdUtente = ? :: [1]
[2026-03-10T17:43:50.807Z] [INFO] [SQL] SELECT * FROM medici WHERE IdMedico = ? :: [3]
[2026-03-10T17:43:50.811Z] [INFO] [SQL] SELECT * FROM medici WHERE IdMedico = ? :: [3]
[2026-03-10T17:43:50.814Z] [INFO] [SQL] SELECT * FROM specializzazioni WHERE IdSpecializzazioni = ? :: [5]
[2026-03-10T17:43:50.818Z] [INFO] [SQL] SELECT * FROM specializzazioni WHERE IdSpecializzazioni = ? :: [5]
[2026-03-10T17:43:50.822Z] [INFO] [SQL] SELECT * FROM utenti WHERE IdUtente = ? :: [1]
[2026-03-10T17:43:50.826Z] [INFO] [SQL] SELECT * FROM utenti WHERE IdUtente = ? :: [1]
[2026-03-10T17:43:50.829Z] [INFO] [SQL] SELECT * FROM medici WHERE IdMedico = ? :: [2]
[2026-03-10T17:43:50.832Z] [INFO] [SQL] SELECT * FROM medici WHERE IdMedico = ? :: [2]
[2026-03-10T17:43:50.836Z] [INFO] [SQL] SELECT * FROM specializzazioni WHERE IdSpecializzazioni = ? :: [3]
[2026-03-10T17:43:50.840Z] [INFO] [SQL] SELECT * FROM specializzazioni WHERE IdSpecializzazioni = ? :: [3]
[2026-03-10T17:43:57.072Z] [INFO] [SQL] SELECT * FROM visite WHERE IdMedico = ? and DataOrario >= ? and DataOrario <= ? :: ["1","2026-03-10 00:00:01","2026-03-10 23:59:59"]
[2026-03-10T17:46:30.784Z] [INFO] [SQL] SELECT * FROM visite WHERE IdMedico = ? and DataOrario >= ? and DataOrario <= ? :: ["1","2026-03-03 00:00:01","2026-03-03 23:59:59"]
[2026-03-10T17:48:29.261Z] [INFO] [SQL] SELECT * FROM utenti WHERE email = ? :: ["kevin.deda@gmail.com"]
[2026-03-10T17:48:29.528Z] [INFO] [SQL] SELECT * FROM medici :: []
[2026-03-10T17:48:29.537Z] [INFO] [SQL] SELECT * FROM visite WHERE IdUtente = ? :: [1]
[2026-03-10T17:48:29.540Z] [INFO] [SQL] SELECT * FROM specializzazioni WHERE IdSpecializzazioni = ? :: [2]
[2026-03-10T17:48:29.543Z] [INFO] [SQL] SELECT * FROM utenti WHERE IdUtente = ? :: [1]
[2026-03-10T17:48:29.547Z] [INFO] [SQL] SELECT * FROM specializzazioni WHERE IdSpecializzazioni = ? :: [3]
[2026-03-10T17:48:29.550Z] [INFO] [SQL] SELECT * FROM medici WHERE IdMedico = ? :: [1]
[2026-03-10T17:48:29.554Z] [INFO] [SQL] SELECT * FROM specializzazioni WHERE IdSpecializzazioni = ? :: [5]
[2026-03-10T17:48:29.558Z] [INFO] [SQL] SELECT * FROM specializzazioni WHERE IdSpecializzazioni = ? :: [2]
[2026-03-10T17:48:29.562Z] [INFO] [SQL] SELECT * FROM utenti WHERE IdUtente = ? :: [1]
[2026-03-10T17:48:29.567Z] [INFO] [SQL] SELECT * FROM medici WHERE IdMedico = ? :: [3]
[2026-03-10T17:48:29.571Z] [INFO] [SQL] SELECT * FROM specializzazioni WHERE IdSpecializzazioni = ? :: [5]
[2026-03-10T17:48:29.575Z] [INFO] [SQL] SELECT * FROM utenti WHERE IdUtente = ? :: [1]
[2026-03-10T17:48:29.579Z] [INFO] [SQL] SELECT * FROM medici WHERE IdMedico = ? :: [2]
[2026-03-10T17:48:29.583Z] [INFO] [SQL] SELECT * FROM specializzazioni WHERE IdSpecializzazioni = ? :: [3]
[2026-03-10T17:48:29.598Z] [INFO] [SQL] SELECT * FROM visite WHERE IdUtente = ? :: [1]
[2026-03-10T17:48:29.601Z] [INFO] [SQL] SELECT * FROM utenti WHERE IdUtente = ? :: [1]
[2026-03-10T17:48:29.605Z] [INFO] [SQL] SELECT * FROM medici WHERE IdMedico = ? :: [1]
[2026-03-10T17:48:29.609Z] [INFO] [SQL] SELECT * FROM specializzazioni WHERE IdSpecializzazioni = ? :: [2]
[2026-03-10T17:48:29.612Z] [INFO] [SQL] SELECT * FROM utenti WHERE IdUtente = ? :: [1]
[2026-03-10T17:48:29.615Z] [INFO] [SQL] SELECT * FROM medici WHERE IdMedico = ? :: [3]
[2026-03-10T17:48:29.619Z] [INFO] [SQL] SELECT * FROM specializzazioni WHERE IdSpecializzazioni = ? :: [5]
[2026-03-10T17:48:29.622Z] [INFO] [SQL] SELECT * FROM utenti WHERE IdUtente = ? :: [1]
[2026-03-10T17:48:29.626Z] [INFO] [SQL] SELECT * FROM medici WHERE IdMedico = ? :: [2]
[2026-03-10T17:48:29.630Z] [INFO] [SQL] SELECT * FROM specializzazioni WHERE IdSpecializzazioni = ? :: [3]
[2026-03-10T17:48:36.865Z] [INFO] [SQL] SELECT * FROM visite WHERE IdMedico = ? and DataOrario >= ? and DataOrario <= ? :: ["1","2026-03-03 00:00:01","2026-03-03 23:59:59"]
[2026-03-10T17:48:38.075Z] [INFO] [SQL] SELECT * FROM visite WHERE IdMedico = ? and DataOrario >= ? and DataOrario <= ? :: ["1","2026-03-03 00:00:01","2026-03-03 23:59:59"]
[2026-03-10T17:50:18.839Z] [INFO] [SQL] SELECT * FROM utenti WHERE email = ? :: ["kevin.deda@gmail.com"]
[2026-03-10T17:50:19.089Z] [INFO] [SQL] SELECT * FROM medici :: []
[2026-03-10T17:50:19.099Z] [INFO] [SQL] SELECT * FROM visite WHERE IdUtente = ? :: [1]
[2026-03-10T17:50:19.109Z] [INFO] [SQL] SELECT * FROM visite WHERE IdUtente = ? :: [1]
[2026-03-10T17:50:19.112Z] [INFO] [SQL] SELECT * FROM specializzazioni WHERE IdSpecializzazioni = ? :: [2]
[2026-03-10T17:50:19.116Z] [INFO] [SQL] SELECT * FROM utenti WHERE IdUtente = ? :: [1]
[2026-03-10T17:50:19.119Z] [INFO] [SQL] SELECT * FROM utenti WHERE IdUtente = ? :: [1]
[2026-03-10T17:50:19.124Z] [INFO] [SQL] SELECT * FROM specializzazioni WHERE IdSpecializzazioni = ? :: [3]
[2026-03-10T17:50:19.129Z] [INFO] [SQL] SELECT * FROM medici WHERE IdMedico = ? :: [1]
[2026-03-10T17:50:19.132Z] [INFO] [SQL] SELECT * FROM medici WHERE IdMedico = ? :: [1]
[2026-03-10T17:50:19.136Z] [INFO] [SQL] SELECT * FROM specializzazioni WHERE IdSpecializzazioni = ? :: [5]
[2026-03-10T17:50:19.140Z] [INFO] [SQL] SELECT * FROM specializzazioni WHERE IdSpecializzazioni = ? :: [2]
[2026-03-10T17:50:19.143Z] [INFO] [SQL] SELECT * FROM specializzazioni WHERE IdSpecializzazioni = ? :: [2]
[2026-03-10T17:50:19.147Z] [INFO] [SQL] SELECT * FROM utenti WHERE IdUtente = ? :: [1]
[2026-03-10T17:50:19.152Z] [INFO] [SQL] SELECT * FROM utenti WHERE IdUtente = ? :: [1]
[2026-03-10T17:50:19.155Z] [INFO] [SQL] SELECT * FROM medici WHERE IdMedico = ? :: [3]
[2026-03-10T17:50:19.159Z] [INFO] [SQL] SELECT * FROM medici WHERE IdMedico = ? :: [3]
[2026-03-10T17:50:19.163Z] [INFO] [SQL] SELECT * FROM specializzazioni WHERE IdSpecializzazioni = ? :: [5]
[2026-03-10T17:50:19.166Z] [INFO] [SQL] SELECT * FROM specializzazioni WHERE IdSpecializzazioni = ? :: [5]
[2026-03-10T17:50:19.171Z] [INFO] [SQL] SELECT * FROM utenti WHERE IdUtente = ? :: [1]
[2026-03-10T17:50:19.174Z] [INFO] [SQL] SELECT * FROM utenti WHERE IdUtente = ? :: [1]
[2026-03-10T17:50:19.177Z] [INFO] [SQL] SELECT * FROM medici WHERE IdMedico = ? :: [2]
[2026-03-10T17:50:19.180Z] [INFO] [SQL] SELECT * FROM medici WHERE IdMedico = ? :: [2]
[2026-03-10T17:50:19.183Z] [INFO] [SQL] SELECT * FROM specializzazioni WHERE IdSpecializzazioni = ? :: [3]
[2026-03-10T17:50:19.187Z] [INFO] [SQL] SELECT * FROM specializzazioni WHERE IdSpecializzazioni = ? :: [3]
[2026-03-10T17:50:22.644Z] [INFO] [SQL] SELECT * FROM visite WHERE IdMedico = ? and DataOrario >= ? and DataOrario <= ? :: ["1","2026-03-03 00:00:01","2026-03-03 23:59:59"]
[2026-03-10T17:50:24.069Z] [INFO] [SQL] SELECT * FROM visite WHERE IdMedico = ? and DataOrario >= ? and DataOrario <= ? :: ["1","2026-03-03 00:00:01","2026-03-03 23:59:59"]
[2026-03-10T18:56:55.273Z] [INFO] [SQL] SELECT * FROM visite WHERE IdMedico = ? and DataOrario >= ? and DataOrario <= ? :: ["1","2026-03-03 00:00:01","2026-03-03 23:59:59"]
[2026-03-10T18:57:32.394Z] [INFO] [SQL] SELECT * FROM utenti WHERE email = ? :: ["kevin.deda@gmail.com"]
[2026-03-10T18:57:32.634Z] [INFO] [SQL] SELECT * FROM medici :: []
[2026-03-10T18:57:32.643Z] [INFO] [SQL] SELECT * FROM visite WHERE IdUtente = ? :: [1]
[2026-03-10T18:57:32.647Z] [INFO] [SQL] SELECT * FROM specializzazioni WHERE IdSpecializzazioni = ? :: [2]
[2026-03-10T18:57:32.650Z] [INFO] [SQL] SELECT * FROM utenti WHERE IdUtente = ? :: [1]
[2026-03-10T18:57:32.654Z] [INFO] [SQL] SELECT * FROM specializzazioni WHERE IdSpecializzazioni = ? :: [3]
[2026-03-10T18:57:32.657Z] [INFO] [SQL] SELECT * FROM medici WHERE IdMedico = ? :: [1]
[2026-03-10T18:57:32.661Z] [INFO] [SQL] SELECT * FROM specializzazioni WHERE IdSpecializzazioni = ? :: [5]
[2026-03-10T18:57:32.665Z] [INFO] [SQL] SELECT * FROM specializzazioni WHERE IdSpecializzazioni = ? :: [2]
[2026-03-10T18:57:32.669Z] [INFO] [SQL] SELECT * FROM utenti WHERE IdUtente = ? :: [1]
[2026-03-10T18:57:32.673Z] [INFO] [SQL] SELECT * FROM medici WHERE IdMedico = ? :: [3]
[2026-03-10T18:57:32.677Z] [INFO] [SQL] SELECT * FROM specializzazioni WHERE IdSpecializzazioni = ? :: [5]
[2026-03-10T18:57:32.681Z] [INFO] [SQL] SELECT * FROM utenti WHERE IdUtente = ? :: [1]
[2026-03-10T18:57:32.684Z] [INFO] [SQL] SELECT * FROM medici WHERE IdMedico = ? :: [2]
[2026-03-10T18:57:32.687Z] [INFO] [SQL] SELECT * FROM specializzazioni WHERE IdSpecializzazioni = ? :: [3]
[2026-03-10T18:57:32.701Z] [INFO] [SQL] SELECT * FROM visite WHERE IdUtente = ? :: [1]
[2026-03-10T18:57:32.704Z] [INFO] [SQL] SELECT * FROM utenti WHERE IdUtente = ? :: [1]
[2026-03-10T18:57:32.708Z] [INFO] [SQL] SELECT * FROM medici WHERE IdMedico = ? :: [1]
[2026-03-10T18:57:32.712Z] [INFO] [SQL] SELECT * FROM specializzazioni WHERE IdSpecializzazioni = ? :: [2]
[2026-03-10T18:57:32.715Z] [INFO] [SQL] SELECT * FROM utenti WHERE IdUtente = ? :: [1]
[2026-03-10T18:57:32.718Z] [INFO] [SQL] SELECT * FROM medici WHERE IdMedico = ? :: [3]
[2026-03-10T18:57:32.722Z] [INFO] [SQL] SELECT * FROM specializzazioni WHERE IdSpecializzazioni = ? :: [5]
[2026-03-10T18:57:32.726Z] [INFO] [SQL] SELECT * FROM utenti WHERE IdUtente = ? :: [1]
[2026-03-10T18:57:32.729Z] [INFO] [SQL] SELECT * FROM medici WHERE IdMedico = ? :: [2]
[2026-03-10T18:57:32.732Z] [INFO] [SQL] SELECT * FROM specializzazioni WHERE IdSpecializzazioni = ? :: [3]
[2026-03-10T18:57:39.477Z] [INFO] [SQL] SELECT * FROM visite WHERE IdMedico = ? and DataOrario >= ? and DataOrario <= ? :: ["1","2026-03-03 00:00:01","2026-03-03 23:59:59"]
[2026-03-10T18:57:51.517Z] [INFO] [SQL] SELECT * FROM visite WHERE IdMedico = ? and DataOrario >= ? and DataOrario <= ? :: ["1","2026-03-03 00:00:01","2026-03-03 23:59:59"]
[2026-03-10T18:58:06.279Z] [INFO] [SQL] SELECT * FROM visite WHERE IdMedico = ? and DataOrario >= ? and DataOrario <= ? :: ["1","2026-03-03 00:00:01","2026-03-03 23:59:59"]
[2026-03-10T19:01:57.971Z] [INFO] [SQL] SELECT * FROM utenti WHERE email = ? :: ["kevin.deda@gmail.com"]
[2026-03-10T19:01:58.215Z] [INFO] [SQL] SELECT * FROM medici :: []
[2026-03-10T19:01:58.224Z] [INFO] [SQL] SELECT * FROM visite WHERE IdUtente = ? :: [1]
[2026-03-10T19:01:58.233Z] [INFO] [SQL] SELECT * FROM visite WHERE IdUtente = ? :: [1]
[2026-03-10T19:01:58.236Z] [INFO] [SQL] SELECT * FROM specializzazioni WHERE IdSpecializzazioni = ? :: [2]
[2026-03-10T19:01:58.240Z] [INFO] [SQL] SELECT * FROM utenti WHERE IdUtente = ? :: [1]
[2026-03-10T19:01:58.243Z] [INFO] [SQL] SELECT * FROM utenti WHERE IdUtente = ? :: [1]
[2026-03-10T19:01:58.247Z] [INFO] [SQL] SELECT * FROM specializzazioni WHERE IdSpecializzazioni = ? :: [3]
[2026-03-10T19:01:58.251Z] [INFO] [SQL] SELECT * FROM medici WHERE IdMedico = ? :: [1]
[2026-03-10T19:01:58.254Z] [INFO] [SQL] SELECT * FROM medici WHERE IdMedico = ? :: [1]
[2026-03-10T19:01:58.258Z] [INFO] [SQL] SELECT * FROM specializzazioni WHERE IdSpecializzazioni = ? :: [5]
[2026-03-10T19:01:58.262Z] [INFO] [SQL] SELECT * FROM specializzazioni WHERE IdSpecializzazioni = ? :: [2]
[2026-03-10T19:01:58.265Z] [INFO] [SQL] SELECT * FROM specializzazioni WHERE IdSpecializzazioni = ? :: [2]
[2026-03-10T19:01:58.269Z] [INFO] [SQL] SELECT * FROM utenti WHERE IdUtente = ? :: [1]
[2026-03-10T19:01:58.273Z] [INFO] [SQL] SELECT * FROM utenti WHERE IdUtente = ? :: [1]
[2026-03-10T19:01:58.276Z] [INFO] [SQL] SELECT * FROM medici WHERE IdMedico = ? :: [3]
[2026-03-10T19:01:58.280Z] [INFO] [SQL] SELECT * FROM medici WHERE IdMedico = ? :: [3]
[2026-03-10T19:01:58.283Z] [INFO] [SQL] SELECT * FROM specializzazioni WHERE IdSpecializzazioni = ? :: [5]
[2026-03-10T19:01:58.287Z] [INFO] [SQL] SELECT * FROM specializzazioni WHERE IdSpecializzazioni = ? :: [5]
[2026-03-10T19:01:58.290Z] [INFO] [SQL] SELECT * FROM utenti WHERE IdUtente = ? :: [1]
[2026-03-10T19:01:58.294Z] [INFO] [SQL] SELECT * FROM utenti WHERE IdUtente = ? :: [1]
[2026-03-10T19:01:58.297Z] [INFO] [SQL] SELECT * FROM medici WHERE IdMedico = ? :: [2]
[2026-03-10T19:01:58.300Z] [INFO] [SQL] SELECT * FROM medici WHERE IdMedico = ? :: [2]
[2026-03-10T19:01:58.303Z] [INFO] [SQL] SELECT * FROM specializzazioni WHERE IdSpecializzazioni = ? :: [3]
[2026-03-10T19:01:58.308Z] [INFO] [SQL] SELECT * FROM specializzazioni WHERE IdSpecializzazioni = ? :: [3]
[2026-03-10T19:02:05.668Z] [INFO] [SQL] SELECT * FROM visite WHERE IdMedico = ? and DataOrario >= ? and DataOrario <= ? :: ["1","2026-03-03 00:00:01","2026-03-03 23:59:59"]
[2026-03-10T19:02:09.254Z] [INFO] [SQL] SELECT * FROM visite WHERE IdMedico = ? and DataOrario >= ? and DataOrario <= ? :: ["1","2026-03-03 00:00:01","2026-03-03 23:59:59"]
[2026-03-10T19:02:15.321Z] [INFO] [SQL] SELECT * FROM visite WHERE IdMedico = ? and DataOrario >= ? and DataOrario <= ? :: ["1","2026-03-03 00:00:01","2026-03-03 23:59:59"]
[2026-03-10T19:04:55.970Z] [INFO] [SQL] SELECT * FROM utenti WHERE email = ? :: ["kevin.deda@gmail.com"]
[2026-03-10T19:05:09.464Z] [INFO] [SQL] SELECT * FROM utenti WHERE email = ? :: ["kevin.deda@gmail.com"]
[2026-03-10T19:05:09.713Z] [INFO] [SQL] SELECT * FROM medici :: []
[2026-03-10T19:05:09.723Z] [INFO] [SQL] SELECT * FROM visite WHERE IdUtente = ? :: [1]
[2026-03-10T19:05:09.732Z] [INFO] [SQL] SELECT * FROM visite WHERE IdUtente = ? :: [1]
[2026-03-10T19:05:09.736Z] [INFO] [SQL] SELECT * FROM specializzazioni WHERE IdSpecializzazioni = ? :: [2]
[2026-03-10T19:05:09.739Z] [INFO] [SQL] SELECT * FROM utenti WHERE IdUtente = ? :: [1]
[2026-03-10T19:05:09.743Z] [INFO] [SQL] SELECT * FROM utenti WHERE IdUtente = ? :: [1]
[2026-03-10T19:05:09.747Z] [INFO] [SQL] SELECT * FROM specializzazioni WHERE IdSpecializzazioni = ? :: [3]
[2026-03-10T19:05:09.751Z] [INFO] [SQL] SELECT * FROM medici WHERE IdMedico = ? :: [1]
[2026-03-10T19:05:09.754Z] [INFO] [SQL] SELECT * FROM medici WHERE IdMedico = ? :: [1]
[2026-03-10T19:05:09.757Z] [INFO] [SQL] SELECT * FROM specializzazioni WHERE IdSpecializzazioni = ? :: [5]
[2026-03-10T19:05:09.761Z] [INFO] [SQL] SELECT * FROM specializzazioni WHERE IdSpecializzazioni = ? :: [2]
[2026-03-10T19:05:09.766Z] [INFO] [SQL] SELECT * FROM specializzazioni WHERE IdSpecializzazioni = ? :: [2]
[2026-03-10T19:05:09.770Z] [INFO] [SQL] SELECT * FROM utenti WHERE IdUtente = ? :: [1]
[2026-03-10T19:05:09.774Z] [INFO] [SQL] SELECT * FROM utenti WHERE IdUtente = ? :: [1]
[2026-03-10T19:05:09.778Z] [INFO] [SQL] SELECT * FROM medici WHERE IdMedico = ? :: [3]
[2026-03-10T19:05:09.782Z] [INFO] [SQL] SELECT * FROM medici WHERE IdMedico = ? :: [3]
[2026-03-10T19:05:09.787Z] [INFO] [SQL] SELECT * FROM specializzazioni WHERE IdSpecializzazioni = ? :: [5]
[2026-03-10T19:05:09.791Z] [INFO] [SQL] SELECT * FROM specializzazioni WHERE IdSpecializzazioni = ? :: [5]
[2026-03-10T19:05:09.794Z] [INFO] [SQL] SELECT * FROM utenti WHERE IdUtente = ? :: [1]
[2026-03-10T19:05:09.798Z] [INFO] [SQL] SELECT * FROM utenti WHERE IdUtente = ? :: [1]
[2026-03-10T19:05:09.801Z] [INFO] [SQL] SELECT * FROM medici WHERE IdMedico = ? :: [2]
[2026-03-10T19:05:09.805Z] [INFO] [SQL] SELECT * FROM medici WHERE IdMedico = ? :: [2]
[2026-03-10T19:05:09.808Z] [INFO] [SQL] SELECT * FROM specializzazioni WHERE IdSpecializzazioni = ? :: [3]
[2026-03-10T19:05:09.812Z] [INFO] [SQL] SELECT * FROM specializzazioni WHERE IdSpecializzazioni = ? :: [3]
[2026-03-10T19:05:17.134Z] [INFO] [SQL] SELECT * FROM visite WHERE IdMedico = ? and DataOrario >= ? and DataOrario <= ? :: ["1","2026-03-03 00:00:01","2026-03-03 23:59:59"]
[2026-03-10T19:05:19.259Z] [INFO] [SQL] SELECT * FROM visite WHERE IdMedico = ? and DataOrario >= ? and DataOrario <= ? :: ["1","2026-03-03 00:00:01","2026-03-03 23:59:59"]
[2026-03-10T19:05:20.190Z] [INFO] [SQL] INSERT INTO visite (`IdVisita`, `IdUtente`, `IdMedico`, `DataOrario`) VALUES (?, ?, ?, ?) :: [null,1,null,"undefined undefined"]
[2026-03-10T19:33:29.085Z] [INFO] [SQL] SELECT * FROM utenti WHERE email = ? :: ["kevin.deda@gmail.com"]
[2026-03-10T19:33:29.311Z] [INFO] [SQL] SELECT * FROM medici :: []
[2026-03-10T19:33:29.314Z] [INFO] [SQL] SELECT * FROM visite WHERE IdUtente = ? :: [1]
[2026-03-10T19:33:29.317Z] [INFO] [SQL] SELECT * FROM specializzazioni WHERE IdSpecializzazioni = ? :: [2]
[2026-03-10T19:33:29.318Z] [INFO] [SQL] SELECT * FROM utenti WHERE IdUtente = ? :: [1]
[2026-03-10T19:33:29.320Z] [INFO] [SQL] SELECT * FROM specializzazioni WHERE IdSpecializzazioni = ? :: [3]
[2026-03-10T19:33:29.322Z] [INFO] [SQL] SELECT * FROM medici WHERE IdMedico = ? :: [1]
[2026-03-10T19:33:29.323Z] [INFO] [SQL] SELECT * FROM specializzazioni WHERE IdSpecializzazioni = ? :: [5]
[2026-03-10T19:33:29.326Z] [INFO] [SQL] SELECT * FROM specializzazioni WHERE IdSpecializzazioni = ? :: [2]
[2026-03-10T19:33:29.327Z] [INFO] [SQL] SELECT * FROM utenti WHERE IdUtente = ? :: [1]
[2026-03-10T19:33:29.328Z] [INFO] [SQL] SELECT * FROM medici WHERE IdMedico = ? :: [3]
[2026-03-10T19:33:29.333Z] [INFO] [SQL] SELECT * FROM specializzazioni WHERE IdSpecializzazioni = ? :: [5]
[2026-03-10T19:33:29.335Z] [INFO] [SQL] SELECT * FROM utenti WHERE IdUtente = ? :: [1]
[2026-03-10T19:33:29.336Z] [INFO] [SQL] SELECT * FROM medici WHERE IdMedico = ? :: [2]
[2026-03-10T19:33:29.338Z] [INFO] [SQL] SELECT * FROM specializzazioni WHERE IdSpecializzazioni = ? :: [3]
[2026-03-10T19:33:29.339Z] [INFO] [SQL] SELECT * FROM utenti WHERE IdUtente = ? :: [1]
[2026-03-10T19:33:29.340Z] [INFO] [SQL] SELECT * FROM medici WHERE IdMedico = ? :: [1]
[2026-03-10T19:33:29.343Z] [INFO] [SQL] SELECT * FROM specializzazioni WHERE IdSpecializzazioni = ? :: [2]
[2026-03-10T19:33:29.346Z] [INFO] [SQL] SELECT * FROM visite WHERE IdUtente = ? :: [1]
[2026-03-10T19:33:29.348Z] [INFO] [SQL] SELECT * FROM utenti WHERE IdUtente = ? :: [1]
[2026-03-10T19:33:29.350Z] [INFO] [SQL] SELECT * FROM medici WHERE IdMedico = ? :: [1]
[2026-03-10T19:33:29.352Z] [INFO] [SQL] SELECT * FROM specializzazioni WHERE IdSpecializzazioni = ? :: [2]
[2026-03-10T19:33:29.353Z] [INFO] [SQL] SELECT * FROM utenti WHERE IdUtente = ? :: [1]
[2026-03-10T19:33:29.354Z] [INFO] [SQL] SELECT * FROM medici WHERE IdMedico = ? :: [3]
[2026-03-10T19:33:29.356Z] [INFO] [SQL] SELECT * FROM specializzazioni WHERE IdSpecializzazioni = ? :: [5]
[2026-03-10T19:33:29.356Z] [INFO] [SQL] SELECT * FROM utenti WHERE IdUtente = ? :: [1]
[2026-03-10T19:33:29.357Z] [INFO] [SQL] SELECT * FROM medici WHERE IdMedico = ? :: [2]
[2026-03-10T19:33:29.358Z] [INFO] [SQL] SELECT * FROM specializzazioni WHERE IdSpecializzazioni = ? :: [3]
[2026-03-10T19:33:29.359Z] [INFO] [SQL] SELECT * FROM utenti WHERE IdUtente = ? :: [1]
[2026-03-10T19:33:29.360Z] [INFO] [SQL] SELECT * FROM medici WHERE IdMedico = ? :: [1]
[2026-03-10T19:33:29.361Z] [INFO] [SQL] SELECT * FROM specializzazioni WHERE IdSpecializzazioni = ? :: [2]
[2026-03-11T16:52:03.096Z] [INFO] [SQL] SELECT * FROM medici WHERE email = ? :: ["antonio.geremia@gmail.com"]
[2026-03-11T16:52:03.370Z] [INFO] [SQL] SELECT * FROM specializzazioni WHERE IdSpecializzazioni = ? :: [null]
[2026-03-11T16:53:43.001Z] [INFO] [SQL] SELECT * FROM medici WHERE email = ? :: ["antonio.geremia@gmail.com"]
[2026-03-11T16:53:43.259Z] [INFO] [SQL] SELECT * FROM specializzazioni WHERE IdSpecializzazioni = ? :: [null]
[2026-03-11T16:56:11.656Z] [INFO] [SQL] SELECT * FROM medici WHERE email = ? :: ["antonio.geremia@gmail.com"]
[2026-03-11T16:56:11.920Z] [INFO] [SQL] SELECT * FROM specializzazioni WHERE IdSpecializzazioni = ? :: [2]
[2026-03-11T16:56:11.937Z] [INFO] [SQL] SELECT * FROM visite WHERE IdMedico = ? and DataOrario >= ? and DataOrario <= ? :: [1,"2026-03-09","2026-03-13"]
