[2026-02-09T15:41:56.642Z] [INFO] [REQ] GET /angular
[2026-02-09T15:41:56.644Z] [PERFORMANCE] [REQ] GET /angular completed in 2.68 ms
[2026-02-09T15:41:56.663Z] [INFO] [REQ] GET /styles-5INURTSO.css
[2026-02-09T15:41:56.664Z] [PERFORMANCE] [REQ] GET /styles-5INURTSO.css completed in 1.08 ms
[2026-02-09T15:41:56.666Z] [INFO] [REQ] GET /polyfills-5CFQRCPP.js
[2026-02-09T15:41:56.668Z] [PERFORMANCE] [REQ] GET /polyfills-5CFQRCPP.js completed in 1.54 ms
[2026-02-09T15:41:56.669Z] [INFO] [REQ] GET /main-TXMLNSKW.js
[2026-02-09T15:41:56.670Z] [PERFORMANCE] [REQ] GET /main-TXMLNSKW.js completed in 0.80 ms
[2026-02-09T15:41:58.577Z] [INFO] [REQ] GET /
[2026-02-09T15:41:58.578Z] [PERFORMANCE] [REQ] GET / completed in 1.18 ms
[2026-02-09T15:41:58.612Z] [INFO] [REQ] GET /styles-5INURTSO.css
[2026-02-09T15:41:58.613Z] [PERFORMANCE] [REQ] GET /styles-5INURTSO.css completed in 1.31 ms
[2026-02-09T15:41:58.615Z] [INFO] [REQ] GET /polyfills-5CFQRCPP.js
[2026-02-09T15:41:58.616Z] [PERFORMANCE] [REQ] GET /polyfills-5CFQRCPP.js completed in 0.91 ms
[2026-02-09T15:41:58.617Z] [INFO] [REQ] GET /main-TXMLNSKW.js
[2026-02-09T15:41:58.618Z] [PERFORMANCE] [REQ] GET /main-TXMLNSKW.js completed in 1.22 ms
[2026-02-09T15:41:58.735Z] [INFO] [REQ] GET /favicon.ico
[2026-02-09T15:41:58.736Z] [PERFORMANCE] [REQ] GET /favicon.ico completed in 1.16 ms
[2026-02-09T15:42:06.296Z] [INFO] [REQ] POST /session/login
[2026-02-09T15:42:06.298Z] [PERFORMANCE] [REQ] POST /session/login completed in 2.00 ms
[2026-02-09T15:42:06.304Z] [INFO] [REQ] GET /auth/me
[2026-02-09T15:42:06.305Z] [PERFORMANCE] [REQ] GET /auth/me completed in 0.96 ms
[2026-02-09T15:42:06.312Z] [INFO] [REQ] GET /auth/me
[2026-02-09T15:42:06.313Z] [PERFORMANCE] [REQ] GET /auth/me completed in 0.83 ms
[2026-02-09T15:42:06.322Z] [INFO] [REQ] GET /auth/me
[2026-02-09T15:42:06.323Z] [PERFORMANCE] [REQ] GET /auth/me completed in 1.08 ms
[2026-02-09T15:42:10.978Z] [INFO] [REQ] POST /auth/logout
[2026-02-09T15:42:10.980Z] [PERFORMANCE] [REQ] POST /auth/logout completed in 1.60 ms
[2026-02-09T15:42:10.995Z] [INFO] [REQ] GET /login
[2026-02-09T15:42:10.996Z] [PERFORMANCE] [REQ] GET /login completed in 0.93 ms
[2026-02-09T15:42:11.020Z] [INFO] [REQ] GET /styles-5INURTSO.css
[2026-02-09T15:42:11.021Z] [PERFORMANCE] [REQ] GET /styles-5INURTSO.css completed in 0.98 ms
[2026-02-09T15:42:11.022Z] [INFO] [REQ] GET /polyfills-5CFQRCPP.js
[2026-02-09T15:42:11.023Z] [PERFORMANCE] [REQ] GET /polyfills-5CFQRCPP.js completed in 1.32 ms
[2026-02-09T15:42:11.025Z] [INFO] [REQ] GET /main-TXMLNSKW.js
[2026-02-09T15:42:11.026Z] [PERFORMANCE] [REQ] GET /main-TXMLNSKW.js completed in 0.99 ms
[2026-02-09T15:42:12.835Z] [INFO] [REQ] GET /oauth/login
[2026-02-09T15:42:12.835Z] [INFO] [OAUTH] intercepted: GET /oauth/login
[2026-02-09T15:42:12.839Z] [PERFORMANCE] [REQ] GET /oauth/login completed in 4.64 ms
[2026-02-09T15:42:15.748Z] [INFO] [REQ] GET /oauth/callback?state=849bf9f0-3bd1-4259-967c-162d13378a64&code=4%2F0ASc3gC1A07_Jt9eDzX8PkR1bPKfv9x674YaYVSvTCQjJoag_M5B9Kffh2MGMtiX9SVwzcg&scope=email+profile+https%3A%2F%2Fwww.googleapis.com%2Fauth%2Fuserinfo.email+openid+https%3A%2F%2Fwww.googleapis.com%2Fauth%2Fuserinfo.profile&authuser=0&hd=vallauri.edu&prompt=none
[2026-02-09T15:42:15.749Z] [INFO] [OAUTH] intercepted: GET /oauth/callback
[2026-02-09T15:42:16.195Z] [PERFORMANCE] [REQ] GET /oauth/callback?state=849bf9f0-3bd1-4259-967c-162d13378a64&code=4%2F0ASc3gC1A07_Jt9eDzX8PkR1bPKfv9x674YaYVSvTCQjJoag_M5B9Kffh2MGMtiX9SVwzcg&scope=email+profile+https%3A%2F%2Fwww.googleapis.com%2Fauth%2Fuserinfo.email+openid+https%3A%2F%2Fwww.googleapis.com%2Fauth%2Fuserinfo.profile&authuser=0&hd=vallauri.edu&prompt=none completed in 446.71 ms
[2026-02-09T15:42:16.200Z] [INFO] [REQ] GET /dashboard
[2026-02-09T15:42:16.202Z] [PERFORMANCE] [REQ] GET /dashboard completed in 1.22 ms
[2026-02-09T15:42:16.247Z] [INFO] [REQ] GET /styles-5INURTSO.css
[2026-02-09T15:42:16.248Z] [PERFORMANCE] [REQ] GET /styles-5INURTSO.css completed in 1.29 ms
[2026-02-09T15:42:16.250Z] [INFO] [REQ] GET /polyfills-5CFQRCPP.js
[2026-02-09T15:42:16.251Z] [PERFORMANCE] [REQ] GET /polyfills-5CFQRCPP.js completed in 0.88 ms
[2026-02-09T15:42:16.252Z] [INFO] [REQ] GET /main-TXMLNSKW.js
[2026-02-09T15:42:16.253Z] [PERFORMANCE] [REQ] GET /main-TXMLNSKW.js completed in 0.79 ms
[2026-02-09T15:42:16.328Z] [INFO] [REQ] GET /auth/me
[2026-02-09T15:42:16.329Z] [PERFORMANCE] [REQ] GET /auth/me completed in 0.87 ms
[2026-02-09T15:42:16.354Z] [INFO] [REQ] GET /auth/me
[2026-02-09T15:42:16.355Z] [PERFORMANCE] [REQ] GET /auth/me completed in 0.90 ms
[2026-02-09T15:42:20.077Z] [INFO] [REQ] GET /db/users/get
[2026-02-09T15:42:20.078Z] [PERFORMANCE] [REQ] GET /db/users/get completed in 1.54 ms
[2026-02-09T15:42:46.108Z] [INFO] [REQ] POST /jwt/login
[2026-02-09T15:42:46.109Z] [PERFORMANCE] [REQ] POST /jwt/login completed in 1.29 ms
[2026-02-09T15:42:46.117Z] [INFO] [REQ] GET /auth/me
[2026-02-09T15:42:46.120Z] [PERFORMANCE] [REQ] GET /auth/me completed in 3.13 ms
[2026-02-09T15:42:46.125Z] [INFO] [REQ] GET /auth/me
[2026-02-09T15:42:46.127Z] [PERFORMANCE] [REQ] GET /auth/me completed in 1.92 ms
[2026-02-09T15:42:46.137Z] [INFO] [REQ] GET /auth/me
[2026-02-09T15:42:46.139Z] [PERFORMANCE] [REQ] GET /auth/me completed in 2.85 ms
[2026-02-09T15:43:03.225Z] [INFO] [REQ] GET /
[2026-02-09T15:43:03.226Z] [PERFORMANCE] [REQ] GET / completed in 0.94 ms
[2026-02-09T15:43:03.245Z] [INFO] [REQ] GET /styles-5INURTSO.css
[2026-02-09T15:43:03.246Z] [PERFORMANCE] [REQ] GET /styles-5INURTSO.css completed in 0.88 ms
[2026-02-09T15:43:03.248Z] [INFO] [REQ] GET /polyfills-5CFQRCPP.js
[2026-02-09T15:43:03.248Z] [PERFORMANCE] [REQ] GET /polyfills-5CFQRCPP.js completed in 0.79 ms
[2026-02-09T15:43:03.249Z] [INFO] [REQ] GET /main-TXMLNSKW.js
[2026-02-09T15:43:03.250Z] [PERFORMANCE] [REQ] GET /main-TXMLNSKW.js completed in 1.04 ms
[2026-02-09T15:43:11.627Z] [INFO] [REQ] POST /jwt/login
[2026-02-09T15:43:11.629Z] [PERFORMANCE] [REQ] POST /jwt/login completed in 2.62 ms
[2026-02-09T15:43:11.635Z] [INFO] [REQ] GET /auth/me
[2026-02-09T15:43:11.637Z] [PERFORMANCE] [REQ] GET /auth/me completed in 2.27 ms
[2026-02-09T15:43:11.642Z] [INFO] [REQ] GET /auth/me
[2026-02-09T15:43:11.644Z] [PERFORMANCE] [REQ] GET /auth/me completed in 1.81 ms
[2026-02-09T15:43:11.654Z] [INFO] [REQ] GET /auth/me
[2026-02-09T15:43:11.656Z] [PERFORMANCE] [REQ] GET /auth/me completed in 2.34 ms
[2026-02-09T15:43:18.817Z] [INFO] [REQ] GET /db/users/get
[2026-02-09T15:43:18.820Z] [PERFORMANCE] [REQ] GET /db/users/get completed in 2.24 ms
[2026-02-11T11:54:51.308Z] [INFO] [REQ] GET /
[2026-02-11T11:54:51.350Z] [PERFORMANCE] [REQ] GET / completed in 40.45 ms
[2026-02-11T11:54:51.374Z] [INFO] [REQ] GET /styles-5INURTSO.css
[2026-02-11T11:54:51.375Z] [PERFORMANCE] [REQ] GET /styles-5INURTSO.css completed in 1.04 ms
[2026-02-11T11:54:51.377Z] [INFO] [REQ] GET /polyfills-5CFQRCPP.js
[2026-02-11T11:54:51.379Z] [PERFORMANCE] [REQ] GET /polyfills-5CFQRCPP.js completed in 1.78 ms
[2026-02-11T11:54:51.379Z] [INFO] [REQ] GET /main-TXMLNSKW.js
[2026-02-11T11:54:51.380Z] [PERFORMANCE] [REQ] GET /main-TXMLNSKW.js completed in 0.80 ms
[2026-02-11T11:55:06.581Z] [INFO] [REQ] POST /session/login
[2026-02-11T11:55:06.589Z] [WARNING] [JWT] invalid: jwt expired
[2026-02-11T11:55:06.590Z] [PERFORMANCE] [REQ] POST /session/login completed in 8.55 ms
[2026-02-11T11:55:12.642Z] [INFO] [REQ] GET /login
[2026-02-11T11:55:12.643Z] [PERFORMANCE] [REQ] GET /login completed in 0.96 ms
[2026-02-11T11:55:12.664Z] [INFO] [REQ] GET /styles-5INURTSO.css
[2026-02-11T11:55:12.667Z] [PERFORMANCE] [REQ] GET /styles-5INURTSO.css completed in 2.66 ms
[2026-02-11T11:55:12.668Z] [INFO] [REQ] GET /polyfills-5CFQRCPP.js
[2026-02-11T11:55:12.670Z] [PERFORMANCE] [REQ] GET /polyfills-5CFQRCPP.js completed in 2.65 ms
[2026-02-11T11:55:12.674Z] [INFO] [REQ] GET /main-TXMLNSKW.js
[2026-02-11T11:55:12.676Z] [PERFORMANCE] [REQ] GET /main-TXMLNSKW.js completed in 1.47 ms
[2026-02-11T11:55:12.733Z] [INFO] [REQ] GET /favicon.ico
[2026-02-11T11:55:12.734Z] [PERFORMANCE] [REQ] GET /favicon.ico completed in 1.31 ms
[2026-02-11T11:55:16.994Z] [INFO] [REQ] POST /session/login
[2026-02-11T11:55:16.997Z] [WARNING] [JWT] invalid: jwt expired
[2026-02-11T11:55:16.998Z] [PERFORMANCE] [REQ] POST /session/login completed in 3.43 ms
[2026-02-11T11:55:22.923Z] [INFO] [REQ] GET /oauth/login
[2026-02-11T11:55:22.923Z] [INFO] [OAUTH] intercepted: GET /oauth/login
[2026-02-11T11:55:22.930Z] [PERFORMANCE] [REQ] GET /oauth/login completed in 7.72 ms
[2026-02-11T11:55:27.653Z] [INFO] [REQ] GET /oauth/callback?state=aa731062-09a3-42d8-b80c-5aa0f6b2f5ef&code=4%2F0ASc3gC17KKeIu_6tkXhrIFJr23xPFvoS22yJG8ipXMuBNyfQTNnF4sHEWBjKmOmuYw3UuQ&scope=email+profile+https%3A%2F%2Fwww.googleapis.com%2Fauth%2Fuserinfo.profile+https%3A%2F%2Fwww.googleapis.com%2Fauth%2Fuserinfo.email+openid&authuser=0&hd=vallauri.edu&prompt=none
[2026-02-11T11:55:27.657Z] [INFO] [OAUTH] intercepted: GET /oauth/callback
[2026-02-11T11:55:28.120Z] [PERFORMANCE] [REQ] GET /oauth/callback?state=aa731062-09a3-42d8-b80c-5aa0f6b2f5ef&code=4%2F0ASc3gC17KKeIu_6tkXhrIFJr23xPFvoS22yJG8ipXMuBNyfQTNnF4sHEWBjKmOmuYw3UuQ&scope=email+profile+https%3A%2F%2Fwww.googleapis.com%2Fauth%2Fuserinfo.profile+https%3A%2F%2Fwww.googleapis.com%2Fauth%2Fuserinfo.email+openid&authuser=0&hd=vallauri.edu&prompt=none completed in 467.34 ms
[2026-02-11T11:55:28.124Z] [INFO] [REQ] GET /dashboard
[2026-02-11T11:55:28.125Z] [PERFORMANCE] [REQ] GET /dashboard completed in 0.96 ms
[2026-02-11T11:55:28.169Z] [INFO] [REQ] GET /styles-5INURTSO.css
[2026-02-11T11:55:28.170Z] [PERFORMANCE] [REQ] GET /styles-5INURTSO.css completed in 1.00 ms
[2026-02-11T11:55:28.171Z] [INFO] [REQ] GET /polyfills-5CFQRCPP.js
[2026-02-11T11:55:28.172Z] [PERFORMANCE] [REQ] GET /polyfills-5CFQRCPP.js completed in 0.94 ms
[2026-02-11T11:55:28.174Z] [INFO] [REQ] GET /main-TXMLNSKW.js
[2026-02-11T11:55:28.175Z] [PERFORMANCE] [REQ] GET /main-TXMLNSKW.js completed in 0.99 ms
[2026-02-11T11:55:28.251Z] [INFO] [REQ] GET /auth/me
[2026-02-11T11:55:28.253Z] [WARNING] [JWT] invalid: jwt expired
[2026-02-11T11:55:28.254Z] [PERFORMANCE] [REQ] GET /auth/me completed in 2.73 ms
[2026-02-11T12:01:11.709Z] [INFO] [REQ] POST /jwt/login
[2026-02-11T12:01:11.712Z] [WARNING] [JWT] invalid: jwt expired
[2026-02-11T12:01:11.713Z] [PERFORMANCE] [REQ] POST /jwt/login completed in 3.83 ms
[2026-02-11T16:24:24.274Z] [INFO] [REQ] GET /
[2026-02-11T16:24:24.300Z] [INFO] [RES] GET / headersSent=false ended=false (26ms)
[2026-02-11T16:24:24.321Z] [INFO] [REQ] GET /styles.css
[2026-02-11T16:24:24.323Z] [INFO] [RES] GET /styles.css headersSent=false ended=false (2ms)
[2026-02-11T16:24:24.326Z] [INFO] [REQ] GET /polyfills.js
[2026-02-11T16:24:24.330Z] [INFO] [RES] GET /polyfills.js headersSent=false ended=false (4ms)
[2026-02-11T16:24:24.331Z] [INFO] [REQ] GET /main.js
[2026-02-11T16:24:24.332Z] [INFO] [RES] GET /main.js headersSent=false ended=false (1ms)
[2026-02-11T16:24:39.065Z] [INFO] [REQ] POST /session/login
[2026-02-11T16:24:39.067Z] [INFO] [RES] POST /session/login headersSent=false ended=false (2ms)
[2026-02-11T16:24:44.938Z] [INFO] [REQ] POST /jwt/login
[2026-02-11T16:24:44.940Z] [INFO] [RES] POST /jwt/login headersSent=false ended=false (2ms)
[2026-02-11T16:25:40.459Z] [INFO] [REQ] GET /
[2026-02-11T16:25:40.461Z] [INFO] [RES] GET / headersSent=false ended=false (2ms)
[2026-02-11T16:25:40.482Z] [INFO] [REQ] GET /styles.css
[2026-02-11T16:25:40.483Z] [INFO] [RES] GET /styles.css headersSent=false ended=false (1ms)
[2026-02-11T16:25:40.486Z] [INFO] [REQ] GET /polyfills.js
[2026-02-11T16:25:40.488Z] [INFO] [RES] GET /polyfills.js headersSent=false ended=false (2ms)
[2026-02-11T16:25:40.489Z] [INFO] [REQ] GET /main.js
[2026-02-11T16:25:40.490Z] [INFO] [RES] GET /main.js headersSent=false ended=false (1ms)
[2026-02-11T16:25:46.965Z] [INFO] [REQ] GET /
[2026-02-11T16:25:46.966Z] [INFO] [RES] GET / headersSent=false ended=false (1ms)
[2026-02-11T16:25:47.000Z] [INFO] [REQ] GET /styles.css
[2026-02-11T16:25:47.001Z] [INFO] [RES] GET /styles.css headersSent=false ended=false (1ms)
[2026-02-11T16:25:47.003Z] [INFO] [REQ] GET /polyfills.js
[2026-02-11T16:25:47.004Z] [INFO] [RES] GET /polyfills.js headersSent=false ended=false (1ms)
[2026-02-11T16:25:47.004Z] [INFO] [REQ] GET /main.js
[2026-02-11T16:25:47.005Z] [INFO] [RES] GET /main.js headersSent=false ended=false (1ms)
[2026-02-11T16:26:40.505Z] [INFO] [REQ] GET /login
[2026-02-11T16:26:40.507Z] [INFO] [RES] GET /login headersSent=false ended=false (2ms)
[2026-02-11T16:26:40.532Z] [INFO] [REQ] GET /styles.css
[2026-02-11T16:26:40.533Z] [INFO] [RES] GET /styles.css headersSent=false ended=false (1ms)
[2026-02-11T16:26:40.534Z] [INFO] [REQ] GET /polyfills.js
[2026-02-11T16:26:40.535Z] [INFO] [RES] GET /polyfills.js headersSent=false ended=false (1ms)
[2026-02-11T16:26:40.536Z] [INFO] [REQ] GET /main.js
[2026-02-11T16:26:40.537Z] [INFO] [RES] GET /main.js headersSent=false ended=false (1ms)
[2026-02-11T16:27:27.076Z] [INFO] [REQ] GET /login
[2026-02-11T16:27:27.084Z] [INFO] [RES] GET /login headersSent=false ended=false (8ms)
[2026-02-11T16:27:27.109Z] [INFO] [REQ] GET /styles.css
[2026-02-11T16:27:27.110Z] [INFO] [RES] GET /styles.css headersSent=false ended=false (1ms)
[2026-02-11T16:27:27.111Z] [INFO] [REQ] GET /polyfills.js
[2026-02-11T16:27:27.112Z] [INFO] [RES] GET /polyfills.js headersSent=false ended=false (1ms)
[2026-02-11T16:27:27.114Z] [INFO] [REQ] GET /main.js
[2026-02-11T16:27:27.115Z] [INFO] [RES] GET /main.js headersSent=false ended=false (1ms)
[2026-02-11T16:28:26.174Z] [INFO] [REQ] POST /session/login
[2026-02-11T16:28:26.176Z] [INFO] [RES] POST /session/login headersSent=false ended=false (2ms)
[2026-02-11T16:30:12.989Z] [INFO] [REQ] POST /jwt/login
[2026-02-11T16:30:12.991Z] [INFO] [RES] POST /jwt/login headersSent=false ended=false (2ms)
[2026-02-11T16:30:15.507Z] [INFO] [REQ] POST /jwt/login
[2026-02-11T16:30:15.510Z] [INFO] [RES] POST /jwt/login headersSent=false ended=false (2ms)
[2026-02-11T16:30:17.727Z] [INFO] [REQ] POST /jwt/login
[2026-02-11T16:30:17.729Z] [INFO] [RES] POST /jwt/login headersSent=false ended=false (2ms)
[2026-02-11T16:32:39.085Z] [INFO] [REQ] POST /session/login
[2026-02-11T16:32:39.087Z] [INFO] [RES] POST /session/login headersSent=false ended=false (2ms)
[2026-02-11T16:34:58.353Z] [INFO] [REQ] GET /login
[2026-02-11T16:34:58.355Z] [INFO] [RES] GET /login headersSent=false ended=false (1ms)
[2026-02-11T16:34:58.355Z] [INFO] [REQ] GET /login
[2026-02-11T16:34:58.356Z] [INFO] [RES] GET /login headersSent=false ended=false (1ms)
[2026-02-11T16:34:58.379Z] [INFO] [REQ] GET /styles.css
[2026-02-11T16:34:58.380Z] [INFO] [RES] GET /styles.css headersSent=false ended=false (1ms)
[2026-02-11T16:34:58.386Z] [INFO] [REQ] GET /polyfills.js
[2026-02-11T16:34:58.387Z] [INFO] [RES] GET /polyfills.js headersSent=false ended=false (1ms)
[2026-02-11T16:34:58.388Z] [INFO] [REQ] GET /main.js
[2026-02-11T16:34:58.389Z] [INFO] [RES] GET /main.js headersSent=false ended=false (1ms)
[2026-02-11T16:34:58.529Z] [INFO] [REQ] GET /favicon.ico
[2026-02-11T16:34:58.531Z] [INFO] [RES] GET /favicon.ico headersSent=false ended=false (2ms)
[2026-02-11T16:35:10.265Z] [INFO] [REQ] POST /session/login
[2026-02-11T16:35:10.267Z] [INFO] [RES] POST /session/login headersSent=false ended=false (2ms)
[2026-02-11T16:36:51.564Z] [INFO] [REQ] POST /session/login
[2026-02-11T16:36:51.566Z] [INFO] [RES] POST /session/login headersSent=false ended=false (2ms)
[2026-02-11T16:46:32.255Z] [INFO] [REQ] GET /login
[2026-02-11T16:46:32.269Z] [INFO] [RES] GET /login headersSent=false ended=false (14ms)
[2026-02-11T16:46:32.307Z] [INFO] [REQ] GET /styles.css
[2026-02-11T16:46:32.308Z] [INFO] [RES] GET /styles.css headersSent=false ended=false (1ms)
[2026-02-11T16:46:32.309Z] [INFO] [REQ] GET /polyfills.js
[2026-02-11T16:46:32.311Z] [INFO] [RES] GET /polyfills.js headersSent=false ended=false (2ms)
[2026-02-11T16:46:32.312Z] [INFO] [REQ] GET /main.js
[2026-02-11T16:46:32.313Z] [INFO] [RES] GET /main.js headersSent=false ended=false (1ms)
[2026-02-11T16:46:32.466Z] [INFO] [REQ] GET /favicon.ico
[2026-02-11T16:46:32.467Z] [INFO] [RES] GET /favicon.ico headersSent=false ended=false (1ms)
[2026-02-11T16:46:38.205Z] [INFO] [REQ] POST /session/login
[2026-02-11T16:46:38.207Z] [INFO] [RES] POST /session/login headersSent=false ended=false (2ms)
[2026-02-11T16:47:07.285Z] [INFO] [REQ] GET /auth/me
[2026-02-11T16:47:07.287Z] [INFO] [RES] GET /auth/me headersSent=false ended=false (2ms)
[2026-02-11T16:47:07.293Z] [INFO] [REQ] GET /auth/me
[2026-02-11T16:47:07.294Z] [INFO] [RES] GET /auth/me headersSent=false ended=false (1ms)
[2026-02-11T16:47:07.333Z] [INFO] [REQ] GET /auth/me
[2026-02-11T16:47:07.335Z] [INFO] [RES] GET /auth/me headersSent=false ended=false (2ms)
[2026-02-11T16:47:07.368Z] [INFO] [REQ] GET /favicon.ico
[2026-02-11T16:47:07.370Z] [INFO] [RES] GET /favicon.ico headersSent=false ended=false (2ms)
[2026-02-11T16:47:22.785Z] [INFO] [REQ] GET /auth/me
[2026-02-11T16:47:22.786Z] [INFO] [RES] GET /auth/me headersSent=false ended=false (2ms)
[2026-02-11T16:47:30.014Z] [INFO] [REQ] GET /db/private/docs
[2026-02-11T16:47:30.016Z] [INFO] [RES] GET /db/private/docs headersSent=false ended=false (2ms)
[2026-02-11T16:47:52.992Z] [INFO] [REQ] GET /favicon.ico
[2026-02-11T16:47:52.993Z] [INFO] [RES] GET /favicon.ico headersSent=false ended=false (1ms)
[2026-02-11T16:48:02.198Z] [INFO] [REQ] GET /db/public/user
[2026-02-11T16:48:02.200Z] [INFO] [RES] GET /db/public/user headersSent=false ended=false (2ms)
[2026-02-11T16:48:04.763Z] [INFO] [REQ] GET /db/public/users
[2026-02-11T16:48:04.764Z] [INFO] [RES] GET /db/public/users headersSent=false ended=false (1ms)
[2026-02-11T16:58:19.617Z] [INFO] [REQ] GET /favicon.ico
[2026-02-11T16:58:19.618Z] [INFO] [RES] GET /favicon.ico headersSent=false ended=false (1ms)
[2026-02-11T16:58:26.711Z] [INFO] [REQ] GET /oauth/login
[2026-02-11T16:58:26.712Z] [INFO] [OAUTH] intercepted GET /oauth/login
[2026-02-11T16:58:26.715Z] [INFO] [RES] GET /oauth/login headersSent=true ended=true (4ms)
[2026-02-11T16:58:29.702Z] [INFO] [REQ] GET /oauth/callback
[2026-02-11T16:58:29.703Z] [INFO] [OAUTH] intercepted GET /oauth/callback
[2026-02-11T16:58:43.738Z] [INFO] [RES] GET /oauth/callback headersSent=true ended=true (14036ms)
[2026-02-11T16:58:43.742Z] [INFO] [REQ] GET /dashboard
[2026-02-11T16:58:43.743Z] [INFO] [RES] GET /dashboard headersSent=false ended=false (1ms)
[2026-02-11T16:58:43.806Z] [INFO] [REQ] GET /styles.css
[2026-02-11T16:58:43.808Z] [INFO] [RES] GET /styles.css headersSent=false ended=false (2ms)
[2026-02-11T16:58:43.809Z] [INFO] [REQ] GET /polyfills.js
[2026-02-11T16:58:43.811Z] [INFO] [RES] GET /polyfills.js headersSent=false ended=false (2ms)
[2026-02-11T16:58:43.813Z] [INFO] [REQ] GET /main.js
[2026-02-11T16:58:43.814Z] [INFO] [RES] GET /main.js headersSent=false ended=false (1ms)
[2026-02-11T16:58:44.048Z] [INFO] [REQ] GET /auth/me
[2026-02-11T16:58:44.049Z] [INFO] [RES] GET /auth/me headersSent=false ended=false (1ms)
[2026-02-11T16:58:44.078Z] [INFO] [REQ] GET /auth/me
[2026-02-11T16:58:44.079Z] [INFO] [RES] GET /auth/me headersSent=false ended=false (1ms)
[2026-02-11T16:58:44.163Z] [INFO] [REQ] GET /favicon.ico
[2026-02-11T16:58:44.164Z] [INFO] [RES] GET /favicon.ico headersSent=false ended=false (1ms)
[2026-02-11T16:58:53.415Z] [INFO] [REQ] GET /favicon.ico
[2026-02-11T16:58:53.416Z] [INFO] [RES] GET /favicon.ico headersSent=false ended=false (1ms)
[2026-02-11T16:58:56.899Z] [INFO] [REQ] GET /favicon.ico
[2026-02-11T16:58:56.900Z] [INFO] [RES] GET /favicon.ico headersSent=false ended=false (1ms)
[2026-02-11T16:58:59.784Z] [INFO] [REQ] GET /db/public/users
[2026-02-11T16:58:59.785Z] [INFO] [RES] GET /db/public/users headersSent=false ended=false (1ms)
[2026-02-11T16:59:04.592Z] [INFO] [REQ] GET /auth/me
[2026-02-11T16:59:04.594Z] [INFO] [RES] GET /auth/me headersSent=false ended=false (2ms)
[2026-02-11T16:59:04.611Z] [INFO] [REQ] GET /auth/me
[2026-02-11T16:59:04.612Z] [INFO] [RES] GET /auth/me headersSent=false ended=false (1ms)
[2026-02-11T16:59:04.619Z] [INFO] [REQ] GET /favicon.ico
[2026-02-11T16:59:04.620Z] [INFO] [RES] GET /favicon.ico headersSent=false ended=false (1ms)
[2026-02-11T16:59:11.313Z] [INFO] [REQ] GET /auth/me
[2026-02-11T16:59:11.314Z] [INFO] [RES] GET /auth/me headersSent=false ended=false (1ms)
[2026-02-11T16:59:13.082Z] [INFO] [REQ] POST /auth/logout
[2026-02-11T16:59:13.084Z] [INFO] [RES] POST /auth/logout headersSent=false ended=false (2ms)
[2026-02-11T16:59:13.100Z] [INFO] [REQ] GET /login
[2026-02-11T16:59:13.101Z] [INFO] [RES] GET /login headersSent=false ended=false (1ms)
[2026-02-11T16:59:13.130Z] [INFO] [REQ] GET /styles.css
[2026-02-11T16:59:13.131Z] [INFO] [RES] GET /styles.css headersSent=false ended=false (1ms)
[2026-02-11T16:59:13.137Z] [INFO] [REQ] GET /polyfills.js
[2026-02-11T16:59:13.139Z] [INFO] [RES] GET /polyfills.js headersSent=false ended=false (2ms)
[2026-02-11T16:59:13.140Z] [INFO] [REQ] GET /main.js
[2026-02-11T16:59:13.141Z] [INFO] [RES] GET /main.js headersSent=false ended=false (1ms)
[2026-02-11T16:59:13.235Z] [INFO] [REQ] GET /favicon.ico
[2026-02-11T16:59:13.237Z] [INFO] [RES] GET /favicon.ico headersSent=false ended=false (2ms)
[2026-02-11T16:59:22.323Z] [INFO] [REQ] POST /jwt/login
[2026-02-11T16:59:22.324Z] [INFO] [RES] POST /jwt/login headersSent=false ended=false (1ms)
[2026-02-11T16:59:29.156Z] [INFO] [REQ] GET /auth/me
[2026-02-11T16:59:29.157Z] [INFO] [RES] GET /auth/me headersSent=false ended=false (1ms)
[2026-02-11T16:59:29.166Z] [INFO] [REQ] GET /auth/me
[2026-02-11T16:59:29.167Z] [INFO] [RES] GET /auth/me headersSent=false ended=false (1ms)
[2026-02-11T16:59:29.186Z] [INFO] [REQ] GET /auth/me
[2026-02-11T16:59:29.187Z] [INFO] [RES] GET /auth/me headersSent=false ended=false (1ms)
[2026-02-11T16:59:29.193Z] [INFO] [REQ] GET /favicon.ico
[2026-02-11T16:59:29.195Z] [INFO] [RES] GET /favicon.ico headersSent=false ended=false (2ms)
[2026-02-11T16:59:46.855Z] [INFO] [REQ] POST /auth/logout
[2026-02-11T16:59:46.857Z] [INFO] [RES] POST /auth/logout headersSent=false ended=false (2ms)
[2026-02-11T16:59:46.871Z] [INFO] [REQ] GET /login
[2026-02-11T16:59:46.872Z] [INFO] [RES] GET /login headersSent=false ended=false (1ms)
[2026-02-11T16:59:46.898Z] [INFO] [REQ] GET /styles.css
[2026-02-11T16:59:46.899Z] [INFO] [RES] GET /styles.css headersSent=false ended=false (1ms)
[2026-02-11T16:59:46.900Z] [INFO] [REQ] GET /polyfills.js
[2026-02-11T16:59:46.904Z] [INFO] [RES] GET /polyfills.js headersSent=false ended=false (4ms)
[2026-02-11T16:59:46.906Z] [INFO] [REQ] GET /main.js
[2026-02-11T16:59:46.907Z] [INFO] [RES] GET /main.js headersSent=false ended=false (2ms)
[2026-02-11T16:59:46.991Z] [INFO] [REQ] GET /favicon.ico
[2026-02-11T16:59:46.992Z] [INFO] [RES] GET /favicon.ico headersSent=false ended=false (1ms)
[2026-02-11T16:59:53.494Z] [INFO] [REQ] POST /jwt/login
[2026-02-11T16:59:53.495Z] [INFO] [RES] POST /jwt/login headersSent=false ended=false (1ms)
[2026-02-11T16:59:53.502Z] [INFO] [REQ] GET /auth/me
[2026-02-11T16:59:53.503Z] [INFO] [RES] GET /auth/me headersSent=false ended=false (1ms)
[2026-02-11T16:59:53.507Z] [INFO] [REQ] GET /auth/me
[2026-02-11T16:59:53.508Z] [INFO] [RES] GET /auth/me headersSent=false ended=false (1ms)
[2026-02-11T16:59:53.523Z] [INFO] [REQ] GET /auth/me
[2026-02-11T16:59:53.525Z] [INFO] [RES] GET /auth/me headersSent=false ended=false (2ms)
[2026-02-11T16:59:53.535Z] [INFO] [REQ] GET /favicon.ico
[2026-02-11T16:59:53.537Z] [INFO] [RES] GET /favicon.ico headersSent=false ended=false (2ms)
[2026-02-11T16:59:59.593Z] [INFO] [REQ] GET /db/private/user
[2026-02-11T16:59:59.594Z] [INFO] [RES] GET /db/private/user headersSent=false ended=false (1ms)
[2026-02-11T17:00:02.560Z] [INFO] [REQ] GET /db/private/user
[2026-02-11T17:00:02.561Z] [INFO] [RES] GET /db/private/user headersSent=false ended=false (1ms)
[2026-02-11T17:00:03.663Z] [INFO] [REQ] GET /db/private/users
[2026-02-11T17:00:03.664Z] [INFO] [RES] GET /db/private/users headersSent=false ended=false (1ms)
[2026-02-11T17:00:06.400Z] [INFO] [REQ] GET /db/private/user
[2026-02-11T17:00:06.401Z] [INFO] [RES] GET /db/private/user headersSent=false ended=false (1ms)
[2026-02-11T17:00:09.587Z] [INFO] [REQ] GET /db/private/user
[2026-02-11T17:00:09.589Z] [INFO] [RES] GET /db/private/user headersSent=false ended=false (2ms)
[2026-02-11T17:00:10.878Z] [INFO] [REQ] GET /db/private/docs
[2026-02-11T17:00:10.879Z] [INFO] [RES] GET /db/private/docs headersSent=false ended=false (1ms)
[2026-02-11T18:16:37.288Z] [INFO] [REQ] GET /dashboard
[2026-02-11T18:16:37.298Z] [INFO] [RES] GET /dashboard headersSent=false ended=false (10ms)
[2026-02-11T18:16:37.322Z] [INFO] [REQ] GET /styles.css
[2026-02-11T18:16:37.324Z] [INFO] [RES] GET /styles.css headersSent=false ended=false (2ms)
[2026-02-11T18:16:37.329Z] [INFO] [REQ] GET /polyfills.js
[2026-02-11T18:16:37.331Z] [INFO] [RES] GET /polyfills.js headersSent=false ended=false (2ms)
[2026-02-11T18:16:37.332Z] [INFO] [REQ] GET /main.js
[2026-02-11T18:16:37.333Z] [INFO] [RES] GET /main.js headersSent=false ended=false (1ms)
[2026-02-11T18:16:37.442Z] [INFO] [REQ] GET /auth/me
[2026-02-11T18:16:37.445Z] [INFO] [RES] GET /auth/me headersSent=false ended=false (3ms)
[2026-02-11T18:16:37.454Z] [INFO] [REQ] GET /favicon.ico
[2026-02-11T18:16:37.459Z] [INFO] [RES] GET /favicon.ico headersSent=false ended=false (5ms)
[2026-02-11T18:16:37.469Z] [INFO] [REQ] GET /auth/me
[2026-02-11T18:16:37.474Z] [INFO] [RES] GET /auth/me headersSent=false ended=false (5ms)
[2026-02-11T18:16:46.209Z] [INFO] [REQ] POST /auth/logout
[2026-02-11T18:16:46.211Z] [INFO] [RES] POST /auth/logout headersSent=false ended=false (2ms)
[2026-02-11T18:16:46.227Z] [INFO] [REQ] GET /login
[2026-02-11T18:16:46.229Z] [INFO] [RES] GET /login headersSent=false ended=false (2ms)
[2026-02-11T18:16:46.251Z] [INFO] [REQ] GET /styles.css
[2026-02-11T18:16:46.252Z] [INFO] [RES] GET /styles.css headersSent=false ended=false (1ms)
[2026-02-11T18:16:46.258Z] [INFO] [REQ] GET /polyfills.js
[2026-02-11T18:16:46.260Z] [INFO] [RES] GET /polyfills.js headersSent=false ended=false (2ms)
[2026-02-11T18:16:46.261Z] [INFO] [REQ] GET /main.js
[2026-02-11T18:16:46.262Z] [INFO] [RES] GET /main.js headersSent=false ended=false (1ms)
[2026-02-11T18:16:46.333Z] [INFO] [REQ] GET /favicon.ico
[2026-02-11T18:16:46.334Z] [INFO] [RES] GET /favicon.ico headersSent=false ended=false (1ms)
[2026-02-11T18:16:54.675Z] [INFO] [REQ] POST /jwt/login
[2026-02-11T18:16:54.677Z] [INFO] [RES] POST /jwt/login headersSent=false ended=false (2ms)
[2026-02-11T18:16:54.736Z] [INFO] [REQ] GET /auth/me
[2026-02-11T18:16:54.739Z] [INFO] [RES] GET /auth/me headersSent=false ended=false (3ms)
[2026-02-11T18:16:54.744Z] [INFO] [REQ] GET /auth/me
[2026-02-11T18:16:54.746Z] [INFO] [RES] GET /auth/me headersSent=false ended=false (2ms)
[2026-02-11T18:16:54.760Z] [INFO] [REQ] GET /auth/me
[2026-02-11T18:16:54.763Z] [INFO] [RES] GET /auth/me headersSent=false ended=false (3ms)
[2026-02-11T18:16:54.769Z] [INFO] [REQ] GET /favicon.ico
[2026-02-11T18:16:54.770Z] [INFO] [RES] GET /favicon.ico headersSent=false ended=false (1ms)
[2026-02-11T18:17:00.856Z] [INFO] [REQ] GET /db/private/users
[2026-02-11T18:17:00.858Z] [INFO] [RES] GET /db/private/users headersSent=false ended=false (2ms)
[2026-02-11T18:17:06.172Z] [INFO] [REQ] GET /db/private/user
[2026-02-11T18:17:06.174Z] [INFO] [RES] GET /db/private/user headersSent=false ended=false (2ms)
[2026-02-11T18:17:07.979Z] [INFO] [REQ] GET /db/private/docs
[2026-02-11T18:17:07.981Z] [INFO] [RES] GET /db/private/docs headersSent=false ended=false (2ms)
[2026-02-11T19:18:21.458Z] [INFO] [REQ] POST /auth/logout
[2026-02-11T19:18:21.462Z] [INFO] [RES] POST /auth/logout headersSent=true ended=true (4ms)
[2026-02-11T19:18:21.476Z] [INFO] [REQ] GET /login
[2026-02-11T19:18:21.478Z] [INFO] [RES] GET /login headersSent=false ended=false (2ms)
[2026-02-11T19:18:21.506Z] [INFO] [REQ] GET /styles.css
[2026-02-11T19:18:21.508Z] [INFO] [RES] GET /styles.css headersSent=false ended=false (2ms)
[2026-02-11T19:18:21.508Z] [INFO] [REQ] GET /polyfills.js
[2026-02-11T19:18:21.509Z] [INFO] [RES] GET /polyfills.js headersSent=false ended=false (1ms)
[2026-02-11T19:18:21.511Z] [INFO] [REQ] GET /main.js
[2026-02-11T19:18:21.513Z] [INFO] [RES] GET /main.js headersSent=false ended=false (2ms)
[2026-02-11T19:18:21.629Z] [INFO] [REQ] GET /favicon.ico
[2026-02-11T19:18:21.630Z] [INFO] [RES] GET /favicon.ico headersSent=false ended=false (1ms)
[2026-02-11T19:18:32.256Z] [INFO] [REQ] GET /auth/me
[2026-02-11T19:18:32.257Z] [INFO] [RES] GET /auth/me headersSent=false ended=false (1ms)
[2026-02-11T19:18:34.329Z] [INFO] [REQ] GET /auth/me
[2026-02-11T19:18:34.330Z] [INFO] [RES] GET /auth/me headersSent=false ended=false (1ms)
[2026-02-11T19:18:34.967Z] [INFO] [REQ] GET /auth/me
[2026-02-11T19:18:34.968Z] [INFO] [RES] GET /auth/me headersSent=false ended=false (1ms)
[2026-02-11T19:18:35.469Z] [INFO] [REQ] GET /auth/me
[2026-02-11T19:18:35.471Z] [INFO] [RES] GET /auth/me headersSent=false ended=false (2ms)
[2026-02-11T19:18:39.924Z] [INFO] [REQ] GET /auth/me
[2026-02-11T19:18:39.926Z] [INFO] [RES] GET /auth/me headersSent=false ended=false (2ms)
[2026-02-11T19:18:41.165Z] [INFO] [REQ] GET /favicon.ico
[2026-02-11T19:18:41.166Z] [INFO] [RES] GET /favicon.ico headersSent=false ended=false (1ms)
[2026-02-11T19:18:43.231Z] [INFO] [REQ] GET /db/public/users
[2026-02-11T19:18:43.233Z] [INFO] [RES] GET /db/public/users headersSent=false ended=false (2ms)
[2026-02-11T19:18:49.480Z] [INFO] [REQ] GET /db/public/user
[2026-02-11T19:18:49.481Z] [INFO] [RES] GET /db/public/user headersSent=false ended=false (1ms)
[2026-02-11T19:18:55.097Z] [INFO] [REQ] GET /auth/me
[2026-02-11T19:18:55.098Z] [INFO] [RES] GET /auth/me headersSent=false ended=false (1ms)
[2026-02-11T19:18:55.119Z] [INFO] [REQ] GET /favicon.ico
[2026-02-11T19:18:55.122Z] [INFO] [RES] GET /favicon.ico headersSent=false ended=false (3ms)
[2026-02-11T19:19:05.209Z] [INFO] [REQ] GET /auth/me
[2026-02-11T19:19:05.210Z] [INFO] [RES] GET /auth/me headersSent=false ended=false (1ms)
[2026-02-11T19:19:06.751Z] [INFO] [REQ] GET /auth/me
[2026-02-11T19:19:06.752Z] [INFO] [RES] GET /auth/me headersSent=false ended=false (1ms)
[2026-02-11T19:19:07.067Z] [INFO] [REQ] GET /auth/me
[2026-02-11T19:19:07.068Z] [INFO] [RES] GET /auth/me headersSent=false ended=false (1ms)
[2026-02-11T19:19:07.247Z] [INFO] [REQ] GET /auth/me
[2026-02-11T19:19:07.248Z] [INFO] [RES] GET /auth/me headersSent=false ended=false (1ms)
[2026-02-11T19:19:09.103Z] [INFO] [REQ] GET /favicon.ico
[2026-02-11T19:19:09.105Z] [INFO] [RES] GET /favicon.ico headersSent=false ended=false (2ms)
[2026-02-11T19:19:16.712Z] [INFO] [REQ] GET /dashboard
[2026-02-11T19:19:16.714Z] [INFO] [RES] GET /dashboard headersSent=false ended=false (2ms)
[2026-02-11T19:19:16.743Z] [INFO] [REQ] GET /styles.css
[2026-02-11T19:19:16.744Z] [INFO] [RES] GET /styles.css headersSent=false ended=false (1ms)
[2026-02-11T19:19:16.745Z] [INFO] [REQ] GET /polyfills.js
[2026-02-11T19:19:16.746Z] [INFO] [RES] GET /polyfills.js headersSent=false ended=false (1ms)
[2026-02-11T19:19:16.748Z] [INFO] [REQ] GET /main.js
[2026-02-11T19:19:16.749Z] [INFO] [RES] GET /main.js headersSent=false ended=false (1ms)
[2026-02-11T19:19:16.816Z] [INFO] [REQ] GET /auth/me
[2026-02-11T19:19:16.817Z] [INFO] [RES] GET /auth/me headersSent=false ended=false (1ms)
[2026-02-11T19:19:16.827Z] [INFO] [REQ] GET /favicon.ico
[2026-02-11T19:19:16.829Z] [INFO] [RES] GET /favicon.ico headersSent=false ended=false (2ms)
[2026-02-11T19:19:16.848Z] [INFO] [REQ] GET /favicon.ico
[2026-02-11T19:19:16.849Z] [INFO] [RES] GET /favicon.ico headersSent=false ended=false (1ms)
[2026-02-11T19:20:53.744Z] [INFO] [REQ] POST /session/login
[2026-02-11T19:20:53.746Z] [INFO] [RES] POST /session/login headersSent=false ended=false (2ms)
[2026-02-11T19:20:53.752Z] [INFO] [REQ] GET /auth/me
[2026-02-11T19:20:53.754Z] [INFO] [RES] GET /auth/me headersSent=false ended=false (2ms)
[2026-02-11T19:20:53.759Z] [INFO] [REQ] GET /auth/me
[2026-02-11T19:20:53.760Z] [INFO] [RES] GET /auth/me headersSent=false ended=false (1ms)
[2026-02-11T19:20:53.772Z] [INFO] [REQ] GET /auth/me
[2026-02-11T19:20:53.774Z] [INFO] [RES] GET /auth/me headersSent=false ended=false (2ms)
[2026-02-11T19:20:53.781Z] [INFO] [REQ] GET /favicon.ico
[2026-02-11T19:20:53.783Z] [INFO] [RES] GET /favicon.ico headersSent=false ended=false (2ms)
[2026-02-11T19:20:58.714Z] [INFO] [REQ] GET /db/private/users
[2026-02-11T19:20:58.716Z] [INFO] [RES] GET /db/private/users headersSent=false ended=false (2ms)
[2026-02-11T19:21:04.942Z] [INFO] [REQ] GET /favicon.ico
[2026-02-11T19:21:04.944Z] [INFO] [RES] GET /favicon.ico headersSent=false ended=false (2ms)
[2026-02-11T19:21:13.304Z] [INFO] [REQ] GET /dashboard
[2026-02-11T19:21:13.305Z] [INFO] [RES] GET /dashboard headersSent=false ended=false (1ms)
[2026-02-11T19:21:13.333Z] [INFO] [REQ] GET /styles.css
[2026-02-11T19:21:13.334Z] [INFO] [RES] GET /styles.css headersSent=false ended=false (1ms)
[2026-02-11T19:21:13.342Z] [INFO] [REQ] GET /polyfills.js
[2026-02-11T19:21:13.344Z] [INFO] [RES] GET /polyfills.js headersSent=false ended=false (2ms)
[2026-02-11T19:21:13.344Z] [INFO] [REQ] GET /main.js
[2026-02-11T19:21:13.345Z] [INFO] [RES] GET /main.js headersSent=false ended=false (1ms)
[2026-02-11T19:21:13.407Z] [INFO] [REQ] GET /auth/me
[2026-02-11T19:21:13.409Z] [INFO] [RES] GET /auth/me headersSent=false ended=false (2ms)
[2026-02-11T19:21:13.414Z] [INFO] [REQ] GET /favicon.ico
[2026-02-11T19:21:13.415Z] [INFO] [RES] GET /favicon.ico headersSent=false ended=false (1ms)
[2026-02-11T19:21:13.421Z] [INFO] [REQ] GET /auth/me
[2026-02-11T19:21:13.422Z] [INFO] [RES] GET /auth/me headersSent=false ended=false (1ms)
[2026-02-11T19:21:20.527Z] [INFO] [REQ] GET /db/private/docs
[2026-02-11T19:21:20.528Z] [INFO] [RES] GET /db/private/docs headersSent=false ended=false (1ms)
[2026-02-11T19:21:22.063Z] [INFO] [REQ] GET /db/private/user
[2026-02-11T19:21:22.064Z] [INFO] [RES] GET /db/private/user headersSent=false ended=false (1ms)
[2026-02-11T19:21:45.097Z] [INFO] [REQ] GET /auth/me
[2026-02-11T19:21:45.098Z] [INFO] [RES] GET /auth/me headersSent=false ended=false (1ms)
[2026-02-11T19:21:49.259Z] [INFO] [REQ] POST /auth/logout
[2026-02-11T19:21:49.260Z] [INFO] [RES] POST /auth/logout headersSent=false ended=false (1ms)
[2026-02-11T19:21:49.275Z] [INFO] [REQ] GET /login
[2026-02-11T19:21:49.276Z] [INFO] [RES] GET /login headersSent=false ended=false (1ms)
[2026-02-11T19:21:49.304Z] [INFO] [REQ] GET /styles.css
[2026-02-11T19:21:49.306Z] [INFO] [RES] GET /styles.css headersSent=false ended=false (2ms)
[2026-02-11T19:21:49.306Z] [INFO] [REQ] GET /polyfills.js
[2026-02-11T19:21:49.308Z] [INFO] [RES] GET /polyfills.js headersSent=false ended=false (2ms)
[2026-02-11T19:21:49.311Z] [INFO] [REQ] GET /main.js
[2026-02-11T19:21:49.312Z] [INFO] [RES] GET /main.js headersSent=false ended=false (1ms)
[2026-02-11T19:21:49.406Z] [INFO] [REQ] GET /favicon.ico
[2026-02-11T19:21:49.408Z] [INFO] [RES] GET /favicon.ico headersSent=false ended=false (2ms)
[2026-02-11T19:21:55.702Z] [INFO] [REQ] POST /jwt/login
[2026-02-11T19:21:55.704Z] [INFO] [RES] POST /jwt/login headersSent=false ended=false (2ms)
[2026-02-11T19:21:55.712Z] [INFO] [REQ] GET /auth/me
[2026-02-11T19:21:55.714Z] [INFO] [RES] GET /auth/me headersSent=false ended=false (2ms)
[2026-02-11T19:21:55.718Z] [INFO] [REQ] GET /auth/me
[2026-02-11T19:21:55.721Z] [INFO] [RES] GET /auth/me headersSent=false ended=false (3ms)
[2026-02-11T19:21:55.731Z] [INFO] [REQ] GET /auth/me
[2026-02-11T19:21:55.733Z] [INFO] [RES] GET /auth/me headersSent=false ended=false (2ms)
[2026-02-11T19:21:55.739Z] [INFO] [REQ] GET /favicon.ico
[2026-02-11T19:21:55.740Z] [INFO] [RES] GET /favicon.ico headersSent=false ended=false (1ms)
[2026-02-11T19:22:01.379Z] [INFO] [REQ] GET /db/private/user
[2026-02-11T19:22:01.381Z] [INFO] [RES] GET /db/private/user headersSent=false ended=false (2ms)
[2026-02-11T19:22:03.164Z] [INFO] [REQ] GET /db/private/docs
[2026-02-11T19:22:03.166Z] [INFO] [RES] GET /db/private/docs headersSent=false ended=false (2ms)
[2026-02-11T19:22:07.094Z] [INFO] [REQ] GET /db/private/users
[2026-02-11T19:22:07.096Z] [INFO] [RES] GET /db/private/users headersSent=false ended=false (2ms)
[2026-02-11T19:22:19.063Z] [INFO] [REQ] GET /favicon.ico
[2026-02-11T19:22:19.064Z] [INFO] [RES] GET /favicon.ico headersSent=false ended=false (1ms)
[2026-02-11T19:22:20.280Z] [INFO] [REQ] GET /auth/me
[2026-02-11T19:22:20.282Z] [INFO] [RES] GET /auth/me headersSent=false ended=false (2ms)
[2026-02-11T19:22:20.295Z] [INFO] [REQ] GET /auth/me
[2026-02-11T19:22:20.297Z] [INFO] [RES] GET /auth/me headersSent=false ended=false (2ms)
[2026-02-11T19:22:20.301Z] [INFO] [REQ] GET /favicon.ico
[2026-02-11T19:22:20.302Z] [INFO] [RES] GET /favicon.ico headersSent=false ended=false (1ms)
[2026-02-11T19:22:26.550Z] [INFO] [REQ] GET /db/private/docs
[2026-02-11T19:22:26.552Z] [INFO] [RES] GET /db/private/docs headersSent=false ended=false (2ms)
[2026-02-11T19:22:27.667Z] [INFO] [REQ] GET /db/private/user
[2026-02-11T19:22:27.669Z] [INFO] [RES] GET /db/private/user headersSent=false ended=false (2ms)
[2026-02-11T19:22:28.896Z] [INFO] [REQ] GET /db/private/users
[2026-02-11T19:22:28.899Z] [INFO] [RES] GET /db/private/users headersSent=false ended=false (3ms)
[2026-02-11T19:22:31.499Z] [INFO] [REQ] POST /auth/logout
[2026-02-11T19:22:31.501Z] [INFO] [RES] POST /auth/logout headersSent=false ended=false (2ms)
[2026-02-11T19:22:31.514Z] [INFO] [REQ] GET /login
[2026-02-11T19:22:31.516Z] [INFO] [RES] GET /login headersSent=false ended=false (2ms)
[2026-02-11T19:22:31.552Z] [INFO] [REQ] GET /styles.css
[2026-02-11T19:22:31.553Z] [INFO] [RES] GET /styles.css headersSent=false ended=false (1ms)
[2026-02-11T19:22:31.554Z] [INFO] [REQ] GET /polyfills.js
[2026-02-11T19:22:31.555Z] [INFO] [RES] GET /polyfills.js headersSent=false ended=false (1ms)
[2026-02-11T19:22:31.556Z] [INFO] [REQ] GET /main.js
[2026-02-11T19:22:31.558Z] [INFO] [RES] GET /main.js headersSent=false ended=false (2ms)
[2026-02-11T19:22:31.639Z] [INFO] [REQ] GET /favicon.ico
[2026-02-11T19:22:31.640Z] [INFO] [RES] GET /favicon.ico headersSent=false ended=false (1ms)
[2026-02-11T19:22:33.542Z] [INFO] [REQ] GET /oauth/login
[2026-02-11T19:22:33.543Z] [INFO] [OAUTH] intercepted GET /oauth/login
[2026-02-11T19:22:33.545Z] [INFO] [RES] GET /oauth/login headersSent=true ended=true (3ms)
[2026-02-11T19:22:36.617Z] [INFO] [REQ] GET /oauth/callback
[2026-02-11T19:22:36.619Z] [INFO] [OAUTH] intercepted GET /oauth/callback
[2026-02-11T19:22:36.979Z] [INFO] [RES] GET /oauth/callback headersSent=true ended=true (362ms)
[2026-02-11T19:22:36.984Z] [INFO] [REQ] GET /dashboard
[2026-02-11T19:22:36.985Z] [INFO] [RES] GET /dashboard headersSent=false ended=false (1ms)
[2026-02-11T19:22:37.042Z] [INFO] [REQ] GET /styles.css
[2026-02-11T19:22:37.043Z] [INFO] [RES] GET /styles.css headersSent=false ended=false (1ms)
[2026-02-11T19:22:37.055Z] [INFO] [REQ] GET /polyfills.js
[2026-02-11T19:22:37.057Z] [INFO] [RES] GET /polyfills.js headersSent=false ended=false (2ms)
[2026-02-11T19:22:37.058Z] [INFO] [REQ] GET /main.js
[2026-02-11T19:22:37.059Z] [INFO] [RES] GET /main.js headersSent=false ended=false (1ms)
[2026-02-11T19:22:37.163Z] [INFO] [REQ] GET /auth/me
[2026-02-11T19:22:37.164Z] [INFO] [RES] GET /auth/me headersSent=false ended=false (1ms)
[2026-02-11T19:22:37.201Z] [INFO] [REQ] GET /auth/me
[2026-02-11T19:22:37.223Z] [INFO] [RES] GET /auth/me headersSent=false ended=false (22ms)
[2026-02-11T19:22:37.228Z] [INFO] [REQ] GET /favicon.ico
[2026-02-11T19:22:37.230Z] [INFO] [RES] GET /favicon.ico headersSent=false ended=false (2ms)
[2026-02-11T19:22:40.680Z] [INFO] [REQ] GET /db/private/users
[2026-02-11T19:22:40.682Z] [INFO] [RES] GET /db/private/users headersSent=false ended=false (2ms)
[2026-02-11T19:22:42.352Z] [INFO] [REQ] GET /db/private/user
[2026-02-11T19:22:42.354Z] [INFO] [RES] GET /db/private/user headersSent=false ended=false (2ms)
[2026-02-11T19:22:44.122Z] [INFO] [REQ] GET /db/private/user
[2026-02-11T19:22:44.123Z] [INFO] [RES] GET /db/private/user headersSent=false ended=false (1ms)
[2026-02-11T19:22:45.464Z] [INFO] [REQ] GET /db/private/docs
[2026-02-11T19:22:45.466Z] [INFO] [RES] GET /db/private/docs headersSent=false ended=false (2ms)
[2026-02-11T19:22:58.577Z] [INFO] [REQ] GET /db/private/user
[2026-02-11T19:22:58.578Z] [INFO] [RES] GET /db/private/user headersSent=false ended=false (1ms)
[2026-02-11T19:22:59.159Z] [INFO] [REQ] GET /db/private/user
[2026-02-11T19:22:59.161Z] [INFO] [RES] GET /db/private/user headersSent=false ended=false (2ms)
[2026-02-11T19:23:00.796Z] [INFO] [REQ] GET /db/private/users
[2026-02-11T19:23:00.797Z] [INFO] [RES] GET /db/private/users headersSent=false ended=false (1ms)
[2026-02-11T19:23:01.245Z] [INFO] [REQ] GET /db/private/users
[2026-02-11T19:23:01.246Z] [INFO] [RES] GET /db/private/users headersSent=false ended=false (1ms)
[2026-02-11T19:23:01.486Z] [INFO] [REQ] GET /db/private/users
[2026-02-11T19:23:01.487Z] [INFO] [RES] GET /db/private/users headersSent=false ended=false (1ms)
[2026-02-11T19:23:03.233Z] [INFO] [REQ] GET /db/private/user
[2026-02-11T19:23:03.234Z] [INFO] [RES] GET /db/private/user headersSent=false ended=false (1ms)
[2026-02-11T19:23:03.450Z] [INFO] [REQ] GET /db/private/user
[2026-02-11T19:23:03.452Z] [INFO] [RES] GET /db/private/user headersSent=false ended=false (2ms)
[2026-02-11T19:23:04.283Z] [INFO] [REQ] GET /db/private/docs
[2026-02-11T19:23:04.284Z] [INFO] [RES] GET /db/private/docs headersSent=false ended=false (1ms)
[2026-02-11T19:23:04.479Z] [INFO] [REQ] GET /db/private/docs
[2026-02-11T19:23:04.480Z] [INFO] [RES] GET /db/private/docs headersSent=false ended=false (1ms)
[2026-02-11T19:33:51.121Z] [INFO] [REQ] GET /db/private/user
[2026-02-11T19:33:51.123Z] [INFO] [RES] GET /db/private/user headersSent=false ended=false (2ms)
[2026-02-11T19:33:52.416Z] [INFO] [REQ] GET /db/private/docs
[2026-02-11T19:33:52.417Z] [INFO] [RES] GET /db/private/docs headersSent=false ended=false (1ms)
[2026-02-11T20:03:57.684Z] [INFO] [REQ] POST /auth/logout
[2026-02-11T20:03:57.690Z] [INFO] [RES] POST /auth/logout headersSent=false ended=false (6ms)
[2026-02-11T20:03:57.707Z] [INFO] [REQ] GET /login
[2026-02-11T20:03:57.708Z] [INFO] [RES] GET /login headersSent=false ended=false (1ms)
[2026-02-11T20:03:57.740Z] [INFO] [REQ] GET /styles.css
[2026-02-11T20:03:57.741Z] [INFO] [RES] GET /styles.css headersSent=false ended=false (1ms)
[2026-02-11T20:03:57.742Z] [INFO] [REQ] GET /polyfills.js
[2026-02-11T20:03:57.744Z] [INFO] [RES] GET /polyfills.js headersSent=false ended=false (2ms)
[2026-02-11T20:03:57.745Z] [INFO] [REQ] GET /main.js
[2026-02-11T20:03:57.746Z] [INFO] [RES] GET /main.js headersSent=false ended=false (1ms)
[2026-02-11T20:03:57.874Z] [INFO] [REQ] GET /favicon.ico
[2026-02-11T20:03:57.875Z] [INFO] [RES] GET /favicon.ico headersSent=false ended=false (1ms)
[2026-02-11T20:04:00.796Z] [INFO] [REQ] GET /oauth/login
[2026-02-11T20:04:00.798Z] [INFO] [OAUTH] intercepted GET /oauth/login
[2026-02-11T20:04:00.803Z] [INFO] [RES] GET /oauth/login headersSent=true ended=true (7ms)
[2026-02-11T20:04:03.924Z] [INFO] [REQ] GET /oauth/callback
[2026-02-11T20:04:03.926Z] [INFO] [OAUTH] intercepted GET /oauth/callback
[2026-02-11T20:04:04.435Z] [INFO] [RES] GET /oauth/callback headersSent=true ended=true (511ms)
[2026-02-11T20:04:04.438Z] [INFO] [REQ] GET /dashboard
[2026-02-11T20:04:04.439Z] [INFO] [RES] GET /dashboard headersSent=false ended=false (1ms)
[2026-02-11T20:04:04.485Z] [INFO] [REQ] GET /styles.css
[2026-02-11T20:04:04.486Z] [INFO] [RES] GET /styles.css headersSent=false ended=false (1ms)
[2026-02-11T20:04:04.497Z] [INFO] [REQ] GET /polyfills.js
[2026-02-11T20:04:04.499Z] [INFO] [RES] GET /polyfills.js headersSent=false ended=false (1ms)
[2026-02-11T20:04:04.502Z] [INFO] [REQ] GET /main.js
[2026-02-11T20:04:04.503Z] [INFO] [RES] GET /main.js headersSent=false ended=false (1ms)
[2026-02-11T20:04:04.616Z] [INFO] [REQ] GET /auth/me
[2026-02-11T20:04:04.618Z] [INFO] [RES] GET /auth/me headersSent=false ended=false (2ms)
[2026-02-11T20:04:04.649Z] [INFO] [REQ] GET /auth/me
[2026-02-11T20:04:04.651Z] [INFO] [RES] GET /auth/me headersSent=false ended=false (2ms)
[2026-02-11T20:04:04.687Z] [INFO] [REQ] GET /favicon.ico
[2026-02-11T20:04:04.688Z] [INFO] [RES] GET /favicon.ico headersSent=false ended=false (1ms)
[2026-02-11T20:04:07.334Z] [INFO] [REQ] GET /db/private/users
[2026-02-11T20:04:07.335Z] [INFO] [RES] GET /db/private/users headersSent=false ended=false (1ms)
[2026-02-11T20:04:09.560Z] [INFO] [REQ] GET /db/private/user
[2026-02-11T20:04:09.562Z] [INFO] [RES] GET /db/private/user headersSent=false ended=false (2ms)
[2026-02-11T20:04:11.631Z] [INFO] [REQ] GET /db/private/user
[2026-02-11T20:04:11.632Z] [INFO] [RES] GET /db/private/user headersSent=false ended=false (1ms)
[2026-02-11T20:04:13.378Z] [INFO] [REQ] GET /db/private/docs
[2026-02-11T20:04:13.380Z] [INFO] [RES] GET /db/private/docs headersSent=false ended=false (2ms)
[2026-02-11T20:05:14.858Z] [INFO] [REQ] GET /
[2026-02-11T20:05:14.869Z] [INFO] [RES] GET / headersSent=false ended=false (10ms)
[2026-02-11T20:05:14.897Z] [INFO] [REQ] GET /styles.css
[2026-02-11T20:05:14.898Z] [INFO] [RES] GET /styles.css headersSent=false ended=false (1ms)
[2026-02-11T20:05:14.904Z] [INFO] [REQ] GET /polyfills.js
[2026-02-11T20:05:14.906Z] [INFO] [RES] GET /polyfills.js headersSent=false ended=false (2ms)
[2026-02-11T20:05:14.906Z] [INFO] [REQ] GET /main.js
[2026-02-11T20:05:14.907Z] [INFO] [RES] GET /main.js headersSent=false ended=false (1ms)
[2026-02-11T20:05:14.993Z] [INFO] [REQ] GET /favicon.ico
[2026-02-11T20:05:14.994Z] [INFO] [RES] GET /favicon.ico headersSent=false ended=false (1ms)
[2026-02-11T20:05:24.500Z] [INFO] [REQ] GET /login
[2026-02-11T20:05:24.501Z] [INFO] [RES] GET /login headersSent=false ended=false (1ms)
[2026-02-11T20:05:24.521Z] [INFO] [REQ] GET /styles.css
[2026-02-11T20:05:24.522Z] [INFO] [RES] GET /styles.css headersSent=false ended=false (1ms)
[2026-02-11T20:05:24.527Z] [INFO] [REQ] GET /polyfills.js
[2026-02-11T20:05:24.528Z] [INFO] [RES] GET /polyfills.js headersSent=false ended=false (1ms)
[2026-02-11T20:05:24.529Z] [INFO] [REQ] GET /main.js
[2026-02-11T20:05:24.531Z] [INFO] [RES] GET /main.js headersSent=false ended=false (2ms)
[2026-02-11T20:05:24.614Z] [INFO] [REQ] GET /favicon.ico
[2026-02-11T20:05:24.615Z] [INFO] [RES] GET /favicon.ico headersSent=false ended=false (1ms)
[2026-02-11T20:05:38.746Z] [INFO] [REQ] GET /oauth/login
[2026-02-11T20:05:38.747Z] [INFO] [OAUTH] intercepted GET /oauth/login
[2026-02-11T20:05:38.753Z] [INFO] [RES] GET /oauth/login headersSent=true ended=true (7ms)
[2026-02-11T20:05:41.571Z] [INFO] [REQ] GET /oauth/callback
[2026-02-11T20:05:41.574Z] [INFO] [OAUTH] intercepted GET /oauth/callback
[2026-02-11T20:06:31.402Z] [INFO] [RES] GET /oauth/callback headersSent=true ended=true (49831ms)
[2026-02-11T20:06:31.406Z] [INFO] [REQ] GET /dashboard
[2026-02-11T20:06:31.407Z] [INFO] [RES] GET /dashboard headersSent=false ended=false (1ms)
[2026-02-11T20:06:31.457Z] [INFO] [REQ] GET /styles.css
[2026-02-11T20:06:31.458Z] [INFO] [RES] GET /styles.css headersSent=false ended=false (1ms)
[2026-02-11T20:06:31.467Z] [INFO] [REQ] GET /polyfills.js
[2026-02-11T20:06:31.468Z] [INFO] [RES] GET /polyfills.js headersSent=false ended=false (1ms)
[2026-02-11T20:06:31.469Z] [INFO] [REQ] GET /main.js
[2026-02-11T20:06:31.470Z] [INFO] [RES] GET /main.js headersSent=false ended=false (1ms)
[2026-02-11T20:06:31.594Z] [INFO] [REQ] GET /auth/me
[2026-02-11T20:06:31.595Z] [INFO] [RES] GET /auth/me headersSent=false ended=false (1ms)
[2026-02-11T20:06:31.624Z] [INFO] [REQ] GET /auth/me
[2026-02-11T20:06:31.625Z] [INFO] [RES] GET /auth/me headersSent=false ended=false (1ms)
[2026-02-11T20:06:31.684Z] [INFO] [REQ] GET /favicon.ico
[2026-02-11T20:06:31.685Z] [INFO] [RES] GET /favicon.ico headersSent=false ended=false (1ms)
[2026-02-11T20:07:30.860Z] [INFO] [REQ] GET /
[2026-02-11T20:07:30.865Z] [INFO] [RES] GET / headersSent=false ended=false (5ms)
[2026-02-11T20:07:30.941Z] [INFO] [REQ] GET /styles.css
[2026-02-11T20:07:30.943Z] [INFO] [RES] GET /styles.css headersSent=false ended=false (2ms)
[2026-02-11T20:07:30.946Z] [INFO] [REQ] GET /main.js
[2026-02-11T20:07:30.947Z] [INFO] [RES] GET /main.js headersSent=false ended=false (1ms)
[2026-02-11T20:07:30.948Z] [INFO] [REQ] GET /polyfills.js
[2026-02-11T20:07:30.949Z] [INFO] [RES] GET /polyfills.js headersSent=false ended=false (1ms)
[2026-02-11T20:07:31.275Z] [INFO] [REQ] GET /favicon.ico
[2026-02-11T20:07:31.277Z] [INFO] [RES] GET /favicon.ico headersSent=false ended=false (2ms)
[2026-02-11T20:07:38.274Z] [INFO] [REQ] GET /oauth/login
[2026-02-11T20:07:38.275Z] [INFO] [OAUTH] intercepted GET /oauth/login
[2026-02-11T20:07:38.280Z] [INFO] [RES] GET /oauth/login headersSent=true ended=true (6ms)
[2026-02-11T20:07:40.995Z] [INFO] [REQ] GET /oauth/callback
[2026-02-11T20:07:40.999Z] [INFO] [OAUTH] intercepted GET /oauth/callback
[2026-02-11T20:07:41.420Z] [INFO] [RES] GET /oauth/callback headersSent=true ended=true (425ms)
[2026-02-11T20:07:41.425Z] [INFO] [REQ] GET /dashboard
[2026-02-11T20:07:41.426Z] [INFO] [RES] GET /dashboard headersSent=false ended=false (1ms)
[2026-02-11T20:07:41.474Z] [INFO] [REQ] GET /styles.css
[2026-02-11T20:07:41.475Z] [INFO] [RES] GET /styles.css headersSent=false ended=false (1ms)
[2026-02-11T20:07:41.486Z] [INFO] [REQ] GET /polyfills.js
[2026-02-11T20:07:41.490Z] [INFO] [RES] GET /polyfills.js headersSent=false ended=false (4ms)
[2026-02-11T20:07:41.491Z] [INFO] [REQ] GET /main.js
[2026-02-11T20:07:41.492Z] [INFO] [RES] GET /main.js headersSent=false ended=false (1ms)
[2026-02-11T20:07:41.592Z] [INFO] [REQ] GET /auth/me
[2026-02-11T20:07:41.593Z] [INFO] [RES] GET /auth/me headersSent=false ended=false (1ms)
[2026-02-11T20:07:41.626Z] [INFO] [REQ] GET /auth/me
[2026-02-11T20:07:41.628Z] [INFO] [RES] GET /auth/me headersSent=false ended=false (2ms)
[2026-02-11T20:07:41.666Z] [INFO] [REQ] GET /favicon.ico
[2026-02-11T20:07:41.668Z] [INFO] [RES] GET /favicon.ico headersSent=false ended=false (2ms)
[2026-02-11T20:07:44.674Z] [INFO] [REQ] GET /db/private/users
[2026-02-11T20:07:44.676Z] [INFO] [RES] GET /db/private/users headersSent=false ended=false (2ms)
[2026-02-11T20:07:46.880Z] [INFO] [REQ] GET /db/private/user
[2026-02-11T20:07:46.881Z] [INFO] [RES] GET /db/private/user headersSent=false ended=false (1ms)
[2026-02-11T20:07:48.342Z] [INFO] [REQ] GET /db/private/user
[2026-02-11T20:07:48.343Z] [INFO] [RES] GET /db/private/user headersSent=false ended=false (1ms)
[2026-02-11T20:08:33.164Z] [INFO] [REQ] POST /auth/logout
[2026-02-11T20:08:33.165Z] [INFO] [RES] POST /auth/logout headersSent=false ended=false (1ms)
[2026-02-11T20:08:33.180Z] [INFO] [REQ] GET /login
[2026-02-11T20:08:33.181Z] [INFO] [RES] GET /login headersSent=false ended=false (1ms)
[2026-02-11T20:08:33.212Z] [INFO] [REQ] GET /styles.css
[2026-02-11T20:08:33.214Z] [INFO] [RES] GET /styles.css headersSent=false ended=false (2ms)
[2026-02-11T20:08:33.215Z] [INFO] [REQ] GET /polyfills.js
[2026-02-11T20:08:33.216Z] [INFO] [RES] GET /polyfills.js headersSent=false ended=false (1ms)
[2026-02-11T20:08:33.218Z] [INFO] [REQ] GET /main.js
[2026-02-11T20:08:33.221Z] [INFO] [RES] GET /main.js headersSent=false ended=false (3ms)
[2026-02-11T20:08:33.315Z] [INFO] [REQ] GET /favicon.ico
[2026-02-11T20:08:33.316Z] [INFO] [RES] GET /favicon.ico headersSent=false ended=false (1ms)
[2026-02-11T20:08:55.855Z] [INFO] [REQ] GET /login
[2026-02-11T20:08:55.857Z] [INFO] [RES] GET /login headersSent=false ended=false (2ms)
[2026-02-11T20:08:55.872Z] [INFO] [REQ] GET /styles.css
[2026-02-11T20:08:55.873Z] [INFO] [RES] GET /styles.css headersSent=false ended=false (1ms)
[2026-02-11T20:08:55.878Z] [INFO] [REQ] GET /polyfills.js
[2026-02-11T20:08:55.880Z] [INFO] [RES] GET /polyfills.js headersSent=false ended=false (2ms)
[2026-02-11T20:08:55.881Z] [INFO] [REQ] GET /main.js
[2026-02-11T20:08:55.883Z] [INFO] [RES] GET /main.js headersSent=false ended=false (2ms)
[2026-02-11T20:08:55.959Z] [INFO] [REQ] GET /favicon.ico
[2026-02-11T20:08:55.960Z] [INFO] [RES] GET /favicon.ico headersSent=false ended=false (1ms)
[2026-02-11T20:08:58.462Z] [INFO] [REQ] GET /oauth/login
[2026-02-11T20:08:58.463Z] [INFO] [OAUTH] intercepted GET /oauth/login
[2026-02-11T20:08:58.465Z] [INFO] [RES] GET /oauth/login headersSent=true ended=true (3ms)
[2026-02-11T20:09:00.966Z] [INFO] [REQ] GET /oauth/callback
[2026-02-11T20:09:00.969Z] [INFO] [OAUTH] intercepted GET /oauth/callback
[2026-02-11T20:09:32.631Z] [INFO] [RES] GET /oauth/callback headersSent=true ended=true (31665ms)
[2026-02-11T20:09:32.635Z] [INFO] [REQ] GET /dashboard
[2026-02-11T20:09:32.637Z] [INFO] [RES] GET /dashboard headersSent=false ended=false (2ms)
[2026-02-11T20:09:32.699Z] [INFO] [REQ] GET /styles.css
[2026-02-11T20:09:32.701Z] [INFO] [RES] GET /styles.css headersSent=false ended=false (2ms)
[2026-02-11T20:09:32.704Z] [INFO] [REQ] GET /polyfills.js
[2026-02-11T20:09:32.705Z] [INFO] [RES] GET /polyfills.js headersSent=false ended=false (1ms)
[2026-02-11T20:09:32.711Z] [INFO] [REQ] GET /main.js
[2026-02-11T20:09:32.712Z] [INFO] [RES] GET /main.js headersSent=false ended=false (1ms)
[2026-02-11T20:09:32.833Z] [INFO] [REQ] GET /auth/me
[2026-02-11T20:09:32.834Z] [INFO] [RES] GET /auth/me headersSent=false ended=false (1ms)
[2026-02-11T20:09:32.852Z] [INFO] [REQ] GET /auth/me
[2026-02-11T20:09:32.854Z] [INFO] [RES] GET /auth/me headersSent=false ended=false (2ms)
[2026-02-11T20:09:32.916Z] [INFO] [REQ] GET /favicon.ico
[2026-02-11T20:09:32.917Z] [INFO] [RES] GET /favicon.ico headersSent=false ended=false (1ms)
[2026-02-11T20:09:55.769Z] [INFO] [REQ] GET /db/private/users
[2026-02-11T20:09:55.771Z] [INFO] [RES] GET /db/private/users headersSent=false ended=false (2ms)
[2026-02-11T20:09:59.931Z] [INFO] [REQ] GET /db/private/user
[2026-02-11T20:09:59.932Z] [INFO] [RES] GET /db/private/user headersSent=false ended=false (1ms)
[2026-02-11T20:10:01.904Z] [INFO] [REQ] GET /db/private/docs
[2026-02-11T20:10:01.906Z] [INFO] [RES] GET /db/private/docs headersSent=false ended=false (2ms)
[2026-02-11T20:13:10.065Z] [INFO] [REQ] POST /auth/logout
[2026-02-11T20:13:10.067Z] [INFO] [RES] POST /auth/logout headersSent=false ended=false (2ms)
[2026-02-11T20:13:10.082Z] [INFO] [REQ] GET /login
[2026-02-11T20:13:10.083Z] [INFO] [RES] GET /login headersSent=false ended=false (1ms)
[2026-02-11T20:13:10.115Z] [INFO] [REQ] GET /styles.css
[2026-02-11T20:13:10.116Z] [INFO] [RES] GET /styles.css headersSent=false ended=false (1ms)
[2026-02-11T20:13:10.120Z] [INFO] [REQ] GET /polyfills.js
[2026-02-11T20:13:10.122Z] [INFO] [RES] GET /polyfills.js headersSent=false ended=false (2ms)
[2026-02-11T20:13:10.123Z] [INFO] [REQ] GET /main.js
[2026-02-11T20:13:10.126Z] [INFO] [RES] GET /main.js headersSent=false ended=false (3ms)
[2026-02-11T20:13:10.231Z] [INFO] [REQ] GET /favicon.ico
[2026-02-11T20:13:10.233Z] [INFO] [RES] GET /favicon.ico headersSent=false ended=false (2ms)
[2026-02-12T07:59:19.067Z] [INFO] [REQ] GET /
[2026-02-12T07:59:19.070Z] [INFO] [RES] GET / headersSent=false ended=false (3ms)
[2026-02-12T07:59:19.085Z] [INFO] [REQ] GET /styles.css
[2026-02-12T07:59:19.086Z] [INFO] [RES] GET /styles.css headersSent=false ended=false (1ms)
[2026-02-12T07:59:19.087Z] [INFO] [REQ] GET /polyfills.js
[2026-02-12T07:59:19.087Z] [INFO] [RES] GET /polyfills.js headersSent=false ended=false (0ms)
[2026-02-12T07:59:19.088Z] [INFO] [REQ] GET /main.js
[2026-02-12T07:59:19.088Z] [INFO] [RES] GET /main.js headersSent=false ended=false (0ms)
[2026-02-12T07:59:19.175Z] [INFO] [REQ] GET /favicon.ico
[2026-02-12T07:59:19.177Z] [INFO] [RES] GET /favicon.ico headersSent=false ended=false (2ms)
[2026-02-12T08:00:30.654Z] [INFO] [REQ] POST /session/login
[2026-02-12T08:00:30.655Z] [INFO] [RES] POST /session/login headersSent=false ended=false (1ms)
[2026-02-12T08:00:30.693Z] [INFO] [REQ] GET /auth/me
[2026-02-12T08:00:30.695Z] [INFO] [RES] GET /auth/me headersSent=false ended=false (2ms)
[2026-02-12T08:00:30.698Z] [INFO] [REQ] GET /auth/me
[2026-02-12T08:00:30.699Z] [INFO] [RES] GET /auth/me headersSent=false ended=false (1ms)
[2026-02-12T08:00:30.705Z] [INFO] [REQ] GET /auth/me
[2026-02-12T08:00:30.707Z] [INFO] [RES] GET /auth/me headersSent=false ended=false (2ms)
[2026-02-12T08:00:30.711Z] [INFO] [REQ] GET /favicon.ico
[2026-02-12T08:00:30.712Z] [INFO] [RES] GET /favicon.ico headersSent=false ended=false (1ms)
[2026-02-12T08:00:38.179Z] [INFO] [REQ] GET /db/private/users
[2026-02-12T08:00:38.181Z] [INFO] [RES] GET /db/private/users headersSent=false ended=false (2ms)
[2026-02-12T08:00:40.483Z] [INFO] [REQ] GET /db/private/user
[2026-02-12T08:00:40.485Z] [INFO] [RES] GET /db/private/user headersSent=false ended=false (2ms)
[2026-02-12T08:00:42.464Z] [INFO] [REQ] GET /db/private/docs
[2026-02-12T08:00:42.466Z] [INFO] [RES] GET /db/private/docs headersSent=false ended=false (2ms)
[2026-02-12T08:00:51.398Z] [INFO] [REQ] GET /auth/me
[2026-02-12T08:00:51.400Z] [INFO] [RES] GET /auth/me headersSent=false ended=false (2ms)
[2026-02-12T08:00:53.777Z] [INFO] [REQ] POST /auth/logout
[2026-02-12T08:00:53.778Z] [INFO] [RES] POST /auth/logout headersSent=false ended=false (1ms)
[2026-02-12T08:00:53.785Z] [INFO] [REQ] GET /login
[2026-02-12T08:00:53.786Z] [INFO] [RES] GET /login headersSent=false ended=false (1ms)
[2026-02-12T08:00:53.796Z] [INFO] [REQ] GET /styles.css
[2026-02-12T08:00:53.797Z] [INFO] [RES] GET /styles.css headersSent=false ended=false (1ms)
[2026-02-12T08:00:53.798Z] [INFO] [REQ] GET /polyfills.js
[2026-02-12T08:00:53.798Z] [INFO] [RES] GET /polyfills.js headersSent=false ended=false (0ms)
[2026-02-12T08:00:53.798Z] [INFO] [REQ] GET /main.js
[2026-02-12T08:00:53.799Z] [INFO] [RES] GET /main.js headersSent=false ended=false (1ms)
[2026-02-12T08:00:53.836Z] [INFO] [REQ] GET /favicon.ico
[2026-02-12T08:00:53.837Z] [INFO] [RES] GET /favicon.ico headersSent=false ended=false (1ms)
[2026-02-12T08:01:00.015Z] [INFO] [REQ] POST /jwt/login
[2026-02-12T08:01:00.016Z] [INFO] [RES] POST /jwt/login headersSent=false ended=false (1ms)
[2026-02-12T08:01:00.025Z] [INFO] [REQ] GET /auth/me
[2026-02-12T08:01:00.027Z] [INFO] [RES] GET /auth/me headersSent=false ended=false (2ms)
[2026-02-12T08:01:00.029Z] [INFO] [REQ] GET /auth/me
[2026-02-12T08:01:00.031Z] [INFO] [RES] GET /auth/me headersSent=false ended=false (2ms)
[2026-02-12T08:01:00.035Z] [INFO] [REQ] GET /auth/me
[2026-02-12T08:01:00.036Z] [INFO] [RES] GET /auth/me headersSent=false ended=false (1ms)
[2026-02-12T08:01:00.038Z] [INFO] [REQ] GET /favicon.ico
[2026-02-12T08:01:00.039Z] [INFO] [RES] GET /favicon.ico headersSent=false ended=false (1ms)
[2026-02-12T08:01:03.040Z] [INFO] [REQ] GET /db/private/users
[2026-02-12T08:01:03.041Z] [INFO] [RES] GET /db/private/users headersSent=false ended=false (1ms)
[2026-02-12T08:01:06.189Z] [INFO] [REQ] GET /db/private/user
[2026-02-12T08:01:06.192Z] [INFO] [RES] GET /db/private/user headersSent=false ended=false (3ms)
[2026-02-12T08:01:07.759Z] [INFO] [REQ] GET /db/private/docs
[2026-02-12T08:01:07.763Z] [INFO] [RES] GET /db/private/docs headersSent=false ended=false (4ms)
[2026-02-12T08:01:15.678Z] [INFO] [REQ] POST /auth/logout
[2026-02-12T08:01:15.680Z] [INFO] [RES] POST /auth/logout headersSent=false ended=false (2ms)
[2026-02-12T08:01:15.689Z] [INFO] [REQ] GET /login
[2026-02-12T08:01:15.690Z] [INFO] [RES] GET /login headersSent=false ended=false (1ms)
[2026-02-12T08:01:15.699Z] [INFO] [REQ] GET /styles.css
[2026-02-12T08:01:15.700Z] [INFO] [RES] GET /styles.css headersSent=false ended=false (1ms)
[2026-02-12T08:01:15.702Z] [INFO] [REQ] GET /main.js
[2026-02-12T08:01:15.704Z] [INFO] [RES] GET /main.js headersSent=false ended=false (2ms)
[2026-02-12T08:01:15.706Z] [INFO] [REQ] GET /polyfills.js
[2026-02-12T08:01:15.707Z] [INFO] [RES] GET /polyfills.js headersSent=false ended=false (1ms)
[2026-02-12T08:01:15.744Z] [INFO] [REQ] GET /favicon.ico
[2026-02-12T08:01:15.745Z] [INFO] [RES] GET /favicon.ico headersSent=false ended=false (1ms)
[2026-02-12T08:01:18.832Z] [INFO] [REQ] GET /oauth/login
[2026-02-12T08:01:18.833Z] [INFO] [OAUTH] intercepted GET /oauth/login
[2026-02-12T08:01:18.834Z] [INFO] [RES] GET /oauth/login headersSent=true ended=true (2ms)
[2026-02-12T08:01:21.646Z] [INFO] [REQ] GET /oauth/callback
[2026-02-12T08:01:21.648Z] [INFO] [OAUTH] intercepted GET /oauth/callback
[2026-02-12T08:01:22.229Z] [INFO] [RES] GET /oauth/callback headersSent=true ended=true (583ms)
[2026-02-12T08:01:22.231Z] [INFO] [REQ] GET /dashboard
[2026-02-12T08:01:22.231Z] [INFO] [RES] GET /dashboard headersSent=false ended=false (0ms)
[2026-02-12T08:01:22.251Z] [INFO] [REQ] GET /styles.css
[2026-02-12T08:01:22.252Z] [INFO] [RES] GET /styles.css headersSent=false ended=false (1ms)
[2026-02-12T08:01:22.256Z] [INFO] [REQ] GET /polyfills.js
[2026-02-12T08:01:22.257Z] [INFO] [RES] GET /polyfills.js headersSent=false ended=false (1ms)
[2026-02-12T08:01:22.258Z] [INFO] [REQ] GET /main.js
[2026-02-12T08:01:22.258Z] [INFO] [RES] GET /main.js headersSent=false ended=false (0ms)
[2026-02-12T08:01:22.305Z] [INFO] [REQ] GET /auth/me
[2026-02-12T08:01:22.306Z] [INFO] [RES] GET /auth/me headersSent=false ended=false (1ms)
[2026-02-12T08:01:22.320Z] [INFO] [REQ] GET /auth/me
[2026-02-12T08:01:22.321Z] [INFO] [RES] GET /auth/me headersSent=false ended=false (1ms)
[2026-02-12T08:01:22.336Z] [INFO] [REQ] GET /favicon.ico
[2026-02-12T08:01:22.337Z] [INFO] [RES] GET /favicon.ico headersSent=false ended=false (1ms)
[2026-02-12T08:01:25.934Z] [INFO] [REQ] GET /db/private/users
[2026-02-12T08:01:25.935Z] [INFO] [RES] GET /db/private/users headersSent=false ended=false (1ms)
[2026-02-12T08:01:27.905Z] [INFO] [REQ] GET /db/private/user
[2026-02-12T08:01:27.906Z] [INFO] [RES] GET /db/private/user headersSent=false ended=false (1ms)
[2026-02-12T08:01:29.771Z] [INFO] [REQ] GET /db/private/docs
[2026-02-12T08:01:29.773Z] [INFO] [RES] GET /db/private/docs headersSent=false ended=false (2ms)
[2026-02-12T12:18:59.935Z] [INFO] [REQ] GET /
[2026-02-12T12:18:59.940Z] [INFO] [RES] GET / headersSent=false ended=false (5ms)
[2026-02-12T12:18:59.975Z] [INFO] [REQ] GET /styles.css
[2026-02-12T12:18:59.976Z] [INFO] [RES] GET /styles.css headersSent=false ended=false (1ms)
[2026-02-12T12:18:59.980Z] [INFO] [REQ] GET /polyfills.js
[2026-02-12T12:18:59.981Z] [INFO] [RES] GET /polyfills.js headersSent=false ended=false (1ms)
[2026-02-12T12:18:59.982Z] [INFO] [REQ] GET /main.js
[2026-02-12T12:18:59.983Z] [INFO] [RES] GET /main.js headersSent=false ended=false (1ms)
[2026-02-12T12:19:00.072Z] [INFO] [REQ] GET /favicon.ico
[2026-02-12T12:19:00.073Z] [INFO] [RES] GET /favicon.ico headersSent=false ended=false (1ms)
[2026-02-12T12:19:25.458Z] [INFO] [REQ] POST /session/login
[2026-02-12T12:19:25.460Z] [INFO] [RES] POST /session/login headersSent=false ended=false (2ms)
[2026-02-12T12:19:56.006Z] [INFO] [REQ] POST /session/login
[2026-02-12T12:19:56.008Z] [INFO] [RES] POST /session/login headersSent=false ended=false (2ms)
[2026-02-12T12:19:56.057Z] [INFO] [REQ] GET /auth/me
[2026-02-12T12:19:56.059Z] [INFO] [RES] GET /auth/me headersSent=false ended=false (2ms)
[2026-02-12T12:19:56.064Z] [INFO] [REQ] GET /auth/me
[2026-02-12T12:19:56.065Z] [INFO] [RES] GET /auth/me headersSent=false ended=false (1ms)
[2026-02-12T12:19:56.071Z] [INFO] [REQ] GET /auth/me
[2026-02-12T12:19:56.073Z] [INFO] [RES] GET /auth/me headersSent=false ended=false (2ms)
[2026-02-12T12:19:56.078Z] [INFO] [REQ] GET /favicon.ico
[2026-02-12T12:19:56.080Z] [INFO] [RES] GET /favicon.ico headersSent=false ended=false (2ms)
[2026-02-12T12:20:00.404Z] [INFO] [REQ] GET /db/private/users
[2026-02-12T12:20:00.406Z] [INFO] [RES] GET /db/private/users headersSent=false ended=false (2ms)
[2026-02-12T12:20:02.872Z] [INFO] [REQ] GET /db/private/user
[2026-02-12T12:20:02.874Z] [INFO] [RES] GET /db/private/user headersSent=false ended=false (2ms)
[2026-02-12T12:20:04.330Z] [INFO] [REQ] GET /db/private/docs
[2026-02-12T12:20:04.332Z] [INFO] [RES] GET /db/private/docs headersSent=false ended=false (2ms)
[2026-02-12T12:20:07.925Z] [INFO] [REQ] POST /auth/logout
[2026-02-12T12:20:07.926Z] [INFO] [RES] POST /auth/logout headersSent=false ended=false (1ms)
[2026-02-12T12:20:07.935Z] [INFO] [REQ] GET /login
[2026-02-12T12:20:07.936Z] [INFO] [RES] GET /login headersSent=false ended=false (1ms)
[2026-02-12T12:20:07.949Z] [INFO] [REQ] GET /styles.css
[2026-02-12T12:20:07.950Z] [INFO] [RES] GET /styles.css headersSent=false ended=false (1ms)
[2026-02-12T12:20:07.952Z] [INFO] [REQ] GET /main.js
[2026-02-12T12:20:07.953Z] [INFO] [RES] GET /main.js headersSent=false ended=false (1ms)
[2026-02-12T12:20:07.953Z] [INFO] [REQ] GET /polyfills.js
[2026-02-12T12:20:07.955Z] [INFO] [RES] GET /polyfills.js headersSent=false ended=false (2ms)
[2026-02-12T12:20:07.998Z] [INFO] [REQ] GET /favicon.ico
[2026-02-12T12:20:07.999Z] [INFO] [RES] GET /favicon.ico headersSent=false ended=false (1ms)
[2026-02-12T12:20:13.977Z] [INFO] [REQ] POST /jwt/login
[2026-02-12T12:20:13.979Z] [INFO] [RES] POST /jwt/login headersSent=false ended=false (2ms)
[2026-02-12T12:20:13.986Z] [INFO] [REQ] GET /auth/me
[2026-02-12T12:20:13.988Z] [INFO] [RES] GET /auth/me headersSent=false ended=false (2ms)
[2026-02-12T12:20:13.991Z] [INFO] [REQ] GET /auth/me
[2026-02-12T12:20:13.992Z] [INFO] [RES] GET /auth/me headersSent=false ended=false (1ms)
[2026-02-12T12:20:13.997Z] [INFO] [REQ] GET /auth/me
[2026-02-12T12:20:13.998Z] [INFO] [RES] GET /auth/me headersSent=false ended=false (1ms)
[2026-02-12T12:20:14.000Z] [INFO] [REQ] GET /favicon.ico
[2026-02-12T12:20:14.003Z] [INFO] [RES] GET /favicon.ico headersSent=false ended=false (3ms)
[2026-02-12T12:20:15.395Z] [INFO] [REQ] GET /db/private/users
[2026-02-12T12:20:15.398Z] [INFO] [RES] GET /db/private/users headersSent=false ended=false (3ms)
[2026-02-12T12:20:17.862Z] [INFO] [REQ] GET /db/private/user
[2026-02-12T12:20:17.864Z] [INFO] [RES] GET /db/private/user headersSent=false ended=false (2ms)
[2026-02-12T12:20:19.549Z] [INFO] [REQ] GET /db/private/docs
[2026-02-12T12:20:19.551Z] [INFO] [RES] GET /db/private/docs headersSent=false ended=false (2ms)
[2026-02-12T12:21:36.296Z] [INFO] [REQ] GET /favicon.ico
[2026-02-12T12:21:36.298Z] [INFO] [RES] GET /favicon.ico headersSent=false ended=false (2ms)
[2026-02-12T12:21:37.812Z] [INFO] [REQ] GET /favicon.ico
[2026-02-12T12:21:37.813Z] [INFO] [RES] GET /favicon.ico headersSent=false ended=false (1ms)
[2026-03-05T14:24:12.575Z] [INFO] [REQ] GET /health
[2026-03-05T14:24:12.581Z] [INFO] [RES] GET /health headersSent=false ended=false (6ms)
[2026-03-05T17:18:29.444Z] [INFO] [REQ] POST /db/public/goon
[2026-03-05T17:18:29.446Z] [INFO] [RES] POST /db/public/goon headersSent=false ended=false (2ms)
[2026-03-05T17:20:58.373Z] [INFO] [REQ] POST /db/public/goon
[2026-03-05T17:20:58.375Z] [INFO] [RES] POST /db/public/goon headersSent=false ended=false (2ms)
[2026-03-05T17:21:37.067Z] [INFO] [REQ] GET /health
[2026-03-05T17:21:37.068Z] [INFO] [RES] GET /health headersSent=false ended=false (1ms)
[2026-03-05T17:22:12.720Z] [INFO] [REQ] POST /db/public/goon
[2026-03-05T17:22:12.720Z] [INFO] [RES] POST /db/public/goon headersSent=false ended=false (0ms)
[2026-03-05T17:22:26.756Z] [INFO] [REQ] POST /db/public/goon
[2026-03-05T17:22:26.760Z] [INFO] [RES] POST /db/public/goon headersSent=false ended=false (4ms)
[2026-03-05T17:23:23.669Z] [INFO] [REQ] POST /db/public/goon
[2026-03-05T17:23:23.670Z] [INFO] [RES] POST /db/public/goon headersSent=false ended=false (1ms)
[2026-03-05T20:00:06.109Z] [INFO] [REQ] GET /auth/me
[2026-03-05T20:00:06.110Z] [INFO] [RES] GET /auth/me headersSent=false ended=false (1ms)
[2026-03-07T17:04:07.224Z] [INFO] [REQ] OPTIONS /session/login/user
[2026-03-07T17:04:07.227Z] [INFO] [RES] OPTIONS /session/login/user headersSent=true ended=true (3ms)
[2026-03-07T17:04:07.228Z] [INFO] [REQ] POST /session/login/user
[2026-03-07T17:04:07.229Z] [INFO] [RES] POST /session/login/user headersSent=false ended=false (1ms)
[2026-03-07T17:04:20.684Z] [INFO] [REQ] OPTIONS /session/login/user
[2026-03-07T17:04:20.685Z] [INFO] [RES] OPTIONS /session/login/user headersSent=true ended=true (1ms)
[2026-03-07T17:04:20.685Z] [INFO] [REQ] POST /session/login/user
[2026-03-07T17:04:20.686Z] [INFO] [RES] POST /session/login/user headersSent=false ended=false (1ms)
[2026-03-07T17:04:55.943Z] [INFO] [REQ] OPTIONS /session/login/user
[2026-03-07T17:04:55.944Z] [INFO] [RES] OPTIONS /session/login/user headersSent=true ended=true (1ms)
[2026-03-07T17:04:55.944Z] [INFO] [REQ] POST /session/login/user
[2026-03-07T17:04:55.945Z] [INFO] [RES] POST /session/login/user headersSent=false ended=false (1ms)
[2026-03-07T17:05:21.915Z] [INFO] [REQ] OPTIONS /session/login/user
[2026-03-07T17:05:21.916Z] [INFO] [RES] OPTIONS /session/login/user headersSent=true ended=true (1ms)
[2026-03-07T17:05:21.916Z] [INFO] [REQ] POST /session/login/user
[2026-03-07T17:05:21.917Z] [INFO] [RES] POST /session/login/user headersSent=false ended=false (1ms)

[2026-03-09T17:08:53.513Z] [INFO] [REQ] OPTIONS /session/login/doctor
[2026-03-09T17:08:53.517Z] [INFO] [RES] OPTIONS /session/login/doctor headersSent=true ended=true (4ms)
[2026-03-09T17:08:53.518Z] [INFO] [REQ] POST /session/login/doctor
[2026-03-09T17:08:53.520Z] [INFO] [RES] POST /session/login/doctor headersSent=false ended=false (2ms)
[2026-03-09T17:13:50.880Z] [INFO] [REQ] POST /db/private/users
[2026-03-09T17:13:50.889Z] [INFO] [RES] POST /db/private/users headersSent=true ended=true (9ms)
[2026-03-09T17:14:36.471Z] [INFO] [REQ] POST /session/login/user
[2026-03-09T17:14:36.472Z] [INFO] [RES] POST /session/login/user headersSent=false ended=false (1ms)
[2026-03-09T17:14:44.061Z] [INFO] [REQ] POST /session/login/user
[2026-03-09T17:14:44.061Z] [INFO] [RES] POST /session/login/user headersSent=false ended=false (0ms)
[2026-03-09T17:16:23.498Z] [INFO] [REQ] GET /db/private/freeHours
[2026-03-09T17:16:23.500Z] [INFO] [RES] GET /db/private/freeHours headersSent=false ended=false (2ms)
[2026-03-09T17:17:14.249Z] [INFO] [REQ] GET /db/private/freeHours
[2026-03-09T17:17:14.251Z] [INFO] [RES] GET /db/private/freeHours headersSent=false ended=false (2ms)
[2026-03-09T17:17:21.921Z] [INFO] [REQ] GET /db/private/freeHours
[2026-03-09T17:17:21.922Z] [INFO] [RES] GET /db/private/freeHours headersSent=false ended=false (1ms)
[2026-03-09T17:17:46.674Z] [INFO] [REQ] GET /db/private/freeHours
[2026-03-09T17:17:46.677Z] [INFO] [RES] GET /db/private/freeHours headersSent=false ended=false (3ms)
[2026-03-09T17:19:01.391Z] [INFO] [REQ] GET /db/private/freeHours
[2026-03-09T17:19:01.393Z] [INFO] [RES] GET /db/private/freeHours headersSent=false ended=false (3ms)
[2026-03-09T17:23:30.518Z] [INFO] [REQ] GET /db/private/freeHours
[2026-03-09T17:23:30.520Z] [INFO] [RES] GET /db/private/freeHours headersSent=false ended=false (2ms)
[2026-03-09T17:25:00.555Z] [INFO] [REQ] GET /db/private/freeHours
[2026-03-09T17:25:00.559Z] [INFO] [RES] GET /db/private/freeHours headersSent=false ended=false (4ms)
[2026-03-09T17:25:37.061Z] [INFO] [REQ] GET /db/private/freeHours
[2026-03-09T17:25:37.063Z] [INFO] [RES] GET /db/private/freeHours headersSent=false ended=false (2ms)
[2026-03-09T17:26:28.255Z] [INFO] [REQ] GET /db/private/freeHours
[2026-03-09T17:26:28.255Z] [INFO] [RES] GET /db/private/freeHours headersSent=false ended=false (0ms)
[2026-03-09T17:26:29.328Z] [INFO] [REQ] GET /db/private/freeHours
[2026-03-09T17:26:29.329Z] [INFO] [RES] GET /db/private/freeHours headersSent=false ended=false (1ms)
[2026-03-09T17:26:29.895Z] [INFO] [REQ] GET /db/private/freeHours
[2026-03-09T17:26:29.896Z] [INFO] [RES] GET /db/private/freeHours headersSent=false ended=false (1ms)
[2026-03-09T17:26:30.320Z] [INFO] [REQ] GET /db/private/freeHours
[2026-03-09T17:26:30.321Z] [INFO] [RES] GET /db/private/freeHours headersSent=false ended=false (1ms)
[2026-03-09T17:26:30.731Z] [INFO] [REQ] GET /db/private/freeHours
[2026-03-09T17:26:30.732Z] [INFO] [RES] GET /db/private/freeHours headersSent=false ended=false (1ms)
[2026-03-09T17:28:12.063Z] [INFO] [REQ] GET /db/private/freeHours
[2026-03-09T17:28:12.067Z] [INFO] [RES] GET /db/private/freeHours headersSent=false ended=false (4ms)
[2026-03-09T17:28:26.453Z] [INFO] [REQ] GET /db/private/freeHours
[2026-03-09T17:28:26.456Z] [INFO] [RES] GET /db/private/freeHours headersSent=false ended=false (3ms)
[2026-03-09T17:37:56.917Z] [INFO] [REQ] POST /db/private/newVisit
[2026-03-09T17:37:56.920Z] [INFO] [RES] POST /db/private/newVisit headersSent=false ended=false (3ms)
[2026-03-09T17:49:50.367Z] [INFO] [REQ] DELETE /db/private/delVisit
[2026-03-09T17:49:50.370Z] [INFO] [RES] DELETE /db/private/delVisit headersSent=false ended=false (3ms)
[2026-03-10T15:51:12.346Z] [INFO] [REQ] OPTIONS /session/login/doctor
[2026-03-10T15:51:12.351Z] [INFO] [RES] OPTIONS /session/login/doctor headersSent=true ended=true (5ms)
[2026-03-10T15:51:12.355Z] [INFO] [REQ] POST /session/login/doctor
[2026-03-10T15:51:12.360Z] [INFO] [RES] POST /session/login/doctor headersSent=false ended=false (5ms)
[2026-03-10T15:51:12.633Z] [INFO] [REQ] GET /db/private/visits/externalDoctor
[2026-03-10T15:51:12.638Z] [INFO] [RES] GET /db/private/visits/externalDoctor headersSent=true ended=true (5ms)
[2026-03-10T15:56:20.519Z] [INFO] [REQ] OPTIONS /session/login/user
[2026-03-10T15:56:20.521Z] [INFO] [RES] OPTIONS /session/login/user headersSent=true ended=true (2ms)
[2026-03-10T15:56:20.522Z] [INFO] [REQ] POST /session/login/user
[2026-03-10T15:56:20.523Z] [INFO] [RES] POST /session/login/user headersSent=false ended=false (1ms)
[2026-03-10T15:56:20.755Z] [INFO] [REQ] GET /db/private/getDottori
[2026-03-10T15:56:20.756Z] [INFO] [RES] GET /db/private/getDottori headersSent=true ended=true (1ms)
[2026-03-10T15:56:20.757Z] [INFO] [REQ] GET /db/private/my-visite
[2026-03-10T15:56:20.757Z] [INFO] [RES] GET /db/private/my-visite headersSent=true ended=true (0ms)
[2026-03-10T16:01:59.704Z] [INFO] [REQ] OPTIONS /session/login/doctor
[2026-03-10T16:01:59.705Z] [INFO] [RES] OPTIONS /session/login/doctor headersSent=true ended=true (1ms)
[2026-03-10T16:01:59.706Z] [INFO] [REQ] POST /session/login/doctor
[2026-03-10T16:01:59.706Z] [INFO] [RES] POST /session/login/doctor headersSent=false ended=false (0ms)
[2026-03-10T16:01:59.949Z] [INFO] [REQ] GET /db/private/visits/externalDoctor
[2026-03-10T16:01:59.951Z] [INFO] [RES] GET /db/private/visits/externalDoctor headersSent=true ended=true (2ms)
[2026-03-10T16:11:43.706Z] [INFO] [REQ] OPTIONS /session/login/user
[2026-03-10T16:11:43.710Z] [INFO] [RES] OPTIONS /session/login/user headersSent=true ended=true (4ms)
[2026-03-10T16:11:43.711Z] [INFO] [REQ] POST /session/login/user
[2026-03-10T16:11:43.713Z] [INFO] [RES] POST /session/login/user headersSent=false ended=false (2ms)
[2026-03-10T16:11:43.998Z] [INFO] [REQ] GET /db/private/getDottori
[2026-03-10T16:11:44.000Z] [INFO] [RES] GET /db/private/getDottori headersSent=true ended=true (2ms)
[2026-03-10T16:11:44.001Z] [INFO] [REQ] GET /db/private/my-visite
[2026-03-10T16:11:44.002Z] [INFO] [RES] GET /db/private/my-visite headersSent=true ended=true (1ms)
[2026-03-10T16:12:32.632Z] [INFO] [REQ] OPTIONS /session/login/doctor
[2026-03-10T16:12:32.633Z] [INFO] [RES] OPTIONS /session/login/doctor headersSent=true ended=true (1ms)
[2026-03-10T16:12:32.633Z] [INFO] [REQ] POST /session/login/doctor
[2026-03-10T16:12:32.634Z] [INFO] [RES] POST /session/login/doctor headersSent=false ended=false (1ms)
[2026-03-10T16:12:32.882Z] [INFO] [REQ] GET /db/private/visits/externalDoctor
[2026-03-10T16:12:32.883Z] [INFO] [RES] GET /db/private/visits/externalDoctor headersSent=true ended=true (1ms)
[2026-03-10T16:17:14.869Z] [INFO] [REQ] OPTIONS /session/login/doctor
[2026-03-10T16:17:14.873Z] [INFO] [RES] OPTIONS /session/login/doctor headersSent=true ended=true (4ms)
[2026-03-10T16:17:14.874Z] [INFO] [REQ] POST /session/login/doctor
[2026-03-10T16:17:14.876Z] [INFO] [RES] POST /session/login/doctor headersSent=false ended=false (2ms)
[2026-03-10T16:17:15.172Z] [INFO] [REQ] GET /db/private/visits/externalDoctor
[2026-03-10T16:17:15.173Z] [INFO] [RES] GET /db/private/visits/externalDoctor headersSent=true ended=true (1ms)
[2026-03-10T16:18:34.990Z] [INFO] [REQ] OPTIONS /session/login/doctor
[2026-03-10T16:18:34.994Z] [INFO] [RES] OPTIONS /session/login/doctor headersSent=true ended=true (4ms)
[2026-03-10T16:18:34.995Z] [INFO] [REQ] POST /session/login/doctor
[2026-03-10T16:18:34.997Z] [INFO] [RES] POST /session/login/doctor headersSent=false ended=false (2ms)
[2026-03-10T16:18:35.280Z] [INFO] [REQ] GET /db/private/visits/externalDoctor
[2026-03-10T16:18:35.283Z] [INFO] [RES] GET /db/private/visits/externalDoctor headersSent=true ended=true (3ms)
[2026-03-10T16:25:31.399Z] [INFO] [REQ] OPTIONS /session/login/doctor
[2026-03-10T16:25:31.403Z] [INFO] [RES] OPTIONS /session/login/doctor headersSent=true ended=true (4ms)
[2026-03-10T16:25:31.404Z] [INFO] [REQ] POST /session/login/doctor
[2026-03-10T16:25:31.407Z] [INFO] [RES] POST /session/login/doctor headersSent=false ended=false (3ms)
[2026-03-10T16:26:15.745Z] [INFO] [REQ] OPTIONS /session/login/doctor
[2026-03-10T16:26:15.746Z] [INFO] [RES] OPTIONS /session/login/doctor headersSent=true ended=true (1ms)
[2026-03-10T16:26:15.746Z] [INFO] [REQ] POST /session/login/doctor
[2026-03-10T16:26:15.747Z] [INFO] [RES] POST /session/login/doctor headersSent=false ended=false (1ms)
[2026-03-10T16:26:22.729Z] [INFO] [REQ] OPTIONS /session/login/doctor
[2026-03-10T16:26:22.730Z] [INFO] [RES] OPTIONS /session/login/doctor headersSent=true ended=true (1ms)
[2026-03-10T16:26:22.731Z] [INFO] [REQ] POST /session/login/doctor
[2026-03-10T16:26:22.732Z] [INFO] [RES] POST /session/login/doctor headersSent=false ended=false (1ms)
[2026-03-10T16:26:23.499Z] [INFO] [REQ] POST /session/login/doctor
[2026-03-10T16:26:23.500Z] [INFO] [RES] POST /session/login/doctor headersSent=false ended=false (1ms)
[2026-03-10T16:26:24.644Z] [INFO] [REQ] POST /session/login/doctor
[2026-03-10T16:26:24.645Z] [INFO] [RES] POST /session/login/doctor headersSent=false ended=false (1ms)
[2026-03-10T16:28:07.114Z] [INFO] [REQ] OPTIONS /session/login/doctor
[2026-03-10T16:28:07.118Z] [INFO] [RES] OPTIONS /session/login/doctor headersSent=true ended=true (4ms)
[2026-03-10T16:28:07.118Z] [INFO] [REQ] POST /session/login/doctor
[2026-03-10T16:28:07.119Z] [INFO] [RES] POST /session/login/doctor headersSent=false ended=false (1ms)
[2026-03-10T16:28:27.949Z] [INFO] [REQ] OPTIONS /session/login/doctor
[2026-03-10T16:28:27.950Z] [INFO] [RES] OPTIONS /session/login/doctor headersSent=true ended=true (1ms)
[2026-03-10T16:28:27.951Z] [INFO] [REQ] POST /session/login/doctor
[2026-03-10T16:28:27.951Z] [INFO] [RES] POST /session/login/doctor headersSent=false ended=false (0ms)
[2026-03-10T16:30:16.577Z] [INFO] [REQ] OPTIONS /session/login/doctor
[2026-03-10T16:30:16.581Z] [INFO] [RES] OPTIONS /session/login/doctor headersSent=true ended=true (5ms)
[2026-03-10T16:30:16.582Z] [INFO] [REQ] POST /session/login/doctor
[2026-03-10T16:30:16.584Z] [INFO] [RES] POST /session/login/doctor headersSent=false ended=false (2ms)
[2026-03-10T16:30:16.858Z] [INFO] [REQ] GET /db/private/visits/externalDoctor
[2026-03-10T16:30:16.860Z] [INFO] [RES] GET /db/private/visits/externalDoctor headersSent=true ended=true (2ms)
[2026-03-10T16:32:00.157Z] [INFO] [REQ] POST /session/login/doctor
[2026-03-10T16:32:00.158Z] [INFO] [RES] POST /session/login/doctor headersSent=false ended=false (1ms)
[2026-03-10T16:32:35.095Z] [INFO] [REQ] GET /db/private/doctors
[2026-03-10T16:32:35.096Z] [INFO] [RES] GET /db/private/doctors headersSent=false ended=false (1ms)
[2026-03-10T16:32:49.403Z] [INFO] [REQ] GET /db/private/users
[2026-03-10T16:32:49.404Z] [INFO] [RES] GET /db/private/users headersSent=false ended=false (1ms)
[2026-03-10T16:33:37.138Z] [INFO] [REQ] GET /db/private/users
[2026-03-10T16:33:37.138Z] [INFO] [RES] GET /db/private/users headersSent=false ended=false (0ms)
[2026-03-10T16:34:31.741Z] [INFO] [REQ] OPTIONS /session/login/doctor
[2026-03-10T16:34:31.742Z] [INFO] [RES] OPTIONS /session/login/doctor headersSent=true ended=true (1ms)
[2026-03-10T16:34:31.742Z] [INFO] [REQ] POST /session/login/doctor
[2026-03-10T16:34:31.743Z] [INFO] [RES] POST /session/login/doctor headersSent=false ended=false (1ms)
[2026-03-10T16:34:31.970Z] [INFO] [REQ] GET /db/private/visits/doctor
[2026-03-10T16:34:31.971Z] [INFO] [RES] GET /db/private/visits/doctor headersSent=true ended=true (1ms)
[2026-03-10T16:41:35.848Z] [INFO] [REQ] OPTIONS /session/login/doctor
[2026-03-10T16:41:35.848Z] [INFO] [RES] OPTIONS /session/login/doctor headersSent=true ended=true (0ms)
[2026-03-10T16:41:35.849Z] [INFO] [REQ] POST /session/login/doctor
[2026-03-10T16:41:35.850Z] [INFO] [RES] POST /session/login/doctor headersSent=false ended=false (1ms)
[2026-03-10T16:41:36.084Z] [INFO] [REQ] GET /db/private/visits/doctor
[2026-03-10T16:41:36.085Z] [INFO] [RES] GET /db/private/visits/doctor headersSent=false ended=false (1ms)
[2026-03-10T16:42:56.120Z] [INFO] [REQ] OPTIONS /session/login/doctor
[2026-03-10T16:42:56.126Z] [INFO] [RES] OPTIONS /session/login/doctor headersSent=true ended=true (6ms)
[2026-03-10T16:42:56.127Z] [INFO] [REQ] POST /session/login/doctor
[2026-03-10T16:42:56.130Z] [INFO] [RES] POST /session/login/doctor headersSent=false ended=false (3ms)
[2026-03-10T16:42:56.395Z] [INFO] [REQ] GET /db/private/visits/doctor
[2026-03-10T16:42:56.397Z] [INFO] [RES] GET /db/private/visits/doctor headersSent=false ended=false (2ms)
[2026-03-10T16:44:31.113Z] [INFO] [REQ] OPTIONS /session/login/doctor
[2026-03-10T16:44:31.120Z] [INFO] [RES] OPTIONS /session/login/doctor headersSent=true ended=true (7ms)
[2026-03-10T16:44:31.121Z] [INFO] [REQ] POST /session/login/doctor
[2026-03-10T16:44:31.124Z] [INFO] [RES] POST /session/login/doctor headersSent=false ended=false (3ms)
[2026-03-10T16:44:31.394Z] [INFO] [REQ] GET /db/private/visits/doctor
[2026-03-10T16:44:31.395Z] [INFO] [RES] GET /db/private/visits/doctor headersSent=false ended=false (1ms)
[2026-03-10T16:45:20.729Z] [INFO] [REQ] OPTIONS /session/login/doctor
[2026-03-10T16:45:20.733Z] [INFO] [RES] OPTIONS /session/login/doctor headersSent=true ended=true (4ms)
[2026-03-10T16:45:20.734Z] [INFO] [REQ] POST /session/login/doctor
[2026-03-10T16:45:20.738Z] [INFO] [RES] POST /session/login/doctor headersSent=false ended=false (4ms)
[2026-03-10T16:45:20.994Z] [INFO] [REQ] GET /db/private/visits/doctor
[2026-03-10T16:45:20.995Z] [INFO] [RES] GET /db/private/visits/doctor headersSent=false ended=false (1ms)
[2026-03-10T16:49:20.881Z] [INFO] [REQ] OPTIONS /session/login/doctor
[2026-03-10T16:49:20.886Z] [INFO] [RES] OPTIONS /session/login/doctor headersSent=true ended=true (5ms)
[2026-03-10T16:49:20.888Z] [INFO] [REQ] POST /session/login/doctor
[2026-03-10T16:49:20.891Z] [INFO] [RES] POST /session/login/doctor headersSent=false ended=false (3ms)
[2026-03-10T16:49:32.506Z] [INFO] [REQ] OPTIONS /session/login/doctor
[2026-03-10T16:49:32.507Z] [INFO] [RES] OPTIONS /session/login/doctor headersSent=true ended=true (1ms)
[2026-03-10T16:49:32.508Z] [INFO] [REQ] POST /session/login/doctor
[2026-03-10T16:49:32.509Z] [INFO] [RES] POST /session/login/doctor headersSent=false ended=false (1ms)
[2026-03-10T16:49:32.763Z] [INFO] [REQ] GET /db/private/visits/doctor
[2026-03-10T16:49:32.764Z] [INFO] [RES] GET /db/private/visits/doctor headersSent=false ended=false (1ms)
[2026-03-10T16:50:10.415Z] [INFO] [REQ] OPTIONS /session/login/doctor
[2026-03-10T16:50:10.419Z] [INFO] [RES] OPTIONS /session/login/doctor headersSent=true ended=true (4ms)
[2026-03-10T16:50:10.421Z] [INFO] [REQ] POST /session/login/doctor
[2026-03-10T16:50:10.425Z] [INFO] [RES] POST /session/login/doctor headersSent=false ended=false (4ms)
[2026-03-10T16:50:10.703Z] [INFO] [REQ] GET /db/private/visits/doctor
[2026-03-10T16:50:10.704Z] [INFO] [RES] GET /db/private/visits/doctor headersSent=false ended=false (1ms)
[2026-03-10T16:52:12.722Z] [INFO] [REQ] OPTIONS /session/login/doctor
[2026-03-10T16:52:12.727Z] [INFO] [RES] OPTIONS /session/login/doctor headersSent=true ended=true (5ms)
[2026-03-10T16:52:12.728Z] [INFO] [REQ] POST /session/login/doctor
[2026-03-10T16:52:12.732Z] [INFO] [RES] POST /session/login/doctor headersSent=false ended=false (4ms)
[2026-03-10T16:52:13.061Z] [INFO] [REQ] GET /db/private/visits/doctor
[2026-03-10T16:52:13.062Z] [INFO] [RES] GET /db/private/visits/doctor headersSent=false ended=false (1ms)
[2026-03-10T16:52:36.314Z] [INFO] [REQ] OPTIONS /session/login/doctor
[2026-03-10T16:52:36.318Z] [INFO] [RES] OPTIONS /session/login/doctor headersSent=true ended=true (4ms)
[2026-03-10T16:52:36.319Z] [INFO] [REQ] POST /session/login/doctor
[2026-03-10T16:52:36.322Z] [INFO] [RES] POST /session/login/doctor headersSent=false ended=false (3ms)
[2026-03-10T16:52:36.641Z] [INFO] [REQ] GET /db/private/visits/doctor
[2026-03-10T16:52:36.643Z] [INFO] [RES] GET /db/private/visits/doctor headersSent=false ended=false (2ms)
[2026-03-10T16:56:12.026Z] [INFO] [REQ] OPTIONS /session/login/user
[2026-03-10T16:56:12.031Z] [INFO] [RES] OPTIONS /session/login/user headersSent=true ended=true (5ms)
[2026-03-10T16:56:12.032Z] [INFO] [REQ] POST /session/login/user
[2026-03-10T16:56:12.034Z] [INFO] [RES] POST /session/login/user headersSent=false ended=false (2ms)
[2026-03-10T16:56:12.367Z] [INFO] [REQ] GET /db/private/getDottori
[2026-03-10T16:56:12.370Z] [INFO] [RES] GET /db/private/getDottori headersSent=false ended=false (3ms)
[2026-03-10T16:56:12.372Z] [INFO] [REQ] GET /db/private/visits/user
[2026-03-10T16:56:12.375Z] [INFO] [RES] GET /db/private/visits/user headersSent=false ended=false (2ms)
[2026-03-10T17:05:01.411Z] [INFO] [REQ] OPTIONS /session/login/doctor
[2026-03-10T17:05:01.417Z] [INFO] [RES] OPTIONS /session/login/doctor headersSent=true ended=true (6ms)
[2026-03-10T17:05:01.418Z] [INFO] [REQ] POST /session/login/doctor
[2026-03-10T17:05:01.420Z] [INFO] [RES] POST /session/login/doctor headersSent=false ended=false (2ms)
[2026-03-10T17:05:01.775Z] [INFO] [REQ] GET /db/private/visits/doctor
[2026-03-10T17:05:01.778Z] [INFO] [RES] GET /db/private/visits/doctor headersSent=false ended=false (3ms)
