[2026-02-08T20:18:36.793Z] [INFO] Route registered: POST /actions/data
[2026-02-08T20:18:36.793Z] [INFO] Route registered: POST /session/login
[2026-02-08T20:18:36.794Z] [INFO] Route registered: GET /session/profile
[2026-02-08T20:18:36.794Z] [INFO] Route registered: GET /session/test
[2026-02-08T20:18:36.794Z] [INFO] Route registered: POST /session/logout
[2026-02-08T20:18:36.794Z] [INFO] Route registered: POST /jwt/login
[2026-02-08T20:18:36.795Z] [INFO] Route registered: GET /jwt/protected
[2026-02-08T20:18:36.795Z] [INFO] Route registered: GET /auth/me
[2026-02-08T20:18:36.795Z] [INFO] Route registered: POST /auth/logout
[2026-02-08T20:18:36.795Z] [INFO] Route registered: GET /db/users/get
[2026-02-08T20:18:36.796Z] [INFO] Route registered: POST /db/user/get
[2026-02-09T15:41:44.506Z] [INFO] Route registered: POST /actions/data
[2026-02-09T15:41:44.506Z] [INFO] Route registered: POST /session/login
[2026-02-09T15:41:44.506Z] [INFO] Route registered: GET /session/profile
[2026-02-09T15:41:44.507Z] [INFO] Route registered: GET /session/test
[2026-02-09T15:41:44.507Z] [INFO] Route registered: POST /session/logout
[2026-02-09T15:41:44.507Z] [INFO] Route registered: POST /jwt/login
[2026-02-09T15:41:44.507Z] [INFO] Route registered: GET /jwt/protected
[2026-02-09T15:41:44.507Z] [INFO] Route registered: GET /auth/me
[2026-02-09T15:41:44.508Z] [INFO] Route registered: POST /auth/logout
[2026-02-09T15:41:44.508Z] [INFO] Route registered: GET /db/users/get
[2026-02-09T15:41:44.508Z] [INFO] Route registered: POST /db/user/get
[2026-02-11T11:53:49.581Z] [INFO] Route registered: POST /actions/data
[2026-02-11T11:53:49.582Z] [INFO] Route registered: POST /session/login
[2026-02-11T11:53:49.582Z] [INFO] Route registered: GET /session/profile
[2026-02-11T11:53:49.582Z] [INFO] Route registered: GET /session/test
[2026-02-11T11:53:49.582Z] [INFO] Route registered: POST /session/logout
[2026-02-11T11:53:49.583Z] [INFO] Route registered: POST /jwt/login
[2026-02-11T11:53:49.583Z] [INFO] Route registered: GET /jwt/protected
[2026-02-11T11:53:49.583Z] [INFO] Route registered: GET /auth/me
[2026-02-11T11:53:49.583Z] [INFO] Route registered: POST /auth/logout
[2026-02-11T11:53:49.584Z] [INFO] Route registered: GET /db/users/get
[2026-02-11T11:53:49.584Z] [INFO] Route registered: POST /db/user/get
[2026-02-11T15:37:25.649Z] [INFO] Route registered: GET /health
[2026-02-11T15:37:25.651Z] [INFO] Route registered: GET /auth/me
[2026-02-11T15:37:25.651Z] [INFO] Route registered: POST /session/login
[2026-02-11T15:37:25.651Z] [INFO] Route registered: POST /session/logout
[2026-02-11T15:37:25.651Z] [INFO] Route registered: POST /jwt/login
[2026-02-11T15:37:25.651Z] [INFO] Route registered: GET /db/public/users
[2026-02-11T15:37:25.652Z] [INFO] Route registered: GET /db/public/user
[2026-02-11T15:37:25.652Z] [INFO] Route registered: GET /db/private/users
[2026-02-11T15:37:25.652Z] [INFO] Route registered: GET /db/private/user
[2026-02-11T15:37:25.652Z] [INFO] Route registered: GET /db/private/docs
[2026-02-11T16:24:17.413Z] [INFO] Route registered: GET /health
[2026-02-11T16:24:17.415Z] [INFO] Route registered: GET /auth/me
[2026-02-11T16:24:17.415Z] [INFO] Route registered: POST /session/login
[2026-02-11T16:24:17.415Z] [INFO] Route registered: POST /session/logout
[2026-02-11T16:24:17.415Z] [INFO] Route registered: POST /jwt/login
[2026-02-11T16:24:17.416Z] [INFO] Route registered: GET /db/public/users
[2026-02-11T16:24:17.416Z] [INFO] Route registered: GET /db/public/user
[2026-02-11T16:24:17.416Z] [INFO] Route registered: GET /db/private/users
[2026-02-11T16:24:17.416Z] [INFO] Route registered: GET /db/private/user
[2026-02-11T16:24:17.416Z] [INFO] Route registered: GET /db/private/docs
[2026-02-11T16:24:39.092Z] [ERROR] Router error: 
[2026-02-11T16:24:44.943Z] [ERROR] Router error: 
[2026-02-11T16:26:47.488Z] [INFO] Route registered: GET /health
[2026-02-11T16:26:47.490Z] [INFO] Route registered: GET /auth/me
[2026-02-11T16:26:47.491Z] [INFO] Route registered: POST /session/login
[2026-02-11T16:26:47.491Z] [INFO] Route registered: POST /session/logout
[2026-02-11T16:26:47.491Z] [INFO] Route registered: POST /jwt/login
[2026-02-11T16:26:47.492Z] [INFO] Route registered: GET /db/public/users
[2026-02-11T16:26:47.492Z] [INFO] Route registered: GET /db/public/user
[2026-02-11T16:26:47.493Z] [INFO] Route registered: GET /db/private/users
[2026-02-11T16:26:47.493Z] [INFO] Route registered: GET /db/private/user
[2026-02-11T16:26:47.493Z] [INFO] Route registered: GET /db/private/docs
[2026-02-11T16:27:13.299Z] [INFO] Route registered: GET /health
[2026-02-11T16:27:13.300Z] [INFO] Route registered: GET /auth/me
[2026-02-11T16:27:13.301Z] [INFO] Route registered: POST /session/login
[2026-02-11T16:27:13.301Z] [INFO] Route registered: POST /session/logout
[2026-02-11T16:27:13.301Z] [INFO] Route registered: POST /jwt/login
[2026-02-11T16:27:13.301Z] [INFO] Route registered: GET /db/public/users
[2026-02-11T16:27:13.302Z] [INFO] Route registered: GET /db/public/user
[2026-02-11T16:27:13.302Z] [INFO] Route registered: GET /db/private/users
[2026-02-11T16:27:13.302Z] [INFO] Route registered: GET /db/private/user
[2026-02-11T16:27:13.302Z] [INFO] Route registered: GET /db/private/docs
[2026-02-11T16:46:25.808Z] [INFO] Route registered: GET /health
[2026-02-11T16:46:25.810Z] [INFO] Route registered: GET /auth/me
[2026-02-11T16:46:25.810Z] [INFO] Route registered: POST /session/login
[2026-02-11T16:46:25.810Z] [INFO] Route registered: POST /session/logout
[2026-02-11T16:46:25.811Z] [INFO] Route registered: POST /jwt/login
[2026-02-11T16:46:25.811Z] [INFO] Route registered: GET /db/public/users
[2026-02-11T16:46:25.811Z] [INFO] Route registered: GET /db/public/user
[2026-02-11T16:46:25.811Z] [INFO] Route registered: GET /db/private/users
[2026-02-11T16:46:25.811Z] [INFO] Route registered: GET /db/private/user
[2026-02-11T16:46:25.812Z] [INFO] Route registered: GET /db/private/docs
[2026-02-11T16:59:13.084Z] [WARN] Route not found: POST /auth/logout
[2026-02-11T16:59:46.857Z] [WARN] Route not found: POST /auth/logout
[2026-02-11T18:16:27.163Z] [INFO] Route registered: GET /health
[2026-02-11T18:16:27.164Z] [INFO] Route registered: GET /auth/me
[2026-02-11T18:16:27.164Z] [INFO] Route registered: POST /session/login
[2026-02-11T18:16:27.165Z] [INFO] Route registered: POST /session/logout
[2026-02-11T18:16:27.165Z] [INFO] Route registered: POST /jwt/login
[2026-02-11T18:16:27.165Z] [INFO] Route registered: GET /db/public/users
[2026-02-11T18:16:27.165Z] [INFO] Route registered: GET /db/public/user
[2026-02-11T18:16:27.166Z] [INFO] Route registered: GET /db/private/users
[2026-02-11T18:16:27.166Z] [INFO] Route registered: GET /db/private/user
[2026-02-11T18:16:27.166Z] [INFO] Route registered: GET /db/private/docs
[2026-02-11T18:16:46.211Z] [WARN] Route not found: POST /auth/logout
[2026-02-11T19:21:49.261Z] [WARN] Route not found: POST /auth/logout
[2026-02-11T19:22:31.501Z] [WARN] Route not found: POST /auth/logout
[2026-02-11T20:03:43.655Z] [INFO] Route registered: GET /health
[2026-02-11T20:03:43.657Z] [INFO] Route registered: GET /auth/me
[2026-02-11T20:03:43.658Z] [INFO] Route registered: POST /session/login
[2026-02-11T20:03:43.658Z] [INFO] Route registered: POST /session/logout
[2026-02-11T20:03:43.658Z] [INFO] Route registered: POST /jwt/login
[2026-02-11T20:03:43.659Z] [INFO] Route registered: GET /db/public/users
[2026-02-11T20:03:43.659Z] [INFO] Route registered: GET /db/public/user
[2026-02-11T20:03:43.659Z] [INFO] Route registered: GET /db/private/users
[2026-02-11T20:03:43.659Z] [INFO] Route registered: GET /db/private/user
[2026-02-11T20:03:43.660Z] [INFO] Route registered: GET /db/private/docs
[2026-02-11T20:03:57.690Z] [WARN] Route not found: POST /auth/logout
[2026-02-11T20:04:57.298Z] [INFO] Route registered: GET /health
[2026-02-11T20:04:57.300Z] [INFO] Route registered: GET /auth/me
[2026-02-11T20:04:57.300Z] [INFO] Route registered: POST /session/login
[2026-02-11T20:04:57.300Z] [INFO] Route registered: POST /session/logout
[2026-02-11T20:04:57.301Z] [INFO] Route registered: POST /jwt/login
[2026-02-11T20:04:57.301Z] [INFO] Route registered: GET /db/public/users
[2026-02-11T20:04:57.301Z] [INFO] Route registered: GET /db/public/user
[2026-02-11T20:04:57.301Z] [INFO] Route registered: GET /db/private/users
[2026-02-11T20:04:57.301Z] [INFO] Route registered: GET /db/private/user
[2026-02-11T20:04:57.302Z] [INFO] Route registered: GET /db/private/docs
[2026-02-11T20:07:13.116Z] [INFO] Route registered: GET /health
[2026-02-11T20:07:13.119Z] [INFO] Route registered: GET /auth/me
[2026-02-11T20:07:13.119Z] [INFO] Route registered: POST /session/login
[2026-02-11T20:07:13.120Z] [INFO] Route registered: POST /session/logout
[2026-02-11T20:07:13.121Z] [INFO] Route registered: POST /jwt/login
[2026-02-11T20:07:13.121Z] [INFO] Route registered: GET /db/public/users
[2026-02-11T20:07:13.121Z] [INFO] Route registered: GET /db/public/user
[2026-02-11T20:07:13.121Z] [INFO] Route registered: GET /db/private/users
[2026-02-11T20:07:13.122Z] [INFO] Route registered: GET /db/private/user
[2026-02-11T20:07:13.122Z] [INFO] Route registered: GET /db/private/docs
[2026-02-11T20:08:33.166Z] [WARN] Route not found: POST /auth/logout
[2026-02-11T20:13:10.067Z] [WARN] Route not found: POST /auth/logout
[2026-02-12T07:59:15.089Z] [INFO] Route registered: GET /health
[2026-02-12T07:59:15.090Z] [INFO] Route registered: GET /auth/me
[2026-02-12T07:59:15.090Z] [INFO] Route registered: POST /session/login
[2026-02-12T07:59:15.090Z] [INFO] Route registered: POST /session/logout
[2026-02-12T07:59:15.091Z] [INFO] Route registered: POST /jwt/login
[2026-02-12T07:59:15.091Z] [INFO] Route registered: GET /db/public/users
[2026-02-12T07:59:15.091Z] [INFO] Route registered: GET /db/public/user
[2026-02-12T07:59:15.091Z] [INFO] Route registered: GET /db/private/users
[2026-02-12T07:59:15.091Z] [INFO] Route registered: GET /db/private/user
[2026-02-12T07:59:15.092Z] [INFO] Route registered: GET /db/private/docs
[2026-02-12T08:00:53.779Z] [WARN] Route not found: POST /auth/logout
[2026-02-12T08:01:15.681Z] [WARN] Route not found: POST /auth/logout
[2026-02-12T12:18:51.882Z] [INFO] Route registered: GET /health
[2026-02-12T12:18:51.883Z] [INFO] Route registered: GET /auth/me
[2026-02-12T12:18:51.883Z] [INFO] Route registered: POST /session/login
[2026-02-12T12:18:51.883Z] [INFO] Route registered: POST /session/logout
[2026-02-12T12:18:51.884Z] [INFO] Route registered: POST /jwt/login
[2026-02-12T12:18:51.884Z] [INFO] Route registered: GET /db/public/users
[2026-02-12T12:18:51.884Z] [INFO] Route registered: GET /db/public/user
[2026-02-12T12:18:51.884Z] [INFO] Route registered: GET /db/private/users
[2026-02-12T12:18:51.884Z] [INFO] Route registered: GET /db/private/user
[2026-02-12T12:18:51.884Z] [INFO] Route registered: GET /db/private/docs
[2026-02-12T12:19:25.488Z] [ERROR] Router error: 
[2026-02-12T12:20:07.927Z] [WARN] Route not found: POST /auth/logout
[2026-03-05T14:19:12.256Z] [INFO] Route registered: GET /health
[2026-03-05T14:19:12.257Z] [INFO] Route registered: GET /auth/me
[2026-03-05T14:19:12.257Z] [INFO] Route registered: POST /session/login
[2026-03-05T14:19:12.257Z] [INFO] Route registered: POST /session/logout
[2026-03-05T14:19:12.257Z] [INFO] Route registered: POST /jwt/login
[2026-03-05T14:19:12.258Z] [INFO] Route registered: GET /db/public/users
[2026-03-05T14:19:12.258Z] [INFO] Route registered: GET /db/public/user
[2026-03-05T14:19:12.258Z] [INFO] Route registered: GET /db/private/users
[2026-03-05T14:19:12.258Z] [INFO] Route registered: GET /db/private/user
[2026-03-05T14:19:12.258Z] [INFO] Route registered: GET /db/private/docs
[2026-03-05T17:17:46.550Z] [INFO] Route registered: GET /health
[2026-03-05T17:17:46.551Z] [INFO] Route registered: GET /auth/me
[2026-03-05T17:17:46.551Z] [INFO] Route registered: POST /session/login/user
[2026-03-05T17:17:46.551Z] [INFO] Route registered: POST /session/login/doctor
[2026-03-05T17:17:46.552Z] [INFO] Route registered: POST /session/logout
[2026-03-05T17:17:46.552Z] [INFO] Route registered: GET /db/private/users
[2026-03-05T17:17:46.552Z] [INFO] Route registered: GET /db/private/doctors
[2026-03-05T17:17:46.552Z] [INFO] Route registered: GET /db/private/visits/user
[2026-03-05T17:17:46.552Z] [INFO] Route registered: POST db/public/goon
[2026-03-05T17:18:29.447Z] [WARN] Route not found: POST /db/public/goon
[2026-03-05T17:20:27.802Z] [INFO] Route registered: GET /health
[2026-03-05T17:20:27.802Z] [INFO] Route registered: GET /auth/me
[2026-03-05T17:20:27.802Z] [INFO] Route registered: POST /session/login/user
[2026-03-05T17:20:27.803Z] [INFO] Route registered: POST /session/login/doctor
[2026-03-05T17:20:27.803Z] [INFO] Route registered: POST /session/logout
[2026-03-05T17:20:27.803Z] [INFO] Route registered: GET /db/private/users
[2026-03-05T17:20:27.803Z] [INFO] Route registered: GET /db/private/doctors
[2026-03-05T17:20:27.803Z] [INFO] Route registered: GET /db/private/visits/user
[2026-03-05T17:20:27.803Z] [INFO] Route registered: POST db/public/goon
[2026-03-05T17:20:58.375Z] [WARN] Route not found: POST /db/public/goon
[2026-03-05T17:22:12.720Z] [WARN] Route not found: POST /db/public/goon
[2026-03-05T17:22:24.367Z] [INFO] Route registered: GET /health
[2026-03-05T17:22:24.368Z] [INFO] Route registered: GET /auth/me
[2026-03-05T17:22:24.368Z] [INFO] Route registered: POST /session/login/user
[2026-03-05T17:22:24.368Z] [INFO] Route registered: POST /session/login/doctor
[2026-03-05T17:22:24.368Z] [INFO] Route registered: POST /session/logout
[2026-03-05T17:22:24.369Z] [INFO] Route registered: GET /db/private/users
[2026-03-05T17:22:24.369Z] [INFO] Route registered: GET /db/private/doctors
[2026-03-05T17:22:24.369Z] [INFO] Route registered: GET /db/private/visits/user
[2026-03-05T17:22:24.369Z] [INFO] Route registered: POST /db/public/goon
[2026-03-07T17:04:04.944Z] [INFO] Route registered: GET /health
[2026-03-07T17:04:04.945Z] [INFO] Route registered: GET /auth/me
[2026-03-07T17:04:04.945Z] [INFO] Route registered: POST /session/login/user
[2026-03-07T17:04:04.945Z] [INFO] Route registered: POST /session/login/doctor
[2026-03-07T17:04:04.945Z] [INFO] Route registered: POST /session/login/admin
[2026-03-07T17:04:04.945Z] [INFO] Route registered: POST /session/logout
[2026-03-07T17:04:04.946Z] [INFO] Route registered: GET /db/private/users
[2026-03-07T17:04:04.946Z] [INFO] Route registered: GET /db/private/doctors
[2026-03-07T17:04:04.946Z] [INFO] Route registered: GET /db/private/admins
[2026-03-07T17:04:04.946Z] [INFO] Route registered: GET /db/private/visits/user
[2026-03-07T17:04:04.946Z] [INFO] Route registered: GET /db/private/visits/doctor
[2026-03-07T17:04:04.946Z] [INFO] Route registered: GET /db/private/visits/externalDoctor
[2026-03-07T17:04:04.946Z] [INFO] Route registered: GET /db/private/specs
[2026-03-07T17:04:04.947Z] [INFO] Route registered: GET /db/private/doctors/spec
[2026-03-07T17:06:50.497Z] [INFO] Route registered: GET /health
[2026-03-07T17:06:50.498Z] [INFO] Route registered: GET /auth/me
[2026-03-07T17:06:50.498Z] [INFO] Route registered: POST /session/login/user
[2026-03-07T17:06:50.499Z] [INFO] Route registered: POST /session/login/doctor
[2026-03-07T17:06:50.499Z] [INFO] Route registered: POST /session/login/admin
[2026-03-07T17:06:50.499Z] [INFO] Route registered: POST /session/logout
[2026-03-07T17:06:50.499Z] [INFO] Route registered: GET /db/private/users
[2026-03-07T17:06:50.499Z] [INFO] Route registered: GET /db/private/doctors
[2026-03-07T17:06:50.499Z] [INFO] Route registered: GET /db/private/admins
[2026-03-07T17:06:50.500Z] [INFO] Route registered: GET /db/private/visits/user
[2026-03-07T17:06:50.500Z] [INFO] Route registered: GET /db/private/visits/doctor
[2026-03-07T17:06:50.500Z] [INFO] Route registered: GET /db/private/visits/externalDoctor
[2026-03-07T17:06:50.500Z] [INFO] Route registered: GET /db/private/specs
[2026-03-07T17:06:50.500Z] [INFO] Route registered: GET /db/private/doctors/spec
[2026-03-07T17:10:04.724Z] [INFO] Route registered: GET /health
[2026-03-07T17:10:04.725Z] [INFO] Route registered: GET /auth/me
[2026-03-07T17:10:04.725Z] [INFO] Route registered: POST /session/login/user
[2026-03-07T17:10:04.725Z] [INFO] Route registered: POST /session/login/doctor
[2026-03-07T17:10:04.726Z] [INFO] Route registered: POST /session/login/admin
[2026-03-07T17:10:04.726Z] [INFO] Route registered: POST /session/logout
[2026-03-07T17:10:04.726Z] [INFO] Route registered: GET /db/private/users
[2026-03-07T17:10:04.726Z] [INFO] Route registered: GET /db/private/doctors
[2026-03-07T17:10:04.727Z] [INFO] Route registered: GET /db/private/admins
[2026-03-07T17:10:04.727Z] [INFO] Route registered: GET /db/private/visits/user
[2026-03-07T17:10:04.727Z] [INFO] Route registered: GET /db/private/visits/doctor
[2026-03-07T17:10:04.727Z] [INFO] Route registered: GET /db/private/visits/externalDoctor
[2026-03-07T17:10:04.727Z] [INFO] Route registered: GET /db/private/specs
[2026-03-07T17:10:04.727Z] [INFO] Route registered: GET /db/private/doctors/spec
[2026-03-07T17:10:07.674Z] [INFO] Route registered: GET /health
[2026-03-07T17:10:07.675Z] [INFO] Route registered: GET /auth/me
[2026-03-07T17:10:07.675Z] [INFO] Route registered: POST /session/login/user
[2026-03-07T17:10:07.675Z] [INFO] Route registered: POST /session/login/doctor
[2026-03-07T17:10:07.675Z] [INFO] Route registered: POST /session/login/admin
[2026-03-07T17:10:07.676Z] [INFO] Route registered: POST /session/logout
[2026-03-07T17:10:07.676Z] [INFO] Route registered: GET /db/private/users
[2026-03-07T17:10:07.676Z] [INFO] Route registered: GET /db/private/doctors
[2026-03-07T17:10:07.677Z] [INFO] Route registered: GET /db/private/admins
[2026-03-07T17:10:07.677Z] [INFO] Route registered: GET /db/private/visits/user
[2026-03-07T17:10:07.677Z] [INFO] Route registered: GET /db/private/visits/doctor
[2026-03-07T17:10:07.677Z] [INFO] Route registered: GET /db/private/visits/externalDoctor
[2026-03-07T17:10:07.678Z] [INFO] Route registered: GET /db/private/specs
[2026-03-07T17:10:07.678Z] [INFO] Route registered: GET /db/private/doctors/spec
[2026-03-07T18:26:40.510Z] [INFO] Route registered: GET /health
[2026-03-07T18:26:40.511Z] [INFO] Route registered: GET /auth/me
[2026-03-07T18:26:40.512Z] [INFO] Route registered: POST /session/login/user
[2026-03-07T18:26:40.513Z] [INFO] Route registered: POST /session/login/doctor
[2026-03-07T18:26:40.513Z] [INFO] Route registered: POST /session/login/admin
[2026-03-07T18:26:40.513Z] [INFO] Route registered: POST /session/logout
[2026-03-07T18:26:40.513Z] [INFO] Route registered: GET /db/private/users
[2026-03-07T18:26:40.514Z] [INFO] Route registered: GET /db/private/doctors
[2026-03-07T18:26:40.514Z] [INFO] Route registered: GET /db/private/admins
[2026-03-07T18:26:40.514Z] [INFO] Route registered: GET /db/private/visits/user
[2026-03-07T18:26:40.514Z] [INFO] Route registered: GET /db/private/visits/doctor
[2026-03-07T18:26:40.514Z] [INFO] Route registered: GET /db/private/visits/externalDoctor
[2026-03-07T18:26:40.515Z] [INFO] Route registered: GET /db/private/specs
[2026-03-07T18:26:40.515Z] [INFO] Route registered: GET /db/private/doctors/spec
[2026-03-07T18:30:06.283Z] [INFO] Route registered: GET /health
[2026-03-07T18:30:06.284Z] [INFO] Route registered: GET /auth/me
[2026-03-07T18:30:06.284Z] [INFO] Route registered: POST /session/login/user
[2026-03-07T18:30:06.284Z] [INFO] Route registered: POST /session/login/doctor
[2026-03-07T18:30:06.284Z] [INFO] Route registered: POST /session/login/admin
[2026-03-07T18:30:06.284Z] [INFO] Route registered: POST /session/logout
[2026-03-07T18:30:06.285Z] [INFO] Route registered: GET /db/private/users
[2026-03-07T18:30:06.285Z] [INFO] Route registered: GET /db/private/doctors
[2026-03-07T18:30:06.285Z] [INFO] Route registered: GET /db/private/admins
[2026-03-07T18:30:06.285Z] [INFO] Route registered: GET /db/private/visits/user
[2026-03-07T18:30:06.285Z] [INFO] Route registered: GET /db/private/visits/doctor
[2026-03-07T18:30:06.286Z] [INFO] Route registered: GET /db/private/visits/externalDoctor
[2026-03-07T18:30:06.286Z] [INFO] Route registered: GET /db/private/specs
[2026-03-07T18:30:06.286Z] [INFO] Route registered: GET /db/private/doctors/spec
[2026-03-07T18:30:09.415Z] [INFO] Route registered: GET /health
[2026-03-07T18:30:09.416Z] [INFO] Route registered: GET /auth/me
[2026-03-07T18:30:09.416Z] [INFO] Route registered: POST /session/login/user
[2026-03-07T18:30:09.416Z] [INFO] Route registered: POST /session/login/doctor
[2026-03-07T18:30:09.416Z] [INFO] Route registered: POST /session/login/admin
[2026-03-07T18:30:09.416Z] [INFO] Route registered: POST /session/logout
[2026-03-07T18:30:09.417Z] [INFO] Route registered: GET /db/private/users
[2026-03-07T18:30:09.417Z] [INFO] Route registered: GET /db/private/doctors
[2026-03-07T18:30:09.417Z] [INFO] Route registered: GET /db/private/admins
[2026-03-07T18:30:09.417Z] [INFO] Route registered: GET /db/private/visits/user
[2026-03-07T18:30:09.417Z] [INFO] Route registered: GET /db/private/visits/doctor
[2026-03-07T18:30:09.417Z] [INFO] Route registered: GET /db/private/visits/externalDoctor
[2026-03-07T18:30:09.418Z] [INFO] Route registered: GET /db/private/specs
[2026-03-07T18:30:09.418Z] [INFO] Route registered: GET /db/private/doctors/spec
[2026-03-07T18:37:20.365Z] [INFO] Route registered: GET /health
[2026-03-07T18:37:20.366Z] [INFO] Route registered: GET /auth/me
[2026-03-07T18:37:20.366Z] [INFO] Route registered: POST /session/login/user
[2026-03-07T18:37:20.366Z] [INFO] Route registered: POST /session/login/doctor
[2026-03-07T18:37:20.367Z] [INFO] Route registered: POST /session/login/admin
[2026-03-07T18:37:20.367Z] [INFO] Route registered: POST /session/logout
[2026-03-07T18:37:20.367Z] [INFO] Route registered: GET /db/private/users
[2026-03-07T18:37:20.367Z] [INFO] Route registered: GET /db/private/doctors
[2026-03-07T18:37:20.367Z] [INFO] Route registered: GET /db/private/admins
[2026-03-07T18:37:20.368Z] [INFO] Route registered: GET /db/private/visits/user
[2026-03-07T18:37:20.368Z] [INFO] Route registered: GET /db/private/visits/doctor
[2026-03-07T18:37:20.368Z] [INFO] Route registered: GET /db/private/visits/externalDoctor
[2026-03-07T18:37:20.368Z] [INFO] Route registered: GET /db/private/specs
[2026-03-07T18:37:20.368Z] [INFO] Route registered: GET /db/private/doctors/spec
[2026-03-07T18:37:32.758Z] [INFO] Route registered: GET /health
[2026-03-07T18:37:32.759Z] [INFO] Route registered: GET /auth/me
[2026-03-07T18:37:32.759Z] [INFO] Route registered: POST /session/login/user
[2026-03-07T18:37:32.760Z] [INFO] Route registered: POST /session/login/doctor
[2026-03-07T18:37:32.760Z] [INFO] Route registered: POST /session/login/admin
[2026-03-07T18:37:32.760Z] [INFO] Route registered: POST /session/logout
[2026-03-07T18:37:32.760Z] [INFO] Route registered: GET /db/private/users
[2026-03-07T18:37:32.761Z] [INFO] Route registered: GET /db/private/doctors
[2026-03-07T18:37:32.761Z] [INFO] Route registered: GET /db/private/admins
[2026-03-07T18:37:32.761Z] [INFO] Route registered: GET /db/private/visits/user
[2026-03-07T18:37:32.761Z] [INFO] Route registered: GET /db/private/visits/doctor
[2026-03-07T18:37:32.761Z] [INFO] Route registered: GET /db/private/visits/externalDoctor
[2026-03-07T18:37:32.762Z] [INFO] Route registered: GET /db/private/specs
[2026-03-07T18:37:32.762Z] [INFO] Route registered: GET /db/private/doctors/spec
[2026-03-07T18:37:38.145Z] [INFO] Route registered: GET /health
[2026-03-07T18:37:38.146Z] [INFO] Route registered: GET /auth/me
[2026-03-07T18:37:38.146Z] [INFO] Route registered: POST /session/login/user
[2026-03-07T18:37:38.147Z] [INFO] Route registered: POST /session/login/doctor
[2026-03-07T18:37:38.147Z] [INFO] Route registered: POST /session/login/admin
[2026-03-07T18:37:38.147Z] [INFO] Route registered: POST /session/logout
[2026-03-07T18:37:38.147Z] [INFO] Route registered: GET /db/private/users
[2026-03-07T18:37:38.147Z] [INFO] Route registered: GET /db/private/doctors
[2026-03-07T18:37:38.148Z] [INFO] Route registered: GET /db/private/admins
[2026-03-07T18:37:38.148Z] [INFO] Route registered: GET /db/private/visits/user
[2026-03-07T18:37:38.148Z] [INFO] Route registered: GET /db/private/visits/doctor
[2026-03-07T18:37:38.148Z] [INFO] Route registered: GET /db/private/visits/externalDoctor
[2026-03-07T18:37:38.148Z] [INFO] Route registered: GET /db/private/specs
[2026-03-07T18:37:38.148Z] [INFO] Route registered: GET /db/private/doctors/spec
[2026-03-07T18:38:02.347Z] [INFO] Route registered: GET /health
[2026-03-07T18:38:02.347Z] [INFO] Route registered: GET /auth/me
[2026-03-07T18:38:02.348Z] [INFO] Route registered: POST /session/login/user
[2026-03-07T18:38:02.348Z] [INFO] Route registered: POST /session/login/doctor
[2026-03-07T18:38:02.348Z] [INFO] Route registered: POST /session/login/admin
[2026-03-07T18:38:02.348Z] [INFO] Route registered: POST /session/logout
[2026-03-07T18:38:02.348Z] [INFO] Route registered: GET /db/private/users
[2026-03-07T18:38:02.348Z] [INFO] Route registered: GET /db/private/doctors
[2026-03-07T18:38:02.348Z] [INFO] Route registered: GET /db/private/admins
[2026-03-07T18:38:02.349Z] [INFO] Route registered: GET /db/private/visits/user
[2026-03-07T18:38:02.349Z] [INFO] Route registered: GET /db/private/visits/doctor
[2026-03-07T18:38:02.349Z] [INFO] Route registered: GET /db/private/visits/externalDoctor
[2026-03-07T18:38:02.349Z] [INFO] Route registered: GET /db/private/specs
[2026-03-07T18:38:02.349Z] [INFO] Route registered: GET /db/private/doctors/spec
[2026-03-07T18:38:06.458Z] [INFO] Route registered: GET /health
[2026-03-07T18:38:06.459Z] [INFO] Route registered: GET /auth/me
[2026-03-07T18:38:06.460Z] [INFO] Route registered: POST /session/login/user
[2026-03-07T18:38:06.460Z] [INFO] Route registered: POST /session/login/doctor
[2026-03-07T18:38:06.460Z] [INFO] Route registered: POST /session/login/admin
[2026-03-07T18:38:06.460Z] [INFO] Route registered: POST /session/logout
[2026-03-07T18:38:06.461Z] [INFO] Route registered: GET /db/private/users
[2026-03-07T18:38:06.461Z] [INFO] Route registered: GET /db/private/doctors
[2026-03-07T18:38:06.461Z] [INFO] Route registered: GET /db/private/admins
[2026-03-07T18:38:06.461Z] [INFO] Route registered: GET /db/private/visits/user
[2026-03-07T18:38:06.461Z] [INFO] Route registered: GET /db/private/visits/doctor
[2026-03-07T18:38:06.461Z] [INFO] Route registered: GET /db/private/visits/externalDoctor
[2026-03-07T18:38:06.462Z] [INFO] Route registered: GET /db/private/specs
[2026-03-07T18:38:06.462Z] [INFO] Route registered: GET /db/private/doctors/spec
[2026-03-07T18:38:09.604Z] [INFO] Route registered: GET /health
[2026-03-07T18:38:09.605Z] [INFO] Route registered: GET /auth/me
[2026-03-07T18:38:09.605Z] [INFO] Route registered: POST /session/login/user
[2026-03-07T18:38:09.605Z] [INFO] Route registered: POST /session/login/doctor
[2026-03-07T18:38:09.605Z] [INFO] Route registered: POST /session/login/admin
[2026-03-07T18:38:09.605Z] [INFO] Route registered: POST /session/logout
[2026-03-07T18:38:09.605Z] [INFO] Route registered: GET /db/private/users
[2026-03-07T18:38:09.606Z] [INFO] Route registered: GET /db/private/doctors
[2026-03-07T18:38:09.606Z] [INFO] Route registered: GET /db/private/admins
[2026-03-07T18:38:09.606Z] [INFO] Route registered: GET /db/private/visits/user
[2026-03-07T18:38:09.606Z] [INFO] Route registered: GET /db/private/visits/doctor
[2026-03-07T18:38:09.606Z] [INFO] Route registered: GET /db/private/visits/externalDoctor
[2026-03-07T18:38:09.607Z] [INFO] Route registered: GET /db/private/specs
[2026-03-07T18:38:09.607Z] [INFO] Route registered: GET /db/private/doctors/spec
[2026-03-07T18:38:11.366Z] [INFO] Route registered: GET /health
[2026-03-07T18:38:11.366Z] [INFO] Route registered: GET /auth/me
[2026-03-07T18:38:11.367Z] [INFO] Route registered: POST /session/login/user
[2026-03-07T18:38:11.367Z] [INFO] Route registered: POST /session/login/doctor
[2026-03-07T18:38:11.367Z] [INFO] Route registered: POST /session/login/admin
[2026-03-07T18:38:11.367Z] [INFO] Route registered: POST /session/logout
[2026-03-07T18:38:11.367Z] [INFO] Route registered: GET /db/private/users
[2026-03-07T18:38:11.367Z] [INFO] Route registered: GET /db/private/doctors
[2026-03-07T18:38:11.368Z] [INFO] Route registered: GET /db/private/admins
[2026-03-07T18:38:11.368Z] [INFO] Route registered: GET /db/private/visits/user
[2026-03-07T18:38:11.368Z] [INFO] Route registered: GET /db/private/visits/doctor
[2026-03-07T18:38:11.368Z] [INFO] Route registered: GET /db/private/visits/externalDoctor
[2026-03-07T18:38:11.368Z] [INFO] Route registered: GET /db/private/specs
[2026-03-07T18:38:11.368Z] [INFO] Route registered: GET /db/private/doctors/spec
[2026-03-07T18:38:13.456Z] [INFO] Route registered: GET /health
[2026-03-07T18:38:13.457Z] [INFO] Route registered: GET /auth/me
[2026-03-07T18:38:13.457Z] [INFO] Route registered: POST /session/login/user
[2026-03-07T18:38:13.457Z] [INFO] Route registered: POST /session/login/doctor
[2026-03-07T18:38:13.457Z] [INFO] Route registered: POST /session/login/admin
[2026-03-07T18:38:13.458Z] [INFO] Route registered: POST /session/logout
[2026-03-07T18:38:13.458Z] [INFO] Route registered: GET /db/private/users
[2026-03-07T18:38:13.458Z] [INFO] Route registered: GET /db/private/doctors
[2026-03-07T18:38:13.458Z] [INFO] Route registered: GET /db/private/admins
[2026-03-07T18:38:13.458Z] [INFO] Route registered: GET /db/private/visits/user
[2026-03-07T18:38:13.458Z] [INFO] Route registered: GET /db/private/visits/doctor
[2026-03-07T18:38:13.459Z] [INFO] Route registered: GET /db/private/visits/externalDoctor
[2026-03-07T18:38:13.459Z] [INFO] Route registered: GET /db/private/specs
[2026-03-07T18:38:13.459Z] [INFO] Route registered: GET /db/private/doctors/spec
[2026-03-07T18:38:17.216Z] [INFO] Route registered: GET /health
[2026-03-07T18:38:17.217Z] [INFO] Route registered: GET /auth/me
[2026-03-07T18:38:17.217Z] [INFO] Route registered: POST /session/login/user
[2026-03-07T18:38:17.217Z] [INFO] Route registered: POST /session/login/doctor
[2026-03-07T18:38:17.217Z] [INFO] Route registered: POST /session/login/admin
[2026-03-07T18:38:17.218Z] [INFO] Route registered: POST /session/logout
[2026-03-07T18:38:17.218Z] [INFO] Route registered: GET /db/private/users
[2026-03-07T18:38:17.218Z] [INFO] Route registered: GET /db/private/doctors
[2026-03-07T18:38:17.218Z] [INFO] Route registered: GET /db/private/admins
[2026-03-07T18:38:17.218Z] [INFO] Route registered: GET /db/private/visits/user
[2026-03-07T18:38:17.219Z] [INFO] Route registered: GET /db/private/visits/doctor
[2026-03-07T18:38:17.219Z] [INFO] Route registered: GET /db/private/visits/externalDoctor
[2026-03-07T18:38:17.219Z] [INFO] Route registered: GET /db/private/specs
[2026-03-07T18:38:17.219Z] [INFO] Route registered: GET /db/private/doctors/spec
[2026-03-07T18:38:26.746Z] [INFO] Route registered: GET /health
[2026-03-07T18:38:26.747Z] [INFO] Route registered: GET /auth/me
[2026-03-07T18:38:26.747Z] [INFO] Route registered: POST /session/login/user
[2026-03-07T18:38:26.748Z] [INFO] Route registered: POST /session/login/doctor
[2026-03-07T18:38:26.748Z] [INFO] Route registered: POST /session/login/admin
[2026-03-07T18:38:26.748Z] [INFO] Route registered: POST /session/logout
[2026-03-07T18:38:26.748Z] [INFO] Route registered: GET /db/private/users
[2026-03-07T18:38:26.748Z] [INFO] Route registered: GET /db/private/doctors
[2026-03-07T18:38:26.748Z] [INFO] Route registered: GET /db/private/admins
[2026-03-07T18:38:26.748Z] [INFO] Route registered: GET /db/private/visits/user
[2026-03-07T18:38:26.749Z] [INFO] Route registered: GET /db/private/visits/doctor
[2026-03-07T18:38:26.749Z] [INFO] Route registered: GET /db/private/visits/externalDoctor
[2026-03-07T18:38:26.749Z] [INFO] Route registered: GET /db/private/specs
[2026-03-07T18:38:26.749Z] [INFO] Route registered: GET /db/private/doctors/spec
[2026-03-07T18:38:32.558Z] [INFO] Route registered: GET /health
[2026-03-07T18:38:32.559Z] [INFO] Route registered: GET /auth/me
[2026-03-07T18:38:32.559Z] [INFO] Route registered: POST /session/login/user
[2026-03-07T18:38:32.560Z] [INFO] Route registered: POST /session/login/doctor
[2026-03-07T18:38:32.560Z] [INFO] Route registered: POST /session/login/admin
[2026-03-07T18:38:32.560Z] [INFO] Route registered: POST /session/logout
[2026-03-07T18:38:32.560Z] [INFO] Route registered: GET /db/private/users
[2026-03-07T18:38:32.560Z] [INFO] Route registered: GET /db/private/doctors
[2026-03-07T18:38:32.560Z] [INFO] Route registered: GET /db/private/admins
[2026-03-07T18:38:32.560Z] [INFO] Route registered: GET /db/private/visits/user
[2026-03-07T18:38:32.561Z] [INFO] Route registered: GET /db/private/visits/doctor
[2026-03-07T18:38:32.561Z] [INFO] Route registered: GET /db/private/visits/externalDoctor
[2026-03-07T18:38:32.561Z] [INFO] Route registered: GET /db/private/specs
[2026-03-07T18:38:32.561Z] [INFO] Route registered: GET /db/private/doctors/spec
[2026-03-07T18:38:37.679Z] [INFO] Route registered: GET /health
[2026-03-07T18:38:37.680Z] [INFO] Route registered: GET /auth/me
[2026-03-07T18:38:37.680Z] [INFO] Route registered: POST /session/login/user
[2026-03-07T18:38:37.680Z] [INFO] Route registered: POST /session/login/doctor
[2026-03-07T18:38:37.680Z] [INFO] Route registered: POST /session/login/admin
[2026-03-07T18:38:37.681Z] [INFO] Route registered: POST /session/logout
[2026-03-07T18:38:37.681Z] [INFO] Route registered: GET /db/private/users
[2026-03-07T18:38:37.681Z] [INFO] Route registered: GET /db/private/doctors
[2026-03-07T18:38:37.682Z] [INFO] Route registered: GET /db/private/admins
[2026-03-07T18:38:37.682Z] [INFO] Route registered: GET /db/private/visits/user
[2026-03-07T18:38:37.682Z] [INFO] Route registered: GET /db/private/visits/doctor
[2026-03-07T18:38:37.682Z] [INFO] Route registered: GET /db/private/visits/externalDoctor
[2026-03-07T18:38:37.682Z] [INFO] Route registered: GET /db/private/specs
[2026-03-07T18:38:37.682Z] [INFO] Route registered: GET /db/private/doctors/spec
[2026-03-07T18:38:40.370Z] [INFO] Route registered: GET /health
[2026-03-07T18:38:40.371Z] [INFO] Route registered: GET /auth/me
[2026-03-07T18:38:40.371Z] [INFO] Route registered: POST /session/login/user
[2026-03-07T18:38:40.371Z] [INFO] Route registered: POST /session/login/doctor
[2026-03-07T18:38:40.372Z] [INFO] Route registered: POST /session/login/admin
[2026-03-07T18:38:40.372Z] [INFO] Route registered: POST /session/logout
[2026-03-07T18:38:40.372Z] [INFO] Route registered: GET /db/private/users
[2026-03-07T18:38:40.372Z] [INFO] Route registered: GET /db/private/doctors
[2026-03-07T18:38:40.372Z] [INFO] Route registered: GET /db/private/admins
[2026-03-07T18:38:40.372Z] [INFO] Route registered: GET /db/private/visits/user
[2026-03-07T18:38:40.373Z] [INFO] Route registered: GET /db/private/visits/doctor
[2026-03-07T18:38:40.373Z] [INFO] Route registered: GET /db/private/visits/externalDoctor
[2026-03-07T18:38:40.373Z] [INFO] Route registered: GET /db/private/specs
[2026-03-07T18:38:40.373Z] [INFO] Route registered: GET /db/private/doctors/spec
[2026-03-07T18:39:23.057Z] [INFO] Route registered: GET /health
[2026-03-07T18:39:23.058Z] [INFO] Route registered: GET /auth/me
[2026-03-07T18:39:23.058Z] [INFO] Route registered: POST /session/login/user
[2026-03-07T18:39:23.058Z] [INFO] Route registered: POST /session/login/doctor
[2026-03-07T18:39:23.059Z] [INFO] Route registered: POST /session/login/admin
[2026-03-07T18:39:23.059Z] [INFO] Route registered: POST /session/logout
[2026-03-07T18:39:23.059Z] [INFO] Route registered: GET /db/private/users
[2026-03-07T18:39:23.059Z] [INFO] Route registered: GET /db/private/doctors
[2026-03-07T18:39:23.059Z] [INFO] Route registered: GET /db/private/admins
[2026-03-07T18:39:23.060Z] [INFO] Route registered: GET /db/private/visits/user
[2026-03-07T18:39:23.060Z] [INFO] Route registered: GET /db/private/visits/doctor
[2026-03-07T18:39:23.060Z] [INFO] Route registered: GET /db/private/visits/externalDoctor
[2026-03-07T18:39:23.060Z] [INFO] Route registered: GET /db/private/specs
[2026-03-07T18:39:23.060Z] [INFO] Route registered: GET /db/private/doctors/spec
[2026-03-07T18:42:45.402Z] [INFO] Route registered: GET /health
[2026-03-07T18:42:45.403Z] [INFO] Route registered: GET /auth/me
[2026-03-07T18:42:45.403Z] [INFO] Route registered: POST /session/login/user
[2026-03-07T18:42:45.403Z] [INFO] Route registered: POST /session/login/doctor
[2026-03-07T18:42:45.403Z] [INFO] Route registered: POST /session/login/admin
[2026-03-07T18:42:45.404Z] [INFO] Route registered: POST /session/logout
[2026-03-07T18:42:45.404Z] [INFO] Route registered: GET /db/private/users
[2026-03-07T18:42:45.404Z] [INFO] Route registered: GET /db/private/doctors
[2026-03-07T18:42:45.404Z] [INFO] Route registered: GET /db/private/admins
[2026-03-07T18:42:45.404Z] [INFO] Route registered: GET /db/private/visits/user
[2026-03-07T18:42:45.404Z] [INFO] Route registered: GET /db/private/visits/doctor
[2026-03-07T18:42:45.404Z] [INFO] Route registered: GET /db/private/visits/externalDoctor
[2026-03-07T18:42:45.405Z] [INFO] Route registered: GET /db/private/specs
[2026-03-07T18:42:45.405Z] [INFO] Route registered: GET /db/private/doctors/spec
[2026-03-07T18:43:17.267Z] [INFO] Route registered: GET /health
[2026-03-07T18:43:17.268Z] [INFO] Route registered: GET /auth/me
[2026-03-07T18:43:17.268Z] [INFO] Route registered: POST /session/login/user
[2026-03-07T18:43:17.268Z] [INFO] Route registered: POST /session/login/doctor
[2026-03-07T18:43:17.268Z] [INFO] Route registered: POST /session/login/admin
[2026-03-07T18:43:17.268Z] [INFO] Route registered: POST /session/logout
[2026-03-07T18:43:17.268Z] [INFO] Route registered: GET /db/private/users
[2026-03-07T18:43:17.269Z] [INFO] Route registered: GET /db/private/doctors
[2026-03-07T18:43:17.269Z] [INFO] Route registered: GET /db/private/admins
[2026-03-07T18:43:17.269Z] [INFO] Route registered: GET /db/private/visits/user
[2026-03-07T18:43:17.269Z] [INFO] Route registered: GET /db/private/visits/doctor
[2026-03-07T18:43:17.269Z] [INFO] Route registered: GET /db/private/visits/externalDoctor
[2026-03-07T18:43:17.269Z] [INFO] Route registered: GET /db/private/specs
[2026-03-07T18:43:17.269Z] [INFO] Route registered: GET /db/private/doctors/spec
[2026-03-07T18:43:22.999Z] [INFO] Route registered: GET /health
[2026-03-07T18:43:23.001Z] [INFO] Route registered: GET /auth/me
[2026-03-07T18:43:23.001Z] [INFO] Route registered: POST /session/login/user
[2026-03-07T18:43:23.001Z] [INFO] Route registered: POST /session/login/doctor
[2026-03-07T18:43:23.001Z] [INFO] Route registered: POST /session/login/admin
[2026-03-07T18:43:23.002Z] [INFO] Route registered: POST /session/logout
[2026-03-07T18:43:23.002Z] [INFO] Route registered: GET /db/private/users
[2026-03-07T18:43:23.002Z] [INFO] Route registered: GET /db/private/doctors
[2026-03-07T18:43:23.002Z] [INFO] Route registered: GET /db/private/admins
[2026-03-07T18:43:23.002Z] [INFO] Route registered: GET /db/private/visits/user
[2026-03-07T18:43:23.002Z] [INFO] Route registered: GET /db/private/visits/doctor
[2026-03-07T18:43:23.003Z] [INFO] Route registered: GET /db/private/visits/externalDoctor
[2026-03-07T18:43:23.003Z] [INFO] Route registered: GET /db/private/specs
[2026-03-07T18:43:23.003Z] [INFO] Route registered: GET /db/private/doctors/spec
[2026-03-07T18:43:42.756Z] [INFO] Route registered: GET /health
[2026-03-07T18:43:42.757Z] [INFO] Route registered: GET /auth/me
[2026-03-07T18:43:42.757Z] [INFO] Route registered: POST /session/login/user
[2026-03-07T18:43:42.757Z] [INFO] Route registered: POST /session/login/doctor
[2026-03-07T18:43:42.757Z] [INFO] Route registered: POST /session/login/admin
[2026-03-07T18:43:42.758Z] [INFO] Route registered: POST /session/logout
[2026-03-07T18:43:42.758Z] [INFO] Route registered: GET /db/private/users
[2026-03-07T18:43:42.758Z] [INFO] Route registered: GET /db/private/doctors
[2026-03-07T18:43:42.759Z] [INFO] Route registered: GET /db/private/admins
[2026-03-07T18:43:42.759Z] [INFO] Route registered: GET /db/private/visits/user
[2026-03-07T18:43:42.759Z] [INFO] Route registered: GET /db/private/visits/doctor
[2026-03-07T18:43:42.759Z] [INFO] Route registered: GET /db/private/visits/externalDoctor
[2026-03-07T18:43:42.759Z] [INFO] Route registered: GET /db/private/specs
[2026-03-07T18:43:42.759Z] [INFO] Route registered: GET /db/private/doctors/spec
[2026-03-07T18:43:55.858Z] [INFO] Route registered: GET /health
[2026-03-07T18:43:55.858Z] [INFO] Route registered: GET /auth/me
[2026-03-07T18:43:55.859Z] [INFO] Route registered: POST /session/login/user
[2026-03-07T18:43:55.859Z] [INFO] Route registered: POST /session/login/doctor
[2026-03-07T18:43:55.859Z] [INFO] Route registered: POST /session/login/admin
[2026-03-07T18:43:55.859Z] [INFO] Route registered: POST /session/logout
[2026-03-07T18:43:55.859Z] [INFO] Route registered: GET /db/private/users
[2026-03-07T18:43:55.859Z] [INFO] Route registered: GET /db/private/doctors
[2026-03-07T18:43:55.860Z] [INFO] Route registered: GET /db/private/admins
[2026-03-07T18:43:55.860Z] [INFO] Route registered: GET /db/private/visits/user
[2026-03-07T18:43:55.860Z] [INFO] Route registered: GET /db/private/visits/doctor
[2026-03-07T18:43:55.860Z] [INFO] Route registered: GET /db/private/visits/externalDoctor
[2026-03-07T18:43:55.860Z] [INFO] Route registered: GET /db/private/specs
[2026-03-07T18:43:55.860Z] [INFO] Route registered: GET /db/private/doctors/spec
[2026-03-07T18:43:57.597Z] [INFO] Route registered: GET /health
[2026-03-07T18:43:57.598Z] [INFO] Route registered: GET /auth/me
[2026-03-07T18:43:57.598Z] [INFO] Route registered: POST /session/login/user
[2026-03-07T18:43:57.599Z] [INFO] Route registered: POST /session/login/doctor
[2026-03-07T18:43:57.599Z] [INFO] Route registered: POST /session/login/admin
[2026-03-07T18:43:57.599Z] [INFO] Route registered: POST /session/logout
[2026-03-07T18:43:57.599Z] [INFO] Route registered: GET /db/private/users
[2026-03-07T18:43:57.599Z] [INFO] Route registered: GET /db/private/doctors
[2026-03-07T18:43:57.599Z] [INFO] Route registered: GET /db/private/admins
[2026-03-07T18:43:57.600Z] [INFO] Route registered: GET /db/private/visits/user
[2026-03-07T18:43:57.600Z] [INFO] Route registered: GET /db/private/visits/doctor
[2026-03-07T18:43:57.600Z] [INFO] Route registered: GET /db/private/visits/externalDoctor
[2026-03-07T18:43:57.600Z] [INFO] Route registered: GET /db/private/specs
[2026-03-07T18:43:57.600Z] [INFO] Route registered: GET /db/private/doctors/spec
[2026-03-07T18:44:50.216Z] [INFO] Route registered: GET /health
[2026-03-07T18:44:50.217Z] [INFO] Route registered: GET /auth/me
[2026-03-07T18:44:50.217Z] [INFO] Route registered: POST /session/login/user
[2026-03-07T18:44:50.217Z] [INFO] Route registered: POST /session/login/doctor
[2026-03-07T18:44:50.217Z] [INFO] Route registered: POST /session/login/admin
[2026-03-07T18:44:50.217Z] [INFO] Route registered: POST /session/logout
[2026-03-07T18:44:50.218Z] [INFO] Route registered: GET /db/private/users
[2026-03-07T18:44:50.218Z] [INFO] Route registered: GET /db/private/doctors
[2026-03-07T18:44:50.218Z] [INFO] Route registered: GET /db/private/admins
[2026-03-07T18:44:50.218Z] [INFO] Route registered: GET /db/private/visits/user
[2026-03-07T18:44:50.218Z] [INFO] Route registered: GET /db/private/visits/doctor
[2026-03-07T18:44:50.218Z] [INFO] Route registered: GET /db/private/visits/externalDoctor
[2026-03-07T18:44:50.219Z] [INFO] Route registered: GET /db/private/specs
[2026-03-07T18:44:50.219Z] [INFO] Route registered: GET /db/private/doctors/spec
[2026-03-07T18:44:55.825Z] [INFO] Route registered: GET /health
[2026-03-07T18:44:55.826Z] [INFO] Route registered: GET /auth/me
[2026-03-07T18:44:55.826Z] [INFO] Route registered: POST /session/login/user
[2026-03-07T18:44:55.826Z] [INFO] Route registered: POST /session/login/doctor
[2026-03-07T18:44:55.827Z] [INFO] Route registered: POST /session/login/admin
[2026-03-07T18:44:55.827Z] [INFO] Route registered: POST /session/logout
[2026-03-07T18:44:55.827Z] [INFO] Route registered: GET /db/private/users
[2026-03-07T18:44:55.827Z] [INFO] Route registered: GET /db/private/doctors
[2026-03-07T18:44:55.827Z] [INFO] Route registered: GET /db/private/admins
[2026-03-07T18:44:55.827Z] [INFO] Route registered: GET /db/private/visits/user
[2026-03-07T18:44:55.828Z] [INFO] Route registered: GET /db/private/visits/doctor
[2026-03-07T18:44:55.828Z] [INFO] Route registered: GET /db/private/visits/externalDoctor
[2026-03-07T18:44:55.828Z] [INFO] Route registered: GET /db/private/specs
[2026-03-07T18:44:55.828Z] [INFO] Route registered: GET /db/private/doctors/spec
[2026-03-07T18:45:11.848Z] [INFO] Route registered: GET /health
[2026-03-07T18:45:11.848Z] [INFO] Route registered: GET /auth/me
[2026-03-07T18:45:11.849Z] [INFO] Route registered: POST /session/login/user
[2026-03-07T18:45:11.849Z] [INFO] Route registered: POST /session/login/doctor
[2026-03-07T18:45:11.849Z] [INFO] Route registered: POST /session/login/admin
[2026-03-07T18:45:11.849Z] [INFO] Route registered: POST /session/logout
[2026-03-07T18:45:11.849Z] [INFO] Route registered: GET /db/private/users
[2026-03-07T18:45:11.850Z] [INFO] Route registered: GET /db/private/doctors
[2026-03-07T18:45:11.850Z] [INFO] Route registered: GET /db/private/admins
[2026-03-07T18:45:11.850Z] [INFO] Route registered: GET /db/private/visits/user
[2026-03-07T18:45:11.850Z] [INFO] Route registered: GET /db/private/visits/doctor
[2026-03-07T18:45:11.850Z] [INFO] Route registered: GET /db/private/visits/externalDoctor
[2026-03-07T18:45:11.850Z] [INFO] Route registered: GET /db/private/specs
[2026-03-07T18:45:11.851Z] [INFO] Route registered: GET /db/private/doctors/spec
[2026-03-07T18:45:13.157Z] [INFO] Route registered: GET /health
[2026-03-07T18:45:13.157Z] [INFO] Route registered: GET /auth/me
[2026-03-07T18:45:13.157Z] [INFO] Route registered: POST /session/login/user
[2026-03-07T18:45:13.158Z] [INFO] Route registered: POST /session/login/doctor
[2026-03-07T18:45:13.158Z] [INFO] Route registered: POST /session/login/admin
[2026-03-07T18:45:13.158Z] [INFO] Route registered: POST /session/logout
[2026-03-07T18:45:13.158Z] [INFO] Route registered: GET /db/private/users
[2026-03-07T18:45:13.158Z] [INFO] Route registered: GET /db/private/doctors
[2026-03-07T18:45:13.158Z] [INFO] Route registered: GET /db/private/admins
[2026-03-07T18:45:13.159Z] [INFO] Route registered: GET /db/private/visits/user
[2026-03-07T18:45:13.159Z] [INFO] Route registered: GET /db/private/visits/doctor
[2026-03-07T18:45:13.160Z] [INFO] Route registered: GET /db/private/visits/externalDoctor
[2026-03-07T18:45:13.160Z] [INFO] Route registered: GET /db/private/specs
[2026-03-07T18:45:13.160Z] [INFO] Route registered: GET /db/private/doctors/spec
[2026-03-07T18:45:15.111Z] [INFO] Route registered: GET /health
[2026-03-07T18:45:15.112Z] [INFO] Route registered: GET /auth/me
[2026-03-07T18:45:15.112Z] [INFO] Route registered: POST /session/login/user
[2026-03-07T18:45:15.112Z] [INFO] Route registered: POST /session/login/doctor
[2026-03-07T18:45:15.113Z] [INFO] Route registered: POST /session/login/admin
[2026-03-07T18:45:15.113Z] [INFO] Route registered: POST /session/logout
[2026-03-07T18:45:15.113Z] [INFO] Route registered: GET /db/private/users
[2026-03-07T18:45:15.113Z] [INFO] Route registered: GET /db/private/doctors
[2026-03-07T18:45:15.113Z] [INFO] Route registered: GET /db/private/admins
[2026-03-07T18:45:15.113Z] [INFO] Route registered: GET /db/private/visits/user
[2026-03-07T18:45:15.113Z] [INFO] Route registered: GET /db/private/visits/doctor
[2026-03-07T18:45:15.113Z] [INFO] Route registered: GET /db/private/visits/externalDoctor
[2026-03-07T18:45:15.113Z] [INFO] Route registered: GET /db/private/specs
[2026-03-07T18:45:15.114Z] [INFO] Route registered: GET /db/private/doctors/spec
[2026-03-07T18:45:18.086Z] [INFO] Route registered: GET /health
[2026-03-07T18:45:18.087Z] [INFO] Route registered: GET /auth/me
[2026-03-07T18:45:18.087Z] [INFO] Route registered: POST /session/login/user
[2026-03-07T18:45:18.087Z] [INFO] Route registered: POST /session/login/doctor
[2026-03-07T18:45:18.087Z] [INFO] Route registered: POST /session/login/admin
[2026-03-07T18:45:18.087Z] [INFO] Route registered: POST /session/logout
[2026-03-07T18:45:18.088Z] [INFO] Route registered: GET /db/private/users
[2026-03-07T18:45:18.088Z] [INFO] Route registered: GET /db/private/doctors
[2026-03-07T18:45:18.088Z] [INFO] Route registered: GET /db/private/admins
[2026-03-07T18:45:18.088Z] [INFO] Route registered: GET /db/private/visits/user
[2026-03-07T18:45:18.088Z] [INFO] Route registered: GET /db/private/visits/doctor
[2026-03-07T18:45:18.088Z] [INFO] Route registered: GET /db/private/visits/externalDoctor
[2026-03-07T18:45:18.088Z] [INFO] Route registered: GET /db/private/specs
[2026-03-07T18:45:18.089Z] [INFO] Route registered: GET /db/private/doctors/spec
[2026-03-07T18:45:24.360Z] [INFO] Route registered: GET /health
[2026-03-07T18:45:24.361Z] [INFO] Route registered: GET /auth/me
[2026-03-07T18:45:24.361Z] [INFO] Route registered: POST /session/login/user
[2026-03-07T18:45:24.361Z] [INFO] Route registered: POST /session/login/doctor
[2026-03-07T18:45:24.361Z] [INFO] Route registered: POST /session/login/admin
[2026-03-07T18:45:24.362Z] [INFO] Route registered: POST /session/logout
[2026-03-07T18:45:24.362Z] [INFO] Route registered: GET /db/private/users
[2026-03-07T18:45:24.362Z] [INFO] Route registered: GET /db/private/doctors
[2026-03-07T18:45:24.362Z] [INFO] Route registered: GET /db/private/admins
[2026-03-07T18:45:24.362Z] [INFO] Route registered: GET /db/private/visits/user
[2026-03-07T18:45:24.362Z] [INFO] Route registered: GET /db/private/visits/doctor
[2026-03-07T18:45:24.363Z] [INFO] Route registered: GET /db/private/visits/externalDoctor
[2026-03-07T18:45:24.363Z] [INFO] Route registered: GET /db/private/specs
[2026-03-07T18:45:24.363Z] [INFO] Route registered: GET /db/private/doctors/spec
[2026-03-07T18:45:27.258Z] [INFO] Route registered: GET /health
[2026-03-07T18:45:27.259Z] [INFO] Route registered: GET /auth/me
[2026-03-07T18:45:27.259Z] [INFO] Route registered: POST /session/login/user
[2026-03-07T18:45:27.259Z] [INFO] Route registered: POST /session/login/doctor
[2026-03-07T18:45:27.259Z] [INFO] Route registered: POST /session/login/admin
[2026-03-07T18:45:27.259Z] [INFO] Route registered: POST /session/logout
[2026-03-07T18:45:27.260Z] [INFO] Route registered: GET /db/private/users
[2026-03-07T18:45:27.260Z] [INFO] Route registered: GET /db/private/doctors
[2026-03-07T18:45:27.260Z] [INFO] Route registered: GET /db/private/admins
[2026-03-07T18:45:27.260Z] [INFO] Route registered: GET /db/private/visits/user
[2026-03-07T18:45:27.260Z] [INFO] Route registered: GET /db/private/visits/doctor
[2026-03-07T18:45:27.260Z] [INFO] Route registered: GET /db/private/visits/externalDoctor
[2026-03-07T18:45:27.260Z] [INFO] Route registered: GET /db/private/specs
[2026-03-07T18:45:27.260Z] [INFO] Route registered: GET /db/private/doctors/spec
[2026-03-07T18:45:33.216Z] [INFO] Route registered: GET /health
[2026-03-07T18:45:33.217Z] [INFO] Route registered: GET /auth/me
[2026-03-07T18:45:33.218Z] [INFO] Route registered: POST /session/login/user
[2026-03-07T18:45:33.218Z] [INFO] Route registered: POST /session/login/doctor
[2026-03-07T18:45:33.218Z] [INFO] Route registered: POST /session/login/admin
[2026-03-07T18:45:33.218Z] [INFO] Route registered: POST /session/logout
[2026-03-07T18:45:33.218Z] [INFO] Route registered: GET /db/private/users
[2026-03-07T18:45:33.218Z] [INFO] Route registered: GET /db/private/doctors
[2026-03-07T18:45:33.218Z] [INFO] Route registered: GET /db/private/admins
[2026-03-07T18:45:33.219Z] [INFO] Route registered: GET /db/private/visits/user
[2026-03-07T18:45:33.219Z] [INFO] Route registered: GET /db/private/visits/doctor
[2026-03-07T18:45:33.220Z] [INFO] Route registered: GET /db/private/visits/externalDoctor
[2026-03-07T18:45:33.220Z] [INFO] Route registered: GET /db/private/specs
[2026-03-07T18:45:33.220Z] [INFO] Route registered: GET /db/private/doctors/spec
[2026-03-07T18:45:35.202Z] [INFO] Route registered: GET /health
[2026-03-07T18:45:35.203Z] [INFO] Route registered: GET /auth/me
[2026-03-07T18:45:35.204Z] [INFO] Route registered: POST /session/login/user
[2026-03-07T18:45:35.204Z] [INFO] Route registered: POST /session/login/doctor
[2026-03-07T18:45:35.204Z] [INFO] Route registered: POST /session/login/admin
[2026-03-07T18:45:35.204Z] [INFO] Route registered: POST /session/logout
[2026-03-07T18:45:35.205Z] [INFO] Route registered: GET /db/private/users
[2026-03-07T18:45:35.205Z] [INFO] Route registered: GET /db/private/doctors
[2026-03-07T18:45:35.205Z] [INFO] Route registered: GET /db/private/admins
[2026-03-07T18:45:35.205Z] [INFO] Route registered: GET /db/private/visits/user
[2026-03-07T18:45:35.205Z] [INFO] Route registered: GET /db/private/visits/doctor
[2026-03-07T18:45:35.205Z] [INFO] Route registered: GET /db/private/visits/externalDoctor
[2026-03-07T18:45:35.206Z] [INFO] Route registered: GET /db/private/specs
[2026-03-07T18:45:35.206Z] [INFO] Route registered: GET /db/private/doctors/spec
[2026-03-07T18:45:56.520Z] [INFO] Route registered: GET /health
[2026-03-07T18:45:56.521Z] [INFO] Route registered: GET /auth/me
[2026-03-07T18:45:56.521Z] [INFO] Route registered: POST /session/login/user
[2026-03-07T18:45:56.521Z] [INFO] Route registered: POST /session/login/doctor
[2026-03-07T18:45:56.522Z] [INFO] Route registered: POST /session/login/admin
[2026-03-07T18:45:56.522Z] [INFO] Route registered: POST /session/logout
[2026-03-07T18:45:56.522Z] [INFO] Route registered: GET /db/private/users
[2026-03-07T18:45:56.522Z] [INFO] Route registered: GET /db/private/doctors
[2026-03-07T18:45:56.522Z] [INFO] Route registered: GET /db/private/admins
[2026-03-07T18:45:56.522Z] [INFO] Route registered: GET /db/private/visits/user
[2026-03-07T18:45:56.523Z] [INFO] Route registered: GET /db/private/visits/doctor
[2026-03-07T18:45:56.523Z] [INFO] Route registered: GET /db/private/visits/externalDoctor
[2026-03-07T18:45:56.523Z] [INFO] Route registered: GET /db/private/specs
[2026-03-07T18:45:56.523Z] [INFO] Route registered: GET /db/private/doctors/spec
[2026-03-07T18:46:01.608Z] [INFO] Route registered: GET /health
[2026-03-07T18:46:01.609Z] [INFO] Route registered: GET /auth/me
[2026-03-07T18:46:01.609Z] [INFO] Route registered: POST /session/login/user
[2026-03-07T18:46:01.609Z] [INFO] Route registered: POST /session/login/doctor
[2026-03-07T18:46:01.610Z] [INFO] Route registered: POST /session/login/admin
[2026-03-07T18:46:01.610Z] [INFO] Route registered: POST /session/logout
[2026-03-07T18:46:01.610Z] [INFO] Route registered: GET /db/private/users
[2026-03-07T18:46:01.610Z] [INFO] Route registered: GET /db/private/doctors
[2026-03-07T18:46:01.610Z] [INFO] Route registered: GET /db/private/admins
[2026-03-07T18:46:01.610Z] [INFO] Route registered: GET /db/private/visits/user
[2026-03-07T18:46:01.611Z] [INFO] Route registered: GET /db/private/visits/doctor
[2026-03-07T18:46:01.611Z] [INFO] Route registered: GET /db/private/visits/externalDoctor
[2026-03-07T18:46:01.611Z] [INFO] Route registered: GET /db/private/specs
[2026-03-07T18:46:01.611Z] [INFO] Route registered: GET /db/private/doctors/spec
[2026-03-07T18:46:03.145Z] [INFO] Route registered: GET /health
[2026-03-07T18:46:03.146Z] [INFO] Route registered: GET /auth/me
[2026-03-07T18:46:03.146Z] [INFO] Route registered: POST /session/login/user
[2026-03-07T18:46:03.146Z] [INFO] Route registered: POST /session/login/doctor
[2026-03-07T18:46:03.146Z] [INFO] Route registered: POST /session/login/admin
[2026-03-07T18:46:03.147Z] [INFO] Route registered: POST /session/logout
[2026-03-07T18:46:03.147Z] [INFO] Route registered: GET /db/private/users
[2026-03-07T18:46:03.147Z] [INFO] Route registered: GET /db/private/doctors
[2026-03-07T18:46:03.147Z] [INFO] Route registered: GET /db/private/admins
[2026-03-07T18:46:03.147Z] [INFO] Route registered: GET /db/private/visits/user
[2026-03-07T18:46:03.148Z] [INFO] Route registered: GET /db/private/visits/doctor
[2026-03-07T18:46:03.148Z] [INFO] Route registered: GET /db/private/visits/externalDoctor
[2026-03-07T18:46:03.148Z] [INFO] Route registered: GET /db/private/specs
[2026-03-07T18:46:03.148Z] [INFO] Route registered: GET /db/private/doctors/spec
[2026-03-07T18:49:37.690Z] [INFO] Route registered: GET /health
[2026-03-07T18:49:37.691Z] [INFO] Route registered: GET /auth/me
[2026-03-07T18:49:37.691Z] [INFO] Route registered: POST /session/login/user
[2026-03-07T18:49:37.691Z] [INFO] Route registered: POST /session/login/doctor
[2026-03-07T18:49:37.692Z] [INFO] Route registered: POST /session/login/admin
[2026-03-07T18:49:37.692Z] [INFO] Route registered: POST /session/logout
[2026-03-07T18:49:37.692Z] [INFO] Route registered: GET /db/private/users
[2026-03-07T18:49:37.692Z] [INFO] Route registered: GET /db/private/doctors
[2026-03-07T18:49:37.692Z] [INFO] Route registered: GET /db/private/admins
[2026-03-07T18:49:37.692Z] [INFO] Route registered: GET /db/private/visits/user
[2026-03-07T18:49:37.693Z] [INFO] Route registered: GET /db/private/visits/doctor
[2026-03-07T18:49:37.693Z] [INFO] Route registered: GET /db/private/visits/externalDoctor
[2026-03-07T18:49:37.693Z] [INFO] Route registered: GET /db/private/specs
[2026-03-07T18:49:37.694Z] [INFO] Route registered: GET /db/private/doctors/spec
[2026-03-07T18:49:44.137Z] [INFO] Route registered: GET /health
[2026-03-07T18:49:44.138Z] [INFO] Route registered: GET /auth/me
[2026-03-07T18:49:44.139Z] [INFO] Route registered: POST /session/login/user
[2026-03-07T18:49:44.139Z] [INFO] Route registered: POST /session/login/doctor
[2026-03-07T18:49:44.139Z] [INFO] Route registered: POST /session/login/admin
[2026-03-07T18:49:44.139Z] [INFO] Route registered: POST /session/logout
[2026-03-07T18:49:44.140Z] [INFO] Route registered: GET /db/private/users
[2026-03-07T18:49:44.140Z] [INFO] Route registered: GET /db/private/doctors
[2026-03-07T18:49:44.140Z] [INFO] Route registered: GET /db/private/admins
[2026-03-07T18:49:44.140Z] [INFO] Route registered: GET /db/private/visits/user
[2026-03-07T18:49:44.140Z] [INFO] Route registered: GET /db/private/visits/doctor
[2026-03-07T18:49:44.140Z] [INFO] Route registered: GET /db/private/visits/externalDoctor
[2026-03-07T18:49:44.141Z] [INFO] Route registered: GET /db/private/specs
[2026-03-07T18:49:44.141Z] [INFO] Route registered: GET /db/private/doctors/spec
[2026-03-07T18:49:50.333Z] [INFO] Route registered: GET /health
[2026-03-07T18:49:50.334Z] [INFO] Route registered: GET /auth/me
[2026-03-07T18:49:50.334Z] [INFO] Route registered: POST /session/login/user
[2026-03-07T18:49:50.334Z] [INFO] Route registered: POST /session/login/doctor
[2026-03-07T18:49:50.334Z] [INFO] Route registered: POST /session/login/admin
[2026-03-07T18:49:50.334Z] [INFO] Route registered: POST /session/logout
[2026-03-07T18:49:50.335Z] [INFO] Route registered: GET /db/private/users
[2026-03-07T18:49:50.335Z] [INFO] Route registered: GET /db/private/doctors
[2026-03-07T18:49:50.335Z] [INFO] Route registered: GET /db/private/admins
[2026-03-07T18:49:50.335Z] [INFO] Route registered: GET /db/private/visits/user
[2026-03-07T18:49:50.335Z] [INFO] Route registered: GET /db/private/visits/doctor
[2026-03-07T18:49:50.335Z] [INFO] Route registered: GET /db/private/visits/externalDoctor
[2026-03-07T18:49:50.336Z] [INFO] Route registered: GET /db/private/specs
[2026-03-07T18:49:50.336Z] [INFO] Route registered: GET /db/private/doctors/spec
